TN:
SF:packages-content-model/roosterjs-content-model-dom/lib/index.ts
FN:1,(anonymous_0)
FN:2,(anonymous_1)
FN:5,(anonymous_2)
FN:6,(anonymous_3)
FN:7,(anonymous_4)
FN:9,(anonymous_5)
FN:10,(anonymous_6)
FN:11,(anonymous_7)
FN:12,(anonymous_8)
FN:13,(anonymous_9)
FN:15,(anonymous_10)
FN:15,(anonymous_11)
FN:16,(anonymous_12)
FN:17,(anonymous_13)
FN:19,(anonymous_14)
FN:20,(anonymous_15)
FN:21,(anonymous_16)
FN:22,(anonymous_17)
FN:23,(anonymous_18)
FN:24,(anonymous_19)
FN:25,(anonymous_20)
FN:26,(anonymous_21)
FN:27,(anonymous_22)
FN:28,(anonymous_23)
FN:29,(anonymous_24)
FN:30,(anonymous_25)
FN:31,(anonymous_26)
FN:32,(anonymous_27)
FN:33,(anonymous_28)
FN:34,(anonymous_29)
FN:36,(anonymous_30)
FN:37,(anonymous_31)
FN:38,(anonymous_32)
FN:39,(anonymous_33)
FN:41,(anonymous_34)
FN:42,(anonymous_35)
FN:43,(anonymous_36)
FN:44,(anonymous_37)
FN:45,(anonymous_38)
FN:46,(anonymous_39)
FN:47,(anonymous_40)
FN:49,(anonymous_41)
FN:51,(anonymous_42)
FN:52,(anonymous_43)
FN:53,(anonymous_44)
FN:56,(anonymous_45)
FN:57,(anonymous_46)
FN:58,(anonymous_47)
FN:61,(anonymous_48)
FN:62,(anonymous_49)
FN:63,(anonymous_50)
FNF:51
FNH:48
FNDA:120,(anonymous_0)
FNDA:97,(anonymous_1)
FNDA:0,(anonymous_2)
FNDA:0,(anonymous_3)
FNDA:10,(anonymous_4)
FNDA:1,(anonymous_5)
FNDA:13,(anonymous_6)
FNDA:10,(anonymous_7)
FNDA:63,(anonymous_8)
FNDA:9,(anonymous_9)
FNDA:168,(anonymous_10)
FNDA:8,(anonymous_11)
FNDA:5,(anonymous_12)
FNDA:109,(anonymous_13)
FNDA:87,(anonymous_14)
FNDA:149,(anonymous_15)
FNDA:72,(anonymous_16)
FNDA:988,(anonymous_17)
FNDA:280,(anonymous_18)
FNDA:195,(anonymous_19)
FNDA:752,(anonymous_20)
FNDA:610,(anonymous_21)
FNDA:44,(anonymous_22)
FNDA:634,(anonymous_23)
FNDA:3,(anonymous_24)
FNDA:19,(anonymous_25)
FNDA:8,(anonymous_26)
FNDA:29,(anonymous_27)
FNDA:41,(anonymous_28)
FNDA:143,(anonymous_29)
FNDA:39,(anonymous_30)
FNDA:7,(anonymous_31)
FNDA:26,(anonymous_32)
FNDA:0,(anonymous_33)
FNDA:97,(anonymous_34)
FNDA:142,(anonymous_35)
FNDA:3,(anonymous_36)
FNDA:117,(anonymous_37)
FNDA:71,(anonymous_38)
FNDA:22,(anonymous_39)
FNDA:19,(anonymous_40)
FNDA:135,(anonymous_41)
FNDA:53,(anonymous_42)
FNDA:441,(anonymous_43)
FNDA:40,(anonymous_44)
FNDA:139,(anonymous_45)
FNDA:28,(anonymous_46)
FNDA:45,(anonymous_47)
FNDA:110,(anonymous_48)
FNDA:23,(anonymous_49)
FNDA:45,(anonymous_50)
DA:1,121
DA:2,98
DA:4,1
DA:5,1
DA:6,1
DA:7,11
DA:9,2
DA:10,14
DA:11,11
DA:12,64
DA:13,10
DA:15,169
DA:16,6
DA:17,110
DA:19,88
DA:20,150
DA:21,73
DA:22,989
DA:23,281
DA:24,196
DA:25,753
DA:26,611
DA:27,45
DA:28,635
DA:29,4
DA:30,20
DA:31,9
DA:32,30
DA:33,42
DA:34,144
DA:36,40
DA:37,8
DA:38,27
DA:39,1
DA:41,98
DA:42,143
DA:43,4
DA:44,118
DA:45,72
DA:46,23
DA:47,20
DA:49,136
DA:51,54
DA:52,442
DA:53,41
DA:55,1
DA:56,140
DA:57,29
DA:58,46
DA:60,1
DA:61,111
DA:62,24
DA:63,46
LF:53
LH:53
BRF:0
BRH:0
end_of_record
TN:
SF:packages-content-model/roosterjs-content-model-dom/lib/config/defaultContentModelFormatMap.ts
FNF:0
FNH:0
DA:7,1
LF:1
LH:1
BRF:0
BRH:0
end_of_record
TN:
SF:packages-content-model/roosterjs-content-model-dom/lib/config/defaultHTMLStyleMap.ts
FNF:0
FNH:0
DA:3,1
DA:10,1
LF:2
LH:2
BRF:0
BRH:0
end_of_record
TN:
SF:packages-content-model/roosterjs-content-model-dom/lib/domToModel/domToContentModel.ts
FN:13,domToContentModel
FNF:1
FNH:1
FNDA:142,domToContentModel
DA:1,1
DA:2,1
DA:13,1
DA:18,142
DA:20,142
DA:21,142
DA:23,142
DA:25,142
LF:8
LH:8
BRF:0
BRH:0
end_of_record
TN:
SF:packages-content-model/roosterjs-content-model-dom/lib/domToModel/context/createDomToModelContext.ts
FN:26,createDomToModelContext
FN:38,createDomToModelContextWithConfig
FN:52,createDomToModelSelectionContext
FN:56,createDomToModelFormatContext
FN:70,createDomToModelDecoratorContext
FN:90,createDomToModelConfig
FN:97,(anonymous_6)
FN:100,(anonymous_7)
FN:101,(anonymous_8)
FN:115,buildFormatParsers
FN:121,(anonymous_10)
FN:124,(anonymous_11)
FN:131,(anonymous_12)
FNF:13
FNH:13
FNDA:592,createDomToModelContext
FNDA:612,createDomToModelContextWithConfig
FNDA:612,createDomToModelSelectionContext
FNDA:612,createDomToModelFormatContext
FNDA:612,createDomToModelDecoratorContext
FNDA:629,createDomToModelConfig
FNDA:277,(anonymous_6)
FNDA:277,(anonymous_7)
FNDA:277,(anonymous_8)
FNDA:632,buildFormatParsers
FNDA:13272,(anonymous_10)
FNDA:77104,(anonymous_11)
FNDA:5817,(anonymous_12)
DA:1,1
DA:2,1
DA:3,1
DA:26,1
DA:28,1387
DA:30,592
DA:38,1
DA:42,612
DA:53,612
DA:57,612
DA:59,612
DA:71,612
DA:90,1
DA:93,629
DA:97,277
DA:100,277
DA:101,277
DA:115,1
DA:116,635
DA:117,635
DA:119,632
DA:121,632
DA:122,13272
DA:125,77104
DA:131,5817
DA:135,13272
DA:137,13272
LF:27
LH:27
BRDA:46,0,0,585
BRDA:46,0,1,27
BRDA:46,1,0,612
BRDA:46,1,1,612
BRDA:57,2,0,0
BRDA:57,2,1,612
BRDA:97,3,0,44
BRDA:97,3,1,233
BRDA:97,4,0,277
BRDA:97,4,1,277
BRDA:100,5,0,44
BRDA:100,5,1,233
BRDA:100,6,0,277
BRDA:100,6,1,277
BRDA:101,7,0,44
BRDA:101,7,1,233
BRDA:101,8,0,277
BRDA:101,8,1,277
BRDA:116,9,0,3
BRDA:116,9,1,629
BRDA:117,10,0,3
BRDA:117,10,1,629
BRDA:126,11,0,77086
BRDA:126,11,1,18
BRDA:131,12,0,265
BRDA:131,12,1,5552
BRDA:131,13,0,5817
BRDA:131,13,1,5817
BRDA:131,14,0,4179
BRDA:131,14,1,1638
BRDA:131,15,0,5817
BRDA:131,15,1,5817
BRF:32
BRH:31
end_of_record
TN:
SF:packages-content-model/roosterjs-content-model-dom/lib/domToModel/context/defaultProcessors.ts
FNF:0
FNH:0
DA:1,1
DA:2,1
DA:3,1
DA:4,1
DA:5,1
DA:6,1
DA:7,1
DA:8,1
DA:9,1
DA:10,1
DA:11,1
DA:12,1
DA:13,1
DA:14,1
DA:15,1
DA:16,1
DA:17,1
DA:18,1
DA:19,1
DA:25,1
LF:20
LH:20
BRF:0
BRH:0
end_of_record
TN:
SF:packages-content-model/roosterjs-content-model-dom/lib/domToModel/processors/blockProcessor.ts
FN:16,blockProcessor
FN:31,(anonymous_1)
FNF:2
FNH:2
FNDA:185,blockProcessor
FNDA:740,(anonymous_1)
DA:1,1
DA:2,1
DA:3,1
DA:4,1
DA:11,1
DA:16,1
DA:22,185
DA:23,185
DA:25,185
DA:27,185
DA:29,185
DA:31,185
DA:32,740
DA:33,61
DA:37,185
DA:38,181
DA:45,181
DA:48,185
LF:18
LH:18
BRDA:22,0,0,64
BRDA:22,0,1,121
BRDA:32,1,0,61
BRDA:32,1,1,679
BRDA:37,2,0,181
BRDA:37,2,1,4
BRF:6
BRH:6
end_of_record
TN:
SF:packages-content-model/roosterjs-content-model-dom/lib/domToModel/processors/brProcessor.ts
FN:8,(anonymous_0)
FNF:1
FNH:1
FNDA:27,(anonymous_0)
DA:1,1
DA:2,1
DA:8,1
DA:9,27
DA:11,27
DA:12,0
DA:15,27
DA:16,27
LF:8
LH:7
BRDA:11,0,0,0
BRDA:11,0,1,27
BRDA:16,1,0,26
BRDA:16,1,1,1
BRDA:16,2,0,27
BRDA:16,2,1,27
BRF:6
BRH:5
end_of_record
TN:
SF:packages-content-model/roosterjs-content-model-dom/lib/domToModel/processors/childProcessor.ts
FN:17,(anonymous_0)
FN:43,processChildNode
FN:63,handleRegularSelection
FNF:3
FNH:3
FNDA:875,(anonymous_0)
FNDA:1076,processChildNode
FNDA:1944,handleRegularSelection
DA:1,1
DA:2,1
DA:3,1
DA:17,1
DA:22,875
DA:23,875
DA:25,875
DA:26,1066
DA:28,1066
DA:30,1066
DA:33,875
DA:43,1
DA:48,1076
DA:49,705
DA:50,371
DA:51,343
DA:63,1
DA:70,1944
DA:71,27
DA:73,27
DA:76,1944
DA:77,25
DA:78,2
DA:80,25
LF:24
LH:24
BRDA:48,0,0,705
BRDA:48,0,1,371
BRDA:48,1,0,1076
BRDA:48,1,1,705
BRDA:50,2,0,343
BRDA:50,2,1,28
BRDA:70,3,0,27
BRDA:70,3,1,1917
BRDA:76,4,0,25
BRDA:76,4,1,1919
BRDA:76,5,0,1944
BRDA:76,5,1,25
BRDA:76,6,0,0
BRDA:76,6,1,25
BRDA:76,7,0,25
BRDA:76,7,1,25
BRDA:77,8,0,2
BRDA:77,8,1,23
BRF:18
BRH:17
end_of_record
TN:
SF:packages-content-model/roosterjs-content-model-dom/lib/domToModel/processors/codeProcessor.ts
FN:9,(anonymous_0)
FN:10,(anonymous_1)
FNF:2
FNH:2
FNDA:4,(anonymous_0)
FNDA:4,(anonymous_1)
DA:1,1
DA:2,1
DA:3,1
DA:9,1
DA:10,4
DA:11,4
DA:13,4
LF:7
LH:7
BRF:0
BRH:0
end_of_record
TN:
SF:packages-content-model/roosterjs-content-model-dom/lib/domToModel/processors/delimiterProcessor.ts
FN:11,(anonymous_0)
FNF:1
FNH:1
FNDA:4,(anonymous_0)
DA:1,1
DA:2,1
DA:11,1
DA:12,4
DA:13,4
DA:15,4
DA:16,2
DA:18,2
DA:19,2
DA:22,4
LF:10
LH:10
BRF:0
BRH:0
end_of_record
TN:
SF:packages-content-model/roosterjs-content-model-dom/lib/domToModel/processors/elementProcessor.ts
FN:14,(anonymous_0)
FN:24,tryGetProcessorForEntity
FN:31,tryGetProcessorForDelimiter
FNF:3
FNH:3
FNDA:594,(anonymous_0)
FNDA:594,tryGetProcessorForEntity
FNDA:592,tryGetProcessorForDelimiter
DA:1,1
DA:14,1
DA:15,594
DA:16,594
DA:21,594
DA:25,594
DA:32,592
LF:7
LH:7
BRDA:16,0,0,594
BRDA:16,0,1,592
BRDA:16,0,2,591
BRDA:16,0,3,6
BRDA:16,0,4,4
BRDA:16,0,5,2
BRDA:27,1,0,2
BRDA:27,1,1,592
BRDA:25,2,0,594
BRDA:25,2,1,185
BRDA:25,2,2,593
BRDA:32,3,0,1
BRDA:32,3,1,591
BRF:13
BRH:13
end_of_record
TN:
SF:packages-content-model/roosterjs-content-model-dom/lib/domToModel/processors/entityProcessor.ts
FN:15,(anonymous_0)
FN:25,(anonymous_1)
FNF:2
FNH:2
FNDA:8,(anonymous_0)
FNDA:8,(anonymous_1)
DA:1,1
DA:2,1
DA:3,1
DA:4,1
DA:5,1
DA:6,1
DA:15,1
DA:16,8
DA:19,8
DA:20,8
DA:22,8
DA:26,8
DA:29,8
DA:30,2
DA:33,8
DA:34,4
DA:36,4
DA:37,4
LF:18
LH:18
BRDA:19,0,0,8
BRDA:19,0,1,3
BRDA:24,1,0,4
BRDA:24,1,1,4
BRDA:29,2,0,2
BRDA:29,2,1,6
BRDA:33,3,0,4
BRDA:33,3,1,4
BRDA:37,4,0,3
BRDA:37,4,1,1
BRDA:37,5,0,4
BRDA:37,5,1,4
BRF:12
BRH:12
end_of_record
TN:
SF:packages-content-model/roosterjs-content-model-dom/lib/domToModel/processors/fontProcessor.ts
FN:8,getFontSize
FN:25,(anonymous_1)
FN:31,(anonymous_2)
FNF:3
FNH:3
FNDA:7,getFontSize
FNDA:7,(anonymous_1)
FNDA:7,(anonymous_2)
DA:1,1
DA:2,1
DA:3,1
DA:6,1
DA:9,7
DA:11,7
DA:12,3
DA:13,4
DA:14,0
DA:15,4
DA:16,1
DA:18,3
DA:25,1
DA:26,7
DA:32,7
DA:33,7
DA:34,7
DA:35,7
DA:37,7
DA:38,3
DA:41,7
DA:42,4
DA:45,7
DA:46,3
DA:49,7
DA:51,7
LF:26
LH:25
BRDA:9,0,0,7
BRDA:9,0,1,3
BRDA:11,1,0,3
BRDA:11,1,1,4
BRDA:13,2,0,0
BRDA:13,2,1,4
BRDA:15,3,0,1
BRDA:15,3,1,3
BRDA:29,4,0,0
BRDA:29,4,1,7
BRDA:37,5,0,3
BRDA:37,5,1,4
BRDA:41,6,0,4
BRDA:41,6,1,3
BRDA:45,7,0,3
BRDA:45,7,1,4
BRF:16
BRH:14
end_of_record
TN:
SF:packages-content-model/roosterjs-content-model-dom/lib/domToModel/processors/formatContainerProcessor.ts
FN:30,(anonymous_0)
FN:35,(anonymous_1)
FN:54,(anonymous_2)
FN:86,shouldFallbackToParagraph
FNF:4
FNH:4
FNDA:45,(anonymous_0)
FNDA:45,(anonymous_1)
FNDA:180,(anonymous_2)
FNDA:45,shouldFallbackToParagraph
DA:1,1
DA:2,1
DA:3,1
DA:4,1
DA:5,1
DA:6,1
DA:7,1
DA:20,1
DA:30,1
DA:35,45
DA:36,45
DA:37,45
DA:39,45
DA:43,45
DA:46,45
DA:49,45
DA:54,45
DA:55,180
DA:58,45
DA:60,45
DA:61,2
DA:64,45
DA:67,6
DA:69,6
DA:70,1
DA:75,6
DA:76,6
DA:77,6
DA:79,39
DA:83,45
DA:87,45
DA:89,45
LF:32
LH:32
BRDA:47,0,0,43
BRDA:47,0,1,2
BRDA:60,1,0,2
BRDA:60,1,1,43
BRDA:60,2,0,45
BRDA:60,2,1,7
BRDA:64,3,0,6
BRDA:64,3,1,39
BRDA:69,4,0,1
BRDA:69,4,1,5
BRDA:90,5,0,45
BRDA:90,5,1,30
BRDA:90,5,2,9
BRDA:90,5,3,6
BRF:14
BRH:14
end_of_record
TN:
SF:packages-content-model/roosterjs-content-model-dom/lib/domToModel/processors/generalProcessor.ts
FN:10,(anonymous_0)
FN:21,(anonymous_1)
FN:33,(anonymous_2)
FN:47,(anonymous_3)
FN:60,(anonymous_4)
FNF:5
FNH:5
FNDA:13,(anonymous_0)
FNDA:13,(anonymous_1)
FNDA:7,(anonymous_2)
FNDA:7,(anonymous_3)
FNDA:20,(anonymous_4)
DA:1,1
DA:2,1
DA:3,1
DA:4,1
DA:5,1
DA:6,1
DA:7,1
DA:10,1
DA:11,13
DA:12,13
DA:14,13
DA:22,13
DA:24,13
DA:28,13
DA:29,0
DA:33,1
DA:34,7
DA:35,7
DA:37,7
DA:38,7
DA:39,7
DA:41,7
DA:48,7
DA:52,7
DA:53,1
DA:60,1
DA:61,20
DA:65,20
LF:28
LH:27
BRDA:28,0,0,0
BRDA:28,0,1,13
BRDA:28,1,0,13
BRDA:28,1,1,0
BRDA:39,2,0,6
BRDA:39,2,1,1
BRDA:39,3,0,7
BRDA:39,3,1,7
BRDA:52,4,0,1
BRDA:52,4,1,6
BRDA:52,5,0,7
BRDA:52,5,1,2
BRDA:62,6,0,13
BRDA:62,6,1,7
BRF:14
BRH:12
end_of_record
TN:
SF:packages-content-model/roosterjs-content-model-dom/lib/domToModel/processors/headingProcessor.ts
FN:13,(anonymous_0)
FN:17,(anonymous_1)
FN:25,(anonymous_2)
FNF:3
FNH:3
FNDA:7,(anonymous_0)
FNDA:7,(anonymous_1)
FNDA:15,(anonymous_2)
DA:1,1
DA:2,1
DA:3,1
DA:4,1
DA:5,1
DA:6,1
DA:7,1
DA:13,1
DA:14,7
DA:18,7
DA:20,7
DA:25,7
DA:26,15
DA:29,7
DA:31,7
DA:35,7
LF:16
LH:16
BRF:0
BRH:0
end_of_record
TN:
SF:packages-content-model/roosterjs-content-model-dom/lib/domToModel/processors/hrProcessor.ts
FN:10,(anonymous_0)
FN:16,(anonymous_1)
FNF:2
FNH:2
FNDA:4,(anonymous_0)
FNDA:4,(anonymous_1)
DA:1,1
DA:2,1
DA:3,1
DA:4,1
DA:10,1
DA:11,4
DA:17,4
DA:19,4
DA:21,4
DA:22,1
DA:25,4
DA:26,1
DA:29,4
LF:13
LH:13
BRDA:21,0,0,1
BRDA:21,0,1,3
BRDA:25,1,0,1
BRDA:25,1,1,3
BRF:4
BRH:4
end_of_record
TN:
SF:packages-content-model/roosterjs-content-model-dom/lib/domToModel/processors/imageProcessor.ts
FN:12,(anonymous_0)
FN:13,(anonymous_1)
FNF:2
FNH:2
FNDA:14,(anonymous_0)
FNDA:14,(anonymous_1)
DA:1,1
DA:2,1
DA:3,1
DA:4,1
DA:6,1
DA:12,1
DA:13,14
DA:14,14
DA:16,14
DA:17,14
DA:18,14
DA:20,14
DA:21,14
DA:22,14
DA:24,14
DA:25,14
DA:27,14
DA:28,1
DA:30,14
DA:31,0
DA:33,14
DA:34,1
DA:36,14
DA:40,2
DA:41,2
DA:44,14
DA:45,14
LF:27
LH:26
BRDA:27,0,0,1
BRDA:27,0,1,13
BRDA:30,1,0,0
BRDA:30,1,1,14
BRDA:33,2,0,1
BRDA:33,2,1,13
BRDA:36,3,0,2
BRDA:36,3,1,12
BRDA:37,4,0,14
BRDA:37,4,1,2
BRDA:37,5,0,12
BRDA:37,5,1,2
BRDA:37,6,0,14
BRDA:37,6,1,14
BRDA:45,7,0,13
BRDA:45,7,1,1
BRDA:45,8,0,14
BRDA:45,8,1,14
BRF:18
BRH:17
end_of_record
TN:
SF:packages-content-model/roosterjs-content-model-dom/lib/domToModel/processors/knownElementProcessor.ts
FN:39,(anonymous_0)
FN:51,(anonymous_1)
FN:79,(anonymous_2)
FN:97,shouldUseFormatContainer
FN:117,(anonymous_4)
FNF:5
FNH:5
FNDA:290,(anonymous_0)
FNDA:115,(anonymous_1)
FNDA:145,(anonymous_2)
FNDA:147,shouldUseFormatContainer
FNDA:1954,(anonymous_4)
DA:1,1
DA:2,1
DA:3,1
DA:4,1
DA:5,1
DA:6,1
DA:7,1
DA:8,1
DA:15,1
DA:33,1
DA:34,1
DA:39,1
DA:40,290
DA:42,290
DA:46,30
DA:47,260
DA:48,115
DA:49,115
DA:51,115
DA:52,115
DA:54,115
DA:55,115
DA:57,115
DA:60,115
DA:61,112
DA:72,145
DA:80,145
DA:82,145
DA:83,1
DA:91,145
DA:99,147
DA:100,4
DA:103,143
DA:104,143
DA:106,143
DA:109,143
DA:110,9
DA:115,134
DA:117,1954
DA:120,16
DA:124,118
DA:125,0
DA:129,118
DA:130,5
DA:133,113
LF:45
LH:44
BRDA:42,0,0,30
BRDA:42,0,1,260
BRDA:43,1,0,290
BRDA:43,1,1,146
BRDA:43,1,2,147
BRDA:47,2,0,115
BRDA:47,2,1,145
BRDA:48,3,0,0
BRDA:48,3,1,115
BRDA:60,4,0,112
BRDA:60,4,1,3
BRDA:60,5,0,115
BRDA:60,5,1,115
BRDA:82,6,0,1
BRDA:82,6,1,144
BRDA:82,7,0,145
BRDA:82,7,1,15
BRDA:99,8,0,4
BRDA:99,8,1,143
BRDA:109,9,0,9
BRDA:109,9,1,134
BRDA:109,10,0,143
BRDA:109,10,1,9
BRDA:115,11,0,16
BRDA:115,11,1,118
BRDA:117,12,0,1954
BRDA:117,12,1,1904
BRDA:117,12,2,1902
BRDA:124,13,0,0
BRDA:124,13,1,118
BRDA:124,14,0,118
BRDA:124,14,1,118
BRDA:129,15,0,5
BRDA:129,15,1,113
BRF:34
BRH:32
end_of_record
TN:
SF:packages-content-model/roosterjs-content-model-dom/lib/domToModel/processors/linkProcessor.ts
FN:9,(anonymous_0)
FN:11,(anonymous_1)
FNF:2
FNH:2
FNDA:20,(anonymous_0)
FNDA:18,(anonymous_1)
DA:1,1
DA:2,1
DA:3,1
DA:9,1
DA:10,20
DA:11,18
DA:12,18
DA:13,18
DA:15,18
DA:19,2
LF:10
LH:10
BRDA:10,0,0,18
BRDA:10,0,1,2
BRF:2
BRH:2
end_of_record
TN:
SF:packages-content-model/roosterjs-content-model-dom/lib/domToModel/processors/listItemProcessor.ts
FN:9,(anonymous_0)
FN:18,(anonymous_1)
FNF:2
FNH:2
FNDA:121,(anonymous_0)
FNDA:113,(anonymous_1)
DA:1,1
DA:2,1
DA:3,1
DA:9,1
DA:10,121
DA:12,121
DA:13,113
DA:19,113
DA:26,113
DA:27,113
DA:34,113
DA:36,113
DA:43,113
DA:45,113
DA:47,113
DA:52,93
DA:53,93
DA:58,8
DA:59,8
DA:61,8
LF:20
LH:20
BRDA:12,0,0,113
BRDA:12,0,1,8
BRDA:12,1,0,121
BRDA:12,1,1,113
BRDA:47,2,0,93
BRDA:47,2,1,20
BRDA:48,3,0,113
BRDA:48,3,1,93
BRDA:48,3,2,93
BRDA:58,4,0,8
BRDA:58,4,1,0
BRDA:58,5,0,8
BRDA:58,5,1,8
BRDA:59,6,0,8
BRDA:59,6,1,0
BRDA:59,7,0,8
BRDA:59,7,1,8
BRDA:59,8,0,0
BRDA:59,8,1,0
BRDA:59,9,0,0
BRDA:59,9,1,0
BRDA:62,10,0,0
BRDA:62,10,1,8
BRDA:62,11,0,8
BRDA:62,11,1,0
BRDA:62,12,0,8
BRDA:62,12,1,8
BRF:27
BRH:19
end_of_record
TN:
SF:packages-content-model/roosterjs-content-model-dom/lib/domToModel/processors/listProcessor.ts
FN:11,(anonymous_0)
FN:22,(anonymous_1)
FN:33,(anonymous_2)
FNF:3
FNH:3
FNDA:117,(anonymous_0)
FNDA:117,(anonymous_1)
FNDA:117,(anonymous_2)
DA:1,1
DA:2,1
DA:3,1
DA:4,1
DA:5,1
DA:11,1
DA:16,117
DA:23,117
DA:27,117
DA:29,117
DA:30,117
DA:33,117
DA:34,117
DA:35,117
DA:37,117
DA:41,106
DA:44,117
DA:47,117
DA:49,117
DA:51,117
DA:52,117
DA:54,117
DA:55,117
DA:57,117
DA:58,117
LF:25
LH:25
BRDA:34,0,0,117
BRDA:34,0,1,113
BRDA:37,1,0,106
BRDA:37,1,1,11
BRDA:38,2,0,117
BRDA:38,2,1,108
BRDA:51,3,0,117
BRDA:51,3,1,75
BRF:8
BRH:8
end_of_record
TN:
SF:packages-content-model/roosterjs-content-model-dom/lib/domToModel/processors/pProcessor.ts
FN:12,(anonymous_0)
FN:16,(anonymous_1)
FNF:2
FNH:2
FNDA:56,(anonymous_0)
FNDA:56,(anonymous_1)
DA:1,1
DA:2,1
DA:3,1
DA:4,1
DA:5,1
DA:6,1
DA:12,1
DA:13,56
DA:17,56
DA:19,56
DA:21,56
DA:22,56
DA:24,56
DA:28,56
LF:14
LH:14
BRF:0
BRH:0
end_of_record
TN:
SF:packages-content-model/roosterjs-content-model-dom/lib/domToModel/processors/tableProcessor.ts
FN:32,(anonymous_0)
FN:40,(anonymous_1)
FN:90,(anonymous_3)
FN:154,(anonymous_5)
FN:262,(anonymous_6)
FN:271,calcSizes
FNF:6
FNH:6
FNDA:44,(anonymous_0)
FNDA:44,(anonymous_1)
FNDA:48,(anonymous_3)
FNDA:65,(anonymous_5)
FNDA:48,(anonymous_6)
FNDA:88,calcSizes
DA:1,1
DA:2,1
DA:3,1
DA:4,1
DA:5,1
DA:6,1
DA:8,1
DA:32,1
DA:37,44
DA:41,44
DA:43,44
DA:45,44
DA:48,44
DA:49,44
DA:51,44
DA:55,44
DA:56,2
DA:59,44
DA:61,44
DA:62,44
DA:63,44
DA:69,44
DA:70,44
DA:72,44
DA:73,44
DA:74,44
DA:76,48
DA:77,48
DA:78,48
DA:80,48
DA:82,48
DA:83,34
DA:84,14
DA:85,0
DA:88,48
DA:90,48
DA:91,48
DA:92,48
DA:94,48
DA:99,34
DA:105,34
DA:113,48
DA:114,48
DA:121,48
DA:122,130
DA:126,65
DA:128,65
DA:129,65
DA:130,65
DA:131,65
DA:132,65
DA:133,65
DA:135,65
DA:136,63
DA:138,63
DA:139,36
DA:140,33
DA:144,36
DA:145,30
DA:151,65
DA:155,65
DA:161,65
DA:168,65
DA:171,65
DA:173,65
DA:179,65
DA:185,65
DA:187,65
DA:188,65
DA:192,68
DA:193,70
DA:194,70
DA:201,70
DA:203,70
DA:205,70
DA:206,70
DA:209,70
DA:210,65
DA:211,4
DA:214,65
DA:216,65
DA:217,65
DA:219,65
DA:220,65
DA:222,65
DA:223,65
DA:227,70
DA:229,70
DA:237,2
DA:246,48
DA:247,70
DA:248,0
DA:258,44
DA:260,44
DA:262,44
DA:263,48
DA:264,30
DA:272,88
DA:273,88
DA:275,88
DA:276,66
DA:277,3
DA:279,63
DA:280,63
DA:284,88
LF:105
LH:103
BRDA:46,0,0,1
BRDA:46,0,1,43
BRDA:45,1,0,40
BRDA:45,1,1,4
BRDA:45,2,0,44
BRDA:45,2,1,44
BRDA:48,3,0,43
BRDA:48,3,1,1
BRDA:48,4,0,44
BRDA:48,4,1,1
BRDA:49,5,0,43
BRDA:49,5,1,1
BRDA:49,6,0,44
BRDA:49,6,1,1
BRDA:51,7,0,44
BRDA:51,7,1,1
BRDA:51,7,2,1
BRDA:52,8,0,0
BRDA:52,8,1,1
BRDA:52,9,0,1
BRDA:52,9,1,1
BRDA:53,10,0,0
BRDA:53,10,1,1
BRDA:53,11,0,1
BRDA:53,11,1,1
BRDA:55,12,0,2
BRDA:55,12,1,42
BRDA:59,13,0,43
BRDA:59,13,1,1
BRDA:59,14,0,44
BRDA:59,14,1,44
BRDA:74,15,0,44
BRDA:74,15,1,41
BRDA:82,16,0,34
BRDA:82,16,1,14
BRDA:84,17,0,0
BRDA:84,17,1,14
BRDA:92,18,0,5
BRDA:92,18,1,43
BRDA:92,19,0,48
BRDA:92,19,1,48
BRDA:94,20,0,34
BRDA:94,20,1,14
BRDA:95,21,0,48
BRDA:95,21,1,43
BRDA:95,21,2,9
BRDA:95,21,3,9
BRDA:135,22,0,63
BRDA:135,22,1,2
BRDA:135,23,0,65
BRDA:135,23,1,5
BRDA:138,24,0,36
BRDA:138,24,1,27
BRDA:138,25,0,63
BRDA:138,25,1,27
BRDA:139,26,0,33
BRDA:139,26,1,3
BRDA:144,27,0,30
BRDA:144,27,1,6
BRDA:193,28,0,70
BRDA:193,28,1,66
BRDA:205,29,0,70
BRDA:205,29,1,0
BRDA:209,30,0,65
BRDA:209,30,1,5
BRDA:210,31,0,4
BRDA:210,31,1,61
BRDA:229,32,0,2
BRDA:229,32,1,68
BRDA:230,33,0,70
BRDA:230,33,1,0
BRDA:230,33,2,70
BRDA:230,33,3,4
BRDA:230,33,4,4
BRDA:230,33,5,4
BRDA:230,33,6,2
BRDA:247,34,0,0
BRDA:247,34,1,70
BRDA:263,35,0,30
BRDA:263,35,1,18
BRDA:276,36,0,3
BRDA:276,36,1,63
BRF:82
BRH:76
end_of_record
TN:
SF:packages-content-model/roosterjs-content-model-dom/lib/domToModel/processors/textProcessor.ts
FN:19,(anonymous_0)
FN:56,(anonymous_1)
FN:63,addTextSegment
FNF:3
FNH:3
FNDA:361,(anonymous_0)
FNDA:7,(anonymous_1)
FNDA:382,addTextSegment
DA:1,1
DA:2,1
DA:3,1
DA:4,1
DA:5,1
DA:6,1
DA:7,1
DA:19,1
DA:24,361
DA:25,361
DA:26,361
DA:27,361
DA:29,361
DA:30,10
DA:31,10
DA:32,10
DA:34,10
DA:36,10
DA:37,10
DA:40,361
DA:41,11
DA:42,11
DA:44,11
DA:45,4
DA:48,11
DA:49,11
DA:52,361
DA:53,361
DA:56,7
DA:61,1
DA:71,382
DA:72,372
DA:77,364
DA:79,364
DA:80,12
DA:83,364
DA:85,364
DA:89,382
LF:38
LH:38
BRDA:24,0,0,361
BRDA:24,0,1,1
BRDA:29,1,0,10
BRDA:29,1,1,351
BRDA:40,2,0,11
BRDA:40,2,1,350
BRDA:44,3,0,4
BRDA:44,3,1,7
BRDA:44,4,0,11
BRDA:44,4,1,11
BRDA:53,5,0,358
BRDA:53,5,1,3
BRDA:53,6,0,361
BRDA:53,6,1,361
BRDA:71,7,0,372
BRDA:71,7,1,10
BRDA:72,8,0,364
BRDA:72,8,1,8
BRDA:73,9,0,372
BRDA:73,9,1,11
BRDA:73,9,2,9
BRDA:74,10,0,11
BRDA:74,10,1,0
BRDA:74,11,0,11
BRDA:74,11,1,11
BRDA:74,12,0,0
BRDA:74,12,1,11
BRDA:74,13,0,11
BRDA:74,13,1,11
BRDA:75,14,0,9
BRDA:75,14,1,8
BRDA:75,15,0,0
BRDA:75,15,1,9
BRDA:75,16,0,9
BRDA:75,16,1,9
BRDA:79,17,0,12
BRDA:79,17,1,352
BRF:37
BRH:34
end_of_record
TN:
SF:packages-content-model/roosterjs-content-model-dom/lib/domToModel/utils/addSelectionMarker.ts
FN:9,addSelectionMarker
FNF:1
FNH:1
FNDA:47,addSelectionMarker
DA:1,1
DA:2,1
DA:3,1
DA:9,1
DA:10,47
DA:12,47
DA:14,47
LF:7
LH:7
BRF:0
BRH:0
end_of_record
TN:
SF:packages-content-model/roosterjs-content-model-dom/lib/domToModel/utils/areSameFormats.ts
FN:9,areSameFormats
FN:16,(anonymous_1)
FNF:2
FNH:2
FNDA:83,areSameFormats
FNDA:13,(anonymous_1)
DA:1,1
DA:9,1
DA:10,83
DA:11,1
DA:13,82
DA:14,82
DA:16,82
LF:7
LH:7
BRDA:10,0,0,1
BRDA:10,0,1,82
BRDA:16,1,0,82
BRDA:16,1,1,66
BRF:4
BRH:4
end_of_record
TN:
SF:packages-content-model/roosterjs-content-model-dom/lib/domToModel/utils/getBoundingClientRect.ts
FN:4,getBoundingClientRect
FNF:1
FNH:1
FNDA:31,getBoundingClientRect
DA:4,1
DA:5,31
LF:2
LH:2
BRF:0
BRH:0
end_of_record
TN:
SF:packages-content-model/roosterjs-content-model-dom/lib/domToModel/utils/getDefaultStyle.ts
FN:11,getDefaultStyle
FNF:1
FNH:1
FNDA:3102,getDefaultStyle
DA:1,1
DA:11,1
DA:15,3102
DA:17,3102
LF:4
LH:4
BRDA:17,0,0,3102
BRDA:17,0,1,653
BRF:2
BRH:2
end_of_record
TN:
SF:packages-content-model/roosterjs-content-model-dom/lib/domToModel/utils/getRegularSelectionOffsets.ts
FN:11,getRegularSelectionOffsets
FNF:1
FNH:1
FNDA:1250,getRegularSelectionOffsets
DA:11,1
DA:16,1250
DA:18,1250
DA:19,1250
DA:21,1250
LF:5
LH:5
BRDA:16,0,0,161
BRDA:16,0,1,1089
BRDA:16,1,0,1089
BRDA:16,1,1,161
BRDA:16,2,0,1250
BRDA:16,2,1,1250
BRDA:18,3,0,37
BRDA:18,3,1,1213
BRDA:18,4,0,1092
BRDA:18,4,1,158
BRDA:18,5,0,1250
BRDA:18,5,1,161
BRDA:19,6,0,36
BRDA:19,6,1,1214
BRDA:19,7,0,1092
BRDA:19,7,1,158
BRDA:19,8,0,1250
BRDA:19,8,1,161
BRF:18
BRH:18
end_of_record
TN:
SF:packages-content-model/roosterjs-content-model-dom/lib/domToModel/utils/isBlockElement.ts
FN:12,isBlockElement
FNF:1
FNH:1
FNDA:335,isBlockElement
DA:1,1
DA:4,1
DA:12,1
DA:13,335
DA:15,335
LF:5
LH:5
BRDA:13,0,0,335
BRDA:13,0,1,321
BRDA:13,0,2,161
BRF:3
BRH:3
end_of_record
TN:
SF:packages-content-model/roosterjs-content-model-dom/lib/domToModel/utils/parseFormat.ts
FN:15,parseFormat
FN:23,(anonymous_1)
FNF:2
FNH:2
FNDA:2591,parseFormat
FNDA:15835,(anonymous_1)
DA:1,1
DA:15,1
DA:21,2591
DA:23,2591
DA:24,15835
LF:5
LH:5
BRDA:24,0,0,11
BRDA:24,0,1,15824
BRDA:24,1,0,15835
BRDA:24,1,1,15824
BRF:4
BRH:4
end_of_record
TN:
SF:packages-content-model/roosterjs-content-model-dom/lib/domToModel/utils/stackFormat.ts
FN:41,stackFormat
FN:72,stackLinkInternal
FN:100,stackCodeInternal
FN:117,stackDecoratorInternal
FN:132,stackFormatInternal
FN:146,(anonymous_5)
FNF:6
FNH:6
FNDA:826,stackFormat
FNDA:826,stackLinkInternal
FNDA:826,stackCodeInternal
FNDA:826,stackDecoratorInternal
FNDA:1652,stackFormatInternal
FNDA:426,(anonymous_5)
DA:1,1
DA:30,1
DA:31,1
DA:41,1
DA:52,4130
DA:53,4130
DA:55,826
DA:56,826
DA:57,826
DA:58,826
DA:59,826
DA:60,826
DA:62,826
DA:64,826
DA:65,826
DA:66,826
DA:67,826
DA:68,826
DA:76,826
DA:78,19
DA:86,13
DA:93,794
DA:101,826
DA:103,5
DA:109,0
DA:113,821
DA:121,826
DA:123,63
DA:128,763
DA:136,1652
DA:138,46
DA:141,196
DA:144,1410
DA:146,1410
DA:147,426
DA:154,8
DA:158,1410
LF:37
LH:36
BRDA:77,0,0,19
BRDA:77,0,1,13
BRDA:77,0,2,146
BRDA:77,0,3,794
BRDA:102,1,0,5
BRDA:102,1,1,0
BRDA:102,1,2,821
BRDA:122,2,0,63
BRDA:122,2,1,763
BRDA:137,3,0,46
BRDA:137,3,1,196
BRDA:137,3,2,1410
BRDA:147,4,0,8
BRDA:147,4,1,418
BRDA:148,5,0,426
BRDA:148,5,1,89
BRDA:148,5,2,423
BRDA:148,5,3,16
BRF:18
BRH:17
end_of_record
TN:
SF:packages-content-model/roosterjs-content-model-dom/lib/domUtils/isNodeOfType.ts
FN:51,isNodeOfType
FNF:1
FNH:1
FNDA:2920,isNodeOfType
DA:51,1
DA:55,2920
LF:2
LH:2
BRDA:55,0,0,2920
BRDA:55,0,1,2920
BRF:2
BRH:2
end_of_record
TN:
SF:packages-content-model/roosterjs-content-model-dom/lib/domUtils/metadata/updateListMetadata.ts
FN:30,updateListMetadata
FNF:1
FNH:1
FNDA:363,updateListMetadata
DA:2,1
DA:3,1
DA:6,1
DA:30,1
DA:34,363
LF:5
LH:5
BRF:0
BRH:0
end_of_record
TN:
SF:packages-content-model/roosterjs-content-model-dom/lib/domUtils/metadata/updateMetadata.ts
FN:14,updateMetadata
FN:47,hasMetadata
FNF:2
FNH:2
FNDA:539,updateMetadata
FNDA:14,hasMetadata
DA:1,1
DA:5,1
DA:14,1
DA:19,539
DA:20,539
DA:22,539
DA:23,539
DA:26,539
DA:27,9
DA:30,539
DA:31,531
DA:33,531
DA:34,452
DA:35,79
DA:36,74
DA:40,539
DA:47,1
DA:48,14
LF:18
LH:18
BRDA:26,0,0,9
BRDA:26,0,1,530
BRDA:26,1,0,539
BRDA:26,1,1,534
BRDA:30,2,0,531
BRDA:30,2,1,8
BRDA:33,3,0,452
BRDA:33,3,1,79
BRDA:35,4,0,74
BRDA:35,4,1,5
BRDA:35,5,0,79
BRDA:35,5,1,77
BRF:12
BRH:12
end_of_record
TN:
SF:packages-content-model/roosterjs-content-model-dom/lib/formatHandlers/defaultFormatHandlers.ts
FN:205,(anonymous_0)
FN:216,(anonymous_1)
FNF:2
FNH:2
FNDA:34,(anonymous_0)
FNDA:34,(anonymous_1)
DA:1,1
DA:2,1
DA:3,1
DA:4,1
DA:5,1
DA:6,1
DA:7,1
DA:8,1
DA:9,1
DA:10,1
DA:11,1
DA:12,1
DA:13,1
DA:14,1
DA:15,1
DA:16,1
DA:17,1
DA:18,1
DA:19,1
DA:20,1
DA:21,1
DA:22,1
DA:23,1
DA:24,1
DA:25,1
DA:26,1
DA:27,1
DA:28,1
DA:29,1
DA:30,1
DA:31,1
DA:32,1
DA:33,1
DA:34,1
DA:35,1
DA:51,1
DA:88,1
DA:94,1
DA:101,1
DA:107,1
DA:117,1
DA:204,1
DA:206,34
DA:207,34
DA:215,1
DA:217,34
DA:218,34
LF:47
LH:47
BRF:0
BRH:0
end_of_record
TN:
SF:packages-content-model/roosterjs-content-model-dom/lib/formatHandlers/block/directionFormatHandler.ts
FN:8,(anonymous_0)
FN:15,(anonymous_1)
FNF:2
FNH:2
FNDA:2061,(anonymous_0)
FNDA:594,(anonymous_1)
DA:7,1
DA:9,2061
DA:11,2061
DA:12,64
DA:16,594
DA:17,13
LF:6
LH:6
BRDA:9,0,0,2061
BRDA:9,0,1,2009
BRDA:9,0,2,1997
BRDA:11,1,0,64
BRDA:11,1,1,1997
BRDA:12,2,0,18
BRDA:12,2,1,46
BRDA:16,3,0,13
BRDA:16,3,1,581
BRF:9
BRH:9
end_of_record
TN:
SF:packages-content-model/roosterjs-content-model-dom/lib/formatHandlers/block/displayFormatHandler.ts
FN:8,(anonymous_0)
FN:15,(anonymous_1)
FNF:2
FNH:2
FNDA:315,(anonymous_0)
FNDA:276,(anonymous_1)
DA:7,1
DA:9,315
DA:11,315
DA:12,14
DA:16,276
DA:17,12
LF:6
LH:6
BRDA:11,0,0,14
BRDA:11,0,1,301
BRDA:16,1,0,12
BRDA:16,1,1,264
BRF:4
BRH:4
end_of_record
TN:
SF:packages-content-model/roosterjs-content-model-dom/lib/formatHandlers/block/htmlAlignFormatHandler.ts
FN:16,(anonymous_0)
FN:27,(anonymous_1)
FNF:2
FNH:2
FNDA:353,(anonymous_0)
FNDA:282,(anonymous_1)
DA:1,1
DA:2,1
DA:13,1
DA:17,353
DA:19,353
DA:21,353
DA:22,21
DA:23,21
DA:24,21
DA:28,282
DA:30,282
DA:31,8
LF:12
LH:12
BRDA:21,0,0,21
BRDA:21,0,1,332
BRDA:28,1,0,1
BRDA:28,1,1,281
BRDA:30,2,0,8
BRDA:30,2,1,274
BRF:6
BRH:6
end_of_record
TN:
SF:packages-content-model/roosterjs-content-model-dom/lib/formatHandlers/block/lineHeightFormatHandler.ts
FN:8,(anonymous_0)
FN:15,(anonymous_1)
FNF:2
FNH:2
FNDA:985,(anonymous_0)
FNDA:956,(anonymous_1)
DA:7,1
DA:9,985
DA:11,985
DA:12,28
DA:16,956
DA:17,16
LF:6
LH:6
BRDA:9,0,0,985
BRDA:9,0,1,957
BRDA:11,1,0,28
BRDA:11,1,1,957
BRDA:11,2,0,985
BRDA:11,2,1,28
BRDA:16,3,0,16
BRDA:16,3,1,940
BRF:8
BRH:8
end_of_record
TN:
SF:packages-content-model/roosterjs-content-model-dom/lib/formatHandlers/block/marginFormatHandler.ts
FN:16,(anonymous_0)
FN:17,(anonymous_1)
FN:39,(anonymous_2)
FN:40,(anonymous_3)
FNF:4
FNH:4
FNDA:581,(anonymous_0)
FNDA:2324,(anonymous_1)
FNDA:503,(anonymous_2)
FNDA:2012,(anonymous_3)
DA:1,1
DA:5,1
DA:15,1
DA:17,581
DA:18,2324
DA:20,2324
DA:21,445
DA:24,288
DA:25,288
DA:29,157
DA:34,157
DA:40,503
DA:41,2012
DA:43,2012
DA:44,254
LF:15
LH:15
BRDA:18,0,0,2324
BRDA:18,0,1,2050
BRDA:20,1,0,445
BRDA:20,1,1,1879
BRDA:22,2,0,146
BRDA:22,2,1,288
BRDA:22,2,2,86
BRDA:22,2,3,157
BRDA:30,3,0,8
BRDA:30,3,1,149
BRDA:30,4,0,8
BRDA:30,4,1,0
BRDA:43,5,0,254
BRDA:43,5,1,1758
BRDA:44,6,0,254
BRDA:44,6,1,31
BRF:16
BRH:15
end_of_record
TN:
SF:packages-content-model/roosterjs-content-model-dom/lib/formatHandlers/block/paddingFormatHandler.ts
FN:15,(anonymous_0)
FN:16,(anonymous_1)
FN:24,(anonymous_2)
FN:25,(anonymous_3)
FNF:4
FNH:4
FNDA:466,(anonymous_0)
FNDA:1864,(anonymous_1)
FNDA:398,(anonymous_2)
FNDA:1592,(anonymous_3)
DA:4,1
DA:14,1
DA:16,466
DA:17,1864
DA:19,1864
DA:20,46
DA:25,398
DA:26,1592
DA:27,1592
DA:28,29
LF:10
LH:10
BRDA:19,0,0,46
BRDA:19,0,1,1818
BRDA:27,1,0,29
BRDA:27,1,1,1563
BRF:4
BRH:4
end_of_record
TN:
SF:packages-content-model/roosterjs-content-model-dom/lib/formatHandlers/block/textAlignFormatHandler.ts
FN:10,(anonymous_0)
FN:29,(anonymous_1)
FNF:2
FNH:2
FNDA:869,(anonymous_0)
FNDA:637,(anonymous_1)
DA:1,1
DA:2,1
DA:9,1
DA:11,869
DA:13,869
DA:15,869
DA:22,0
DA:25,869
DA:26,31
DA:30,637
DA:32,637
DA:33,27
DA:34,27
DA:36,27
DA:37,5
DA:38,5
DA:39,5
DA:41,22
LF:18
LH:17
BRDA:13,0,0,869
BRDA:13,0,1,838
BRDA:15,1,0,0
BRDA:15,1,1,869
BRDA:16,2,0,869
BRDA:16,2,1,236
BRDA:16,2,2,0
BRDA:16,2,3,0
BRDA:17,3,0,23
BRDA:17,3,1,213
BRDA:17,4,0,236
BRDA:17,4,1,213
BRDA:25,5,0,31
BRDA:25,5,1,838
BRDA:30,6,0,3
BRDA:30,6,1,634
BRDA:32,7,0,27
BRDA:32,7,1,610
BRDA:34,8,0,10
BRDA:34,8,1,17
BRDA:34,9,0,27
BRDA:34,9,1,17
BRDA:36,10,0,5
BRDA:36,10,1,22
BRDA:36,11,0,27
BRDA:36,11,1,8
BRDA:36,11,2,5
BRDA:36,11,3,0
BRF:28
BRH:24
end_of_record
TN:
SF:packages-content-model/roosterjs-content-model-dom/lib/formatHandlers/block/whiteSpaceFormatHandler.ts
FN:8,(anonymous_0)
FN:15,(anonymous_1)
FNF:2
FNH:2
FNDA:570,(anonymous_0)
FNDA:364,(anonymous_1)
DA:7,1
DA:9,570
DA:11,570
DA:12,35
DA:16,364
DA:17,364
DA:18,20
LF:7
LH:7
BRDA:9,0,0,570
BRDA:9,0,1,542
BRDA:11,1,0,35
BRDA:11,1,1,535
BRDA:17,2,0,20
BRDA:17,2,1,344
BRDA:18,3,0,20
BRDA:18,3,1,0
BRF:8
BRH:7
end_of_record
TN:
SF:packages-content-model/roosterjs-content-model-dom/lib/formatHandlers/common/backgroundColorFormatHandler.ts
FN:9,(anonymous_0)
FN:22,(anonymous_1)
FNF:2
FNH:2
FNDA:890,(anonymous_0)
FNDA:946,(anonymous_1)
DA:1,1
DA:8,1
DA:11,890
DA:18,890
DA:19,23
DA:23,946
DA:24,19
LF:7
LH:7
BRDA:11,0,0,890
BRDA:11,0,1,867
BRDA:18,1,0,23
BRDA:18,1,1,867
BRDA:23,2,0,19
BRDA:23,2,1,927
BRF:6
BRH:6
end_of_record
TN:
SF:packages-content-model/roosterjs-content-model-dom/lib/formatHandlers/common/borderBoxFormatHandler.ts
FN:8,(anonymous_0)
FN:13,(anonymous_1)
FNF:2
FNH:2
FNDA:122,(anonymous_0)
FNDA:111,(anonymous_1)
DA:7,1
DA:9,122
DA:10,5
DA:14,111
DA:15,3
LF:5
LH:5
BRDA:9,0,0,5
BRDA:9,0,1,117
BRDA:9,1,0,0
BRDA:9,1,1,122
BRDA:9,2,0,122
BRDA:9,2,1,122
BRDA:14,3,0,3
BRDA:14,3,1,108
BRF:8
BRH:7
end_of_record
TN:
SF:packages-content-model/roosterjs-content-model-dom/lib/formatHandlers/common/borderFormatHandler.ts
FN:19,(anonymous_0)
FN:20,(anonymous_1)
FN:28,(anonymous_2)
FN:29,(anonymous_3)
FNF:4
FNH:4
FNDA:377,(anonymous_0)
FNDA:1885,(anonymous_1)
FNDA:326,(anonymous_2)
FNDA:1630,(anonymous_3)
DA:7,1
DA:18,1
DA:20,377
DA:21,1885
DA:23,1885
DA:24,52
DA:29,326
DA:30,1630
DA:32,1630
DA:33,28
LF:10
LH:10
BRDA:23,0,0,52
BRDA:23,0,1,1833
BRDA:24,1,0,0
BRDA:24,1,1,52
BRDA:32,2,0,28
BRDA:32,2,1,1602
BRF:6
BRH:5
end_of_record
TN:
SF:packages-content-model/roosterjs-content-model-dom/lib/formatHandlers/common/boxShadowFormatHandler.ts
FN:8,(anonymous_0)
FN:13,(anonymous_1)
FNF:2
FNH:2
FNDA:16,(anonymous_0)
FNDA:16,(anonymous_1)
DA:7,1
DA:9,16
DA:10,1
DA:14,16
DA:15,1
LF:5
LH:5
BRDA:9,0,0,1
BRDA:9,0,1,15
BRDA:9,1,0,0
BRDA:9,1,1,16
BRDA:9,2,0,16
BRDA:9,2,1,16
BRDA:14,3,0,1
BRDA:14,3,1,15
BRF:8
BRH:7
end_of_record
TN:
SF:packages-content-model/roosterjs-content-model-dom/lib/formatHandlers/common/datasetFormatHandler.ts
FN:9,(anonymous_0)
FN:12,(anonymous_1)
FN:17,(anonymous_2)
FN:18,(anonymous_3)
FNF:4
FNH:4
FNDA:252,(anonymous_0)
FNDA:22,(anonymous_1)
FNDA:244,(anonymous_2)
FNDA:19,(anonymous_3)
DA:1,1
DA:8,1
DA:10,252
DA:12,252
DA:13,22
DA:18,244
DA:19,19
LF:7
LH:7
BRDA:13,0,0,22
BRDA:13,0,1,0
BRF:2
BRH:1
end_of_record
TN:
SF:packages-content-model/roosterjs-content-model-dom/lib/formatHandlers/common/floatFormatHandler.ts
FN:8,(anonymous_0)
FN:15,(anonymous_1)
FNF:2
FNH:2
FNDA:17,(anonymous_0)
FNDA:16,(anonymous_1)
DA:7,1
DA:9,17
DA:11,17
DA:12,2
DA:16,16
DA:17,1
LF:6
LH:6
BRDA:9,0,0,17
BRDA:9,0,1,16
BRDA:11,1,0,2
BRDA:11,1,1,15
BRDA:16,2,0,1
BRDA:16,2,1,15
BRF:6
BRH:6
end_of_record
TN:
SF:packages-content-model/roosterjs-content-model-dom/lib/formatHandlers/common/idFormatHandler.ts
FN:8,(anonymous_0)
FN:13,(anonymous_1)
FNF:2
FNH:2
FNDA:59,(anonymous_0)
FNDA:53,(anonymous_1)
DA:7,1
DA:9,59
DA:10,4
DA:14,53
DA:15,3
LF:5
LH:5
BRDA:9,0,0,4
BRDA:9,0,1,55
BRDA:14,1,0,3
BRDA:14,1,1,50
BRF:4
BRH:4
end_of_record
TN:
SF:packages-content-model/roosterjs-content-model-dom/lib/formatHandlers/common/sizeFormatHandler.ts
FN:10,(anonymous_0)
FN:37,(anonymous_1)
FN:59,tryParseSize
FNF:3
FNH:3
FNDA:379,(anonymous_0)
FNDA:329,(anonymous_1)
FNDA:738,tryParseSize
DA:4,1
DA:9,1
DA:11,379
DA:12,379
DA:13,379
DA:14,379
DA:15,379
DA:16,379
DA:18,379
DA:19,18
DA:21,379
DA:22,6
DA:24,379
DA:25,3
DA:27,379
DA:28,1
DA:30,379
DA:31,1
DA:33,379
DA:34,1
DA:38,329
DA:39,9
DA:41,329
DA:42,3
DA:44,329
DA:45,1
DA:47,329
DA:48,1
DA:50,329
DA:51,1
DA:53,329
DA:54,1
DA:60,738
DA:61,738
DA:63,738
LF:35
LH:35
BRDA:11,0,0,379
BRDA:11,0,1,363
BRDA:12,1,0,379
BRDA:12,1,1,375
BRDA:18,2,0,18
BRDA:18,2,1,361
BRDA:21,3,0,6
BRDA:21,3,1,373
BRDA:24,4,0,3
BRDA:24,4,1,376
BRDA:27,5,0,1
BRDA:27,5,1,378
BRDA:30,6,0,1
BRDA:30,6,1,378
BRDA:33,7,0,1
BRDA:33,7,1,378
BRDA:38,8,0,9
BRDA:38,8,1,320
BRDA:41,9,0,3
BRDA:41,9,1,326
BRDA:44,10,0,1
BRDA:44,10,1,328
BRDA:47,11,0,1
BRDA:47,11,1,328
BRDA:50,12,0,1
BRDA:50,12,1,328
BRDA:53,13,0,1
BRDA:53,13,1,328
BRDA:61,14,0,738
BRDA:61,14,1,734
BRDA:64,15,0,2
BRDA:64,15,1,736
BRDA:63,16,0,738
BRDA:63,16,1,4
BRDA:66,17,0,734
BRDA:66,17,1,2
BRF:36
BRH:36
end_of_record
TN:
SF:packages-content-model/roosterjs-content-model-dom/lib/formatHandlers/common/verticalAlignFormatHandler.ts
FN:8,(anonymous_0)
FN:31,(anonymous_1)
FNF:2
FNH:2
FNDA:90,(anonymous_0)
FNDA:77,(anonymous_1)
DA:7,1
DA:9,90
DA:11,90
DA:19,13
DA:20,13
DA:23,5
DA:24,5
DA:27,1
DA:28,1
DA:32,77
DA:33,7
LF:11
LH:11
BRDA:9,0,0,90
BRDA:9,0,1,72
BRDA:12,1,0,1
BRDA:12,1,1,2
BRDA:12,1,2,3
BRDA:12,1,3,4
BRDA:12,1,4,5
BRDA:12,1,5,6
BRDA:12,1,6,13
BRDA:12,1,7,5
BRDA:12,1,8,1
BRDA:32,2,0,7
BRDA:32,2,1,70
BRF:13
BRH:13
end_of_record
TN:
SF:packages-content-model/roosterjs-content-model-dom/lib/formatHandlers/common/wordBreakFormatHandler.ts
FN:8,(anonymous_0)
FN:15,(anonymous_1)
FNF:2
FNH:2
FNDA:66,(anonymous_0)
FNDA:61,(anonymous_1)
DA:7,1
DA:9,66
DA:11,66
DA:12,1
DA:16,61
DA:17,2
LF:6
LH:6
BRDA:9,0,0,66
BRDA:9,0,1,65
BRDA:11,1,0,1
BRDA:11,1,1,65
BRDA:16,2,0,2
BRDA:16,2,1,59
BRF:6
BRH:6
end_of_record
TN:
SF:packages-content-model/roosterjs-content-model-dom/lib/formatHandlers/list/listItemMetadataFormatHandler.ts
FN:31,(anonymous_0)
FN:34,(anonymous_1)
FN:60,getOrderedListStyleValue
FN:65,(anonymous_3)
FN:84,convertDecimalsToAlpha
FN:95,convertDecimalsToRoman
FNF:6
FNH:6
FNDA:1,(anonymous_0)
FNDA:129,(anonymous_1)
FNDA:65,getOrderedListStyleValue
FNDA:25,(anonymous_3)
FNDA:12,convertDecimalsToAlpha
FNDA:9,convertDecimalsToRoman
DA:1,1
DA:2,1
DA:3,1
DA:7,1
DA:8,1
DA:9,1
DA:10,1
DA:11,1
DA:30,1
DA:35,129
DA:36,129
DA:38,129
DA:39,126
DA:41,126
DA:49,126
DA:50,47
DA:60,1
DA:64,65
DA:66,25
DA:68,4
DA:70,6
DA:72,6
DA:74,3
DA:76,6
DA:79,0
DA:85,12
DA:86,12
DA:88,12
DA:89,18
DA:90,18
DA:92,12
DA:96,9
DA:97,117
DA:98,117
DA:99,117
DA:100,117
DA:102,9
LF:37
LH:36
BRDA:38,0,0,126
BRDA:38,0,1,3
BRDA:38,1,0,129
BRDA:38,1,1,127
BRDA:38,1,2,127
BRDA:42,2,0,40
BRDA:42,2,1,86
BRDA:45,3,0,2
BRDA:45,3,1,38
BRDA:42,4,0,40
BRDA:42,4,1,40
BRDA:46,5,0,1
BRDA:46,5,1,85
BRDA:46,6,0,86
BRDA:46,6,1,86
BRDA:49,7,0,47
BRDA:49,7,1,79
BRDA:49,8,0,126
BRDA:49,8,1,126
BRDA:49,8,2,82
BRDA:49,8,3,56
BRDA:65,9,0,27
BRDA:65,9,1,38
BRDA:67,10,0,4
BRDA:67,10,1,6
BRDA:67,10,2,6
BRDA:67,10,3,3
BRDA:67,10,4,6
BRDA:92,11,0,6
BRDA:92,11,1,6
BRDA:102,12,0,3
BRDA:102,12,1,6
BRF:32
BRH:32
end_of_record
TN:
SF:packages-content-model/roosterjs-content-model-dom/lib/formatHandlers/list/listItemThreadFormatHandler.ts
FN:9,(anonymous_0)
FN:19,(anonymous_1)
FN:26,(anonymous_2)
FN:42,isLiUnderOl
FNF:4
FNH:4
FNDA:117,(anonymous_0)
FNDA:58,(anonymous_1)
FNDA:125,(anonymous_2)
FNDA:237,isLiUnderOl
DA:1,1
DA:8,1
DA:10,117
DA:11,117
DA:12,117
DA:14,117
DA:15,3
DA:16,114
DA:17,34
DA:18,34
DA:19,34
DA:22,58
DA:27,125
DA:28,2
DA:29,123
DA:30,37
DA:31,37
DA:32,37
DA:34,37
DA:35,36
DA:36,36
DA:43,237
LF:22
LH:22
BRDA:12,0,0,117
BRDA:12,0,1,114
BRDA:14,1,0,3
BRDA:14,1,1,114
BRDA:14,2,0,117
BRDA:14,2,1,110
BRDA:16,3,0,34
BRDA:16,3,1,80
BRDA:16,4,0,114
BRDA:16,4,1,35
BRDA:27,5,0,2
BRDA:27,5,1,123
BRDA:29,6,0,37
BRDA:29,6,1,86
BRDA:34,7,0,36
BRDA:34,7,1,1
BRDA:36,8,0,35
BRDA:36,8,1,1
BRDA:36,9,0,36
BRDA:36,9,1,36
BRDA:44,10,0,237
BRDA:44,10,1,237
BRF:22
BRH:22
end_of_record
TN:
SF:packages-content-model/roosterjs-content-model-dom/lib/formatHandlers/list/listLevelMetadataFormatHandler.ts
FN:59,(anonymous_0)
FN:77,(anonymous_1)
FN:90,getKeyFromValue
FN:95,(anonymous_3)
FNF:4
FNH:4
FNDA:123,(anonymous_0)
FNDA:114,(anonymous_1)
FNDA:12,getKeyFromValue
FNDA:218,(anonymous_3)
DA:2,1
DA:9,1
DA:35,1
DA:47,1
DA:58,1
DA:61,123
DA:63,123
DA:65,123
DA:66,14
DA:67,10
DA:68,10
DA:70,4
DA:71,2
DA:72,2
DA:78,114
DA:80,114
DA:84,114
DA:85,5
DA:95,218
DA:98,12
LF:20
LH:20
BRDA:61,0,0,123
BRDA:61,0,1,116
BRDA:61,0,2,45
BRDA:65,1,0,14
BRDA:65,1,1,109
BRDA:66,2,0,10
BRDA:66,2,1,4
BRDA:66,3,0,14
BRDA:66,3,1,11
BRDA:69,4,0,1
BRDA:69,4,1,9
BRDA:70,5,0,2
BRDA:70,5,1,2
BRDA:70,6,0,4
BRDA:70,6,1,3
BRDA:73,7,0,0
BRDA:73,7,1,2
BRDA:81,8,0,41
BRDA:81,8,1,73
BRDA:84,9,0,5
BRDA:84,9,1,109
BRDA:84,10,0,114
BRDA:84,10,1,8
BRDA:95,11,0,0
BRDA:95,11,1,12
BRF:25
BRH:23
end_of_record
TN:
SF:packages-content-model/roosterjs-content-model-dom/lib/formatHandlers/list/listLevelThreadFormatHandler.ts
FN:9,(anonymous_0)
FN:25,(anonymous_1)
FNF:2
FNH:2
FNDA:137,(anonymous_0)
FNDA:110,(anonymous_1)
DA:1,1
DA:8,1
DA:10,137
DA:11,49
DA:12,98
DA:13,49
DA:15,49
DA:19,4
DA:22,49
DA:27,110
DA:28,110
DA:29,110
DA:31,110
DA:32,35
DA:34,35
DA:35,4
DA:36,31
DA:37,29
DA:40,35
DA:41,35
LF:20
LH:20
BRDA:10,0,0,49
BRDA:10,0,1,88
BRDA:15,1,0,4
BRDA:15,1,1,45
BRDA:16,2,0,49
BRDA:16,2,1,7
BRDA:31,3,0,35
BRDA:31,3,1,75
BRDA:31,4,0,110
BRDA:31,4,1,109
BRDA:34,5,0,4
BRDA:34,5,1,31
BRDA:36,6,0,29
BRDA:36,6,1,2
BRF:14
BRH:14
end_of_record
TN:
SF:packages-content-model/roosterjs-content-model-dom/lib/formatHandlers/list/listStylePositionFormatHandler.ts
FN:8,(anonymous_0)
FN:15,(anonymous_1)
FNF:2
FNH:2
FNDA:138,(anonymous_0)
FNDA:113,(anonymous_1)
DA:7,1
DA:9,138
DA:11,138
DA:12,2
DA:16,113
DA:17,1
LF:6
LH:6
BRDA:11,0,0,2
BRDA:11,0,1,136
BRDA:16,1,0,1
BRDA:16,1,1,112
BRF:4
BRH:4
end_of_record
TN:
SF:packages-content-model/roosterjs-content-model-dom/lib/formatHandlers/segment/boldFormatHandler.ts
FN:9,(anonymous_0)
FN:16,(anonymous_1)
FNF:2
FNH:2
FNDA:876,(anonymous_0)
FNDA:635,(anonymous_1)
DA:1,1
DA:8,1
DA:10,876
DA:12,876
DA:13,81
DA:17,635
DA:18,577
DA:21,58
DA:23,58
DA:27,26
DA:28,21
DA:29,21
DA:30,21
DA:32,5
LF:14
LH:14
BRDA:10,0,0,876
BRDA:10,0,1,819
BRDA:12,1,0,81
BRDA:12,1,1,795
BRDA:17,2,0,577
BRDA:17,2,1,58
BRDA:23,3,0,26
BRDA:23,3,1,32
BRDA:24,4,0,58
BRDA:24,4,1,29
BRDA:24,4,2,55
BRDA:24,4,3,29
BRDA:24,4,4,29
BRDA:27,5,0,21
BRDA:27,5,1,5
BRDA:32,6,0,5
BRDA:32,6,1,0
BRF:17
BRH:16
end_of_record
TN:
SF:packages-content-model/roosterjs-content-model-dom/lib/formatHandlers/segment/fontFamilyFormatHandler.ts
FN:8,(anonymous_0)
FN:15,(anonymous_1)
FNF:2
FNH:2
FNDA:835,(anonymous_0)
FNDA:640,(anonymous_1)
DA:7,1
DA:9,835
DA:11,835
DA:12,69
DA:16,640
DA:17,30
LF:6
LH:6
BRDA:9,0,0,835
BRDA:9,0,1,772
BRDA:11,1,0,69
BRDA:11,1,1,766
BRDA:11,2,0,835
BRDA:11,2,1,70
BRDA:16,3,0,30
BRDA:16,3,1,610
BRDA:16,4,0,640
BRDA:16,4,1,44
BRF:10
BRH:10
end_of_record
TN:
SF:packages-content-model/roosterjs-content-model-dom/lib/formatHandlers/segment/fontSizeFormatHandler.ts
FN:10,(anonymous_0)
FN:24,(anonymous_1)
FN:43,normalizeFontSize
FNF:3
FNH:3
FNDA:848,(anonymous_0)
FNDA:633,(anonymous_1)
FNDA:63,normalizeFontSize
DA:1,1
DA:2,1
DA:9,1
DA:11,848
DA:12,848
DA:16,848
DA:17,73
DA:18,63
DA:19,10
DA:20,10
DA:25,633
DA:26,37
DA:32,1
DA:44,63
DA:46,63
DA:47,8
DA:48,55
DA:54,8
DA:55,4
DA:57,4
DA:59,4
DA:60,4
DA:62,1
DA:64,1
DA:66,2
DA:70,47
DA:71,0
DA:73,47
LF:28
LH:27
BRDA:11,0,0,848
BRDA:11,0,1,784
BRDA:12,1,0,848
BRDA:12,1,1,839
BRDA:16,2,0,73
BRDA:16,2,1,775
BRDA:16,3,0,848
BRDA:16,3,1,77
BRDA:16,3,2,73
BRDA:17,4,0,63
BRDA:17,4,1,10
BRDA:19,5,0,10
BRDA:19,5,1,0
BRDA:25,6,0,37
BRDA:25,6,1,596
BRDA:25,7,0,633
BRDA:25,7,1,46
BRDA:46,8,0,8
BRDA:46,8,1,55
BRDA:48,9,0,8
BRDA:48,9,1,47
BRDA:49,10,0,55
BRDA:49,10,1,53
BRDA:49,10,2,51
BRDA:49,10,3,49
BRDA:54,11,0,4
BRDA:54,11,1,4
BRDA:59,12,0,4
BRDA:59,12,1,0
BRDA:61,13,0,1
BRDA:61,13,1,1
BRDA:61,13,2,2
BRDA:70,14,0,0
BRDA:70,14,1,47
BRDA:70,15,0,47
BRDA:70,15,1,47
BRDA:70,15,2,47
BRF:37
BRH:34
end_of_record
TN:
SF:packages-content-model/roosterjs-content-model-dom/lib/formatHandlers/segment/italicFormatHandler.ts
FN:9,(anonymous_0)
FN:18,(anonymous_1)
FNF:2
FNH:2
FNDA:843,(anonymous_0)
FNDA:632,(anonymous_1)
DA:1,1
DA:8,1
DA:10,843
DA:12,843
DA:13,10
DA:14,833
DA:15,13
DA:19,632
DA:20,617
DA:23,15
DA:25,15
DA:26,4
DA:27,4
DA:28,4
DA:29,4
DA:31,0
LF:16
LH:15
BRDA:10,0,0,843
BRDA:10,0,1,824
BRDA:12,1,0,10
BRDA:12,1,1,833
BRDA:12,2,0,843
BRDA:12,2,1,837
BRDA:14,3,0,13
BRDA:14,3,1,820
BRDA:14,4,0,833
BRDA:14,4,1,829
BRDA:19,5,0,617
BRDA:19,5,1,15
BRDA:25,6,0,4
BRDA:25,6,1,11
BRDA:26,7,0,4
BRDA:26,7,1,0
BRF:16
BRH:15
end_of_record
TN:
SF:packages-content-model/roosterjs-content-model-dom/lib/formatHandlers/segment/letterSpacingFormatHandler.ts
FN:8,(anonymous_0)
FN:15,(anonymous_1)
FNF:2
FNH:2
FNDA:828,(anonymous_0)
FNDA:630,(anonymous_1)
DA:7,1
DA:9,828
DA:11,828
DA:12,8
DA:16,630
DA:17,8
LF:6
LH:6
BRDA:9,0,0,828
BRDA:9,0,1,820
BRDA:11,1,0,8
BRDA:11,1,1,820
BRDA:16,2,0,8
BRDA:16,2,1,622
BRF:6
BRH:6
end_of_record
TN:
SF:packages-content-model/roosterjs-content-model-dom/lib/formatHandlers/segment/linkFormatHandler.ts
FN:9,(anonymous_0)
FN:48,(anonymous_1)
FNF:2
FNH:2
FNDA:23,(anonymous_0)
FNDA:34,(anonymous_1)
DA:1,1
DA:8,1
DA:10,23
DA:11,22
DA:12,22
DA:13,22
DA:14,22
DA:15,22
DA:16,22
DA:17,22
DA:19,22
DA:20,1
DA:23,22
DA:24,21
DA:27,22
DA:28,1
DA:31,22
DA:32,1
DA:35,22
DA:36,1
DA:39,22
DA:40,1
DA:43,22
DA:44,1
DA:49,34
DA:50,33
DA:52,33
DA:53,1
DA:56,33
DA:57,1
DA:60,33
DA:61,1
DA:64,33
DA:65,1
DA:68,33
DA:69,2
DA:72,33
DA:73,1
LF:38
LH:38
BRDA:10,0,0,22
BRDA:10,0,1,1
BRDA:19,1,0,1
BRDA:19,1,1,21
BRDA:23,2,0,21
BRDA:23,2,1,1
BRDA:27,3,0,1
BRDA:27,3,1,21
BRDA:31,4,0,1
BRDA:31,4,1,21
BRDA:35,5,0,1
BRDA:35,5,1,21
BRDA:39,6,0,1
BRDA:39,6,1,21
BRDA:43,7,0,1
BRDA:43,7,1,21
BRDA:49,8,0,33
BRDA:49,8,1,1
BRDA:49,9,0,34
BRDA:49,9,1,33
BRDA:52,10,0,1
BRDA:52,10,1,32
BRDA:56,11,0,1
BRDA:56,11,1,32
BRDA:60,12,0,1
BRDA:60,12,1,32
BRDA:64,13,0,1
BRDA:64,13,1,32
BRDA:68,14,0,2
BRDA:68,14,1,31
BRDA:72,15,0,1
BRDA:72,15,1,32
BRF:32
BRH:32
end_of_record
TN:
SF:packages-content-model/roosterjs-content-model-dom/lib/formatHandlers/segment/strikeFormatHandler.ts
FN:9,(anonymous_0)
FN:16,(anonymous_1)
FNF:2
FNH:2
FNDA:837,(anonymous_0)
FNDA:632,(anonymous_1)
DA:1,1
DA:8,1
DA:10,837
DA:12,837
DA:13,8
DA:17,632
DA:18,5
DA:19,5
DA:20,5
LF:9
LH:9
BRDA:10,0,0,837
BRDA:10,0,1,826
BRDA:12,1,0,8
BRDA:12,1,1,829
BRDA:12,2,0,821
BRDA:12,2,1,16
BRDA:12,3,0,837
BRDA:12,3,1,837
BRDA:17,4,0,5
BRDA:17,4,1,627
BRF:10
BRH:10
end_of_record
TN:
SF:packages-content-model/roosterjs-content-model-dom/lib/formatHandlers/segment/superOrSubScriptFormatHandler.ts
FN:9,(anonymous_0)
FN:21,(anonymous_1)
FN:26,(anonymous_2)
FN:42,isSuperOrSubScript
FNF:4
FNH:4
FNDA:835,(anonymous_0)
FNDA:632,(anonymous_1)
FNDA:6,(anonymous_2)
FNDA:912,isSuperOrSubScript
DA:1,1
DA:8,1
DA:10,835
DA:11,835
DA:13,835
DA:14,10
DA:22,632
DA:23,5
DA:27,6
DA:29,6
DA:30,6
DA:31,6
DA:32,6
DA:42,1
DA:46,912
LF:15
LH:15
BRDA:10,0,0,835
BRDA:10,0,1,821
BRDA:11,1,0,835
BRDA:11,1,1,785
BRDA:13,2,0,10
BRDA:13,2,1,825
BRDA:14,3,0,10
BRDA:14,3,1,8
BRDA:22,4,0,5
BRDA:22,4,1,627
BRDA:27,5,0,3
BRDA:27,5,1,3
BRDA:27,6,0,3
BRDA:27,6,1,0
BRDA:29,7,0,6
BRDA:29,7,1,0
BRDA:46,8,0,912
BRDA:46,8,1,16
BRDA:46,8,2,7
BRF:19
BRH:17
end_of_record
TN:
SF:packages-content-model/roosterjs-content-model-dom/lib/formatHandlers/segment/textColorFormatHandler.ts
FN:9,(anonymous_0)
FN:22,(anonymous_1)
FNF:2
FNH:2
FNDA:879,(anonymous_0)
FNDA:724,(anonymous_1)
DA:1,1
DA:8,1
DA:11,879
DA:18,879
DA:19,36
DA:23,724
DA:25,724
DA:26,32
LF:8
LH:8
BRDA:11,0,0,879
BRDA:11,0,1,843
BRDA:18,1,0,36
BRDA:18,1,1,843
BRDA:18,2,0,879
BRDA:18,2,1,36
BRDA:25,3,0,32
BRDA:25,3,1,692
BRDA:25,4,0,724
BRDA:25,4,1,32
BRF:10
BRH:10
end_of_record
TN:
SF:packages-content-model/roosterjs-content-model-dom/lib/formatHandlers/segment/underlineFormatHandler.ts
FN:9,(anonymous_0)
FN:18,(anonymous_1)
FNF:2
FNH:2
FNDA:858,(anonymous_0)
FNDA:666,(anonymous_1)
DA:1,1
DA:8,1
DA:10,858
DA:12,858
DA:13,9
DA:14,849
DA:15,0
DA:19,666
DA:20,630
DA:23,36
DA:25,36
DA:26,7
DA:27,6
DA:28,6
DA:29,6
DA:31,1
LF:16
LH:15
BRDA:10,0,0,858
BRDA:10,0,1,846
BRDA:12,1,0,9
BRDA:12,1,1,849
BRDA:12,2,0,841
BRDA:12,2,1,17
BRDA:12,3,0,858
BRDA:12,3,1,858
BRDA:14,4,0,0
BRDA:14,4,1,849
BRDA:14,5,0,849
BRDA:14,5,1,43
BRDA:19,6,0,630
BRDA:19,6,1,36
BRDA:25,7,0,7
BRDA:25,7,1,29
BRDA:26,8,0,6
BRDA:26,8,1,1
BRF:18
BRH:17
end_of_record
TN:
SF:packages-content-model/roosterjs-content-model-dom/lib/formatHandlers/table/tableLayoutFormatHandler.ts
FN:8,(anonymous_0)
FN:14,(anonymous_1)
FNF:2
FNH:2
FNDA:47,(anonymous_0)
FNDA:39,(anonymous_1)
DA:7,1
DA:9,47
DA:10,47
DA:11,4
DA:15,39
DA:16,2
LF:6
LH:6
BRDA:10,0,0,4
BRDA:10,0,1,43
BRDA:10,1,0,47
BRDA:10,1,1,5
BRDA:15,2,0,2
BRDA:15,2,1,37
BRF:6
BRH:6
end_of_record
TN:
SF:packages-content-model/roosterjs-content-model-dom/lib/formatHandlers/table/tableSpacingFormatHandler.ts
FN:10,(anonymous_0)
FN:15,(anonymous_1)
FNF:2
FNH:2
FNDA:110,(anonymous_0)
FNDA:39,(anonymous_1)
DA:4,1
DA:9,1
DA:11,110
DA:12,6
DA:16,39
DA:17,4
DA:18,4
DA:19,4
LF:8
LH:8
BRDA:11,0,0,6
BRDA:11,0,1,104
BRDA:16,1,0,4
BRDA:16,1,1,35
BRF:4
BRH:4
end_of_record
TN:
SF:packages-content-model/roosterjs-content-model-dom/lib/formatHandlers/table/textColorOnTableCellFormatHandler.ts
FN:8,(anonymous_0)
FN:16,(anonymous_1)
FNF:2
FNH:1
FNDA:67,(anonymous_0)
FNDA:0,(anonymous_1)
DA:7,1
DA:9,67
DA:13,7
LF:3
LH:3
BRDA:9,0,0,7
BRDA:9,0,1,60
BRF:2
BRH:2
end_of_record
TN:
SF:packages-content-model/roosterjs-content-model-dom/lib/formatHandlers/utils/color.ts
FN:36,getColor
FN:67,setColor
FN:92,tryGetFontColor
FNF:3
FNH:3
FNDA:1776,getColor
FNDA:54,setColor
FNDA:157,tryGetFontColor
DA:1,1
DA:7,1
DA:36,1
DA:44,1776
DA:45,1776
DA:53,1776
DA:54,28
DA:57,1776
DA:58,157
DA:61,1776
DA:67,1
DA:74,54
DA:78,54
DA:79,19
DA:81,35
DA:100,157
LF:16
LH:16
BRDA:44,0,0,1776
BRDA:44,0,1,0
BRDA:46,1,0,1776
BRDA:46,1,1,157
BRDA:46,1,2,1775
BRDA:46,1,3,1689
BRDA:46,1,4,1684
BRDA:48,2,0,890
BRDA:48,2,1,885
BRDA:49,3,0,846
BRDA:49,3,1,843
BRDA:53,4,0,28
BRDA:53,4,1,1748
BRDA:53,5,0,1776
BRDA:53,5,1,92
BRDA:57,6,0,157
BRDA:57,6,1,1619
BRDA:75,7,0,32
BRDA:75,7,1,22
BRDA:78,8,0,19
BRDA:78,8,1,35
BRDA:104,9,0,1
BRDA:104,9,1,156
BRDA:100,10,0,157
BRDA:100,10,1,1
BRDA:100,10,2,1
BRDA:100,10,3,1
BRDA:101,11,0,0
BRDA:101,11,1,1
BRDA:103,12,0,0
BRDA:103,12,1,1
BRF:31
BRH:28
end_of_record
TN:
SF:packages-content-model/roosterjs-content-model-dom/lib/formatHandlers/utils/dir.ts
FN:30,calcAlign
FNF:1
FNH:1
FNDA:52,calcAlign
DA:4,1
DA:30,1
DA:31,52
DA:33,12
DA:36,20
DA:39,7
DA:43,11
DA:47,2
DA:50,0
LF:9
LH:8
BRDA:32,0,0,12
BRDA:32,0,1,20
BRDA:32,0,2,7
BRDA:32,0,3,7
BRDA:32,0,4,11
BRDA:32,0,5,2
BRDA:32,0,6,2
BRDA:32,0,7,0
BRDA:36,1,0,2
BRDA:36,1,1,18
BRDA:39,2,0,3
BRDA:39,2,1,4
BRF:12
BRH:11
end_of_record
TN:
SF:packages-content-model/roosterjs-content-model-dom/lib/formatHandlers/utils/parseValueWithUnit.ts
FN:11,parseValueWithUnit
FN:52,getFontSize
FN:66,ptToPx
FN:70,pxToPt
FNF:4
FNH:4
FNDA:141,parseValueWithUnit
FNDA:26,getFontSize
FNDA:53,ptToPx
FNDA:26,pxToPt
DA:1,1
DA:3,1
DA:11,1
DA:12,150
DA:14,250
DA:16,141
DA:17,141
DA:19,141
DA:20,120
DA:21,120
DA:23,120
DA:25,45
DA:26,45
DA:28,41
DA:29,41
DA:31,9
DA:32,9
DA:34,8
DA:35,8
DA:37,9
DA:38,9
DA:41,8
DA:45,141
DA:46,26
DA:49,141
DA:53,26
DA:54,0
DA:55,26
DA:56,14
DA:58,12
DA:59,12
DA:60,12
DA:62,12
DA:67,53
DA:71,26
LF:35
LH:34
BRDA:12,0,0,9
BRDA:12,0,1,132
BRDA:14,1,0,109
BRDA:14,1,1,32
BRDA:19,2,0,120
BRDA:19,2,1,21
BRDA:24,3,0,45
BRDA:24,3,1,41
BRDA:24,3,2,9
BRDA:24,3,3,8
BRDA:24,3,4,9
BRDA:24,3,5,8
BRDA:45,4,0,26
BRDA:45,4,1,115
BRDA:45,5,0,141
BRDA:45,5,1,84
BRDA:53,6,0,0
BRDA:53,6,1,26
BRDA:55,7,0,14
BRDA:55,7,1,12
BRF:20
BRH:19
end_of_record
TN:
SF:packages-content-model/roosterjs-content-model-dom/lib/modelApi/block/setParagraphNotImplicit.ts
FN:7,setParagraphNotImplicit
FNF:1
FNH:1
FNDA:155,setParagraphNotImplicit
DA:7,1
DA:8,155
DA:9,46
LF:3
LH:3
BRDA:8,0,0,46
BRDA:8,0,1,109
BRDA:8,1,0,155
BRDA:8,1,1,153
BRF:4
BRH:4
end_of_record
TN:
SF:packages-content-model/roosterjs-content-model-dom/lib/modelApi/common/addBlock.ts
FN:8,addBlock
FNF:1
FNH:1
FNDA:887,addBlock
DA:8,1
DA:9,887
LF:2
LH:2
BRF:0
BRH:0
end_of_record
TN:
SF:packages-content-model/roosterjs-content-model-dom/lib/modelApi/common/addDecorators.ts
FN:11,addLink
FN:25,addCode
FN:36,addDecorators
FNF:3
FNH:3
FNDA:464,addLink
FNDA:442,addCode
FNDA:432,addDecorators
DA:11,1
DA:12,464
DA:13,58
DA:25,1
DA:26,442
DA:27,14
DA:36,1
DA:37,432
DA:38,432
LF:9
LH:9
BRDA:12,0,0,58
BRDA:12,0,1,406
BRDA:26,1,0,14
BRDA:26,1,1,428
BRF:4
BRH:4
end_of_record
TN:
SF:packages-content-model/roosterjs-content-model-dom/lib/modelApi/common/addSegment.ts
FN:16,addSegment
FNF:1
FNH:1
FNDA:584,addSegment
DA:1,1
DA:16,1
DA:21,584
DA:22,584
DA:24,584
DA:25,80
DA:26,73
DA:29,504
DA:30,6
DA:33,504
DA:36,584
LF:11
LH:11
BRDA:24,0,0,80
BRDA:24,0,1,504
BRDA:25,1,0,73
BRDA:25,1,1,7
BRDA:25,2,0,80
BRDA:25,2,1,22
BRDA:29,3,0,6
BRDA:29,3,1,498
BRDA:29,4,0,504
BRDA:29,4,1,69
BRDA:29,5,0,47
BRDA:29,5,1,22
BRDA:29,6,0,69
BRDA:29,6,1,69
BRF:14
BRH:14
end_of_record
TN:
SF:packages-content-model/roosterjs-content-model-dom/lib/modelApi/common/applySegmentFormatToElement.ts
FN:10,applySegmentFormatToElement
FNF:1
FNH:1
FNDA:19,applySegmentFormatToElement
DA:1,1
DA:2,1
DA:10,1
DA:14,19
DA:15,19
LF:5
LH:5
BRF:0
BRH:0
end_of_record
TN:
SF:packages-content-model/roosterjs-content-model-dom/lib/modelApi/common/ensureParagraph.ts
FN:14,ensureParagraph
FNF:1
FNH:1
FNDA:950,ensureParagraph
DA:1,1
DA:2,1
DA:14,1
DA:18,950
DA:20,950
DA:21,618
DA:23,332
DA:24,332
DA:26,332
LF:9
LH:9
BRDA:20,0,0,618
BRDA:20,0,1,332
BRDA:20,1,0,327
BRDA:20,1,1,623
BRDA:20,2,0,950
BRDA:20,2,1,950
BRF:6
BRH:6
end_of_record
TN:
SF:packages-content-model/roosterjs-content-model-dom/lib/modelApi/common/hasSpacesOnly.ts
FN:10,hasSpacesOnly
FNF:1
FNH:1
FNDA:792,hasSpacesOnly
DA:3,1
DA:10,1
DA:11,792
LF:3
LH:3
BRF:0
BRH:0
end_of_record
TN:
SF:packages-content-model/roosterjs-content-model-dom/lib/modelApi/common/isEmpty.ts
FN:10,isBlockEmpty
FN:16,(anonymous_1)
FN:32,isBlockGroupEmpty
FN:54,isSegmentEmpty
FN:70,isEmpty
FN:84,isSegment
FN:90,isBlock
FN:96,isBlockGroup
FNF:8
FNH:8
FNDA:1049,isBlockEmpty
FNDA:73,(anonymous_1)
FNDA:202,isBlockGroupEmpty
FNDA:610,isSegmentEmpty
FNDA:23,isEmpty
FNDA:6,isSegment
FNDA:13,isBlock
FNDA:23,isBlockGroup
DA:10,1
DA:11,1049
DA:13,803
DA:16,73
DA:19,170
DA:22,2
DA:25,2
DA:32,1
DA:33,202
DA:36,55
DA:39,135
DA:44,12
DA:47,0
DA:54,1
DA:55,610
DA:57,429
DA:60,15
DA:63,166
DA:70,1
DA:73,23
DA:74,10
DA:75,13
DA:76,7
DA:77,6
DA:78,6
DA:81,0
DA:87,6
DA:93,13
DA:99,23
LF:29
LH:27
BRDA:12,0,0,803
BRDA:12,0,1,72
BRDA:12,0,2,170
BRDA:12,0,3,2
BRDA:12,0,4,2
BRDA:34,1,0,55
BRDA:34,1,1,135
BRDA:34,1,2,3
BRDA:34,1,3,11
BRDA:34,1,4,12
BRDA:34,1,5,0
BRDA:36,2,0,31
BRDA:36,2,1,24
BRDA:56,3,0,429
BRDA:56,3,1,15
BRDA:56,3,2,166
BRDA:73,4,0,10
BRDA:73,4,1,13
BRDA:75,5,0,7
BRDA:75,5,1,6
BRDA:77,6,0,6
BRDA:77,6,1,0
BRF:22
BRH:20
end_of_record
TN:
SF:packages-content-model/roosterjs-content-model-dom/lib/modelApi/common/isGeneralSegment.ts
FN:10,isGeneralSegment
FNF:1
FNH:1
FNDA:145,isGeneralSegment
DA:10,1
DA:13,145
LF:2
LH:2
BRDA:14,0,0,145
BRDA:14,0,1,14
BRF:2
BRH:2
end_of_record
TN:
SF:packages-content-model/roosterjs-content-model-dom/lib/modelApi/common/isWhiteSpacePreserved.ts
FN:10,isWhiteSpacePreserved
FNF:1
FNH:1
FNDA:725,isWhiteSpacePreserved
DA:4,1
DA:10,1
DA:11,725
LF:3
LH:3
BRDA:12,0,0,725
BRDA:12,0,1,55
BRDA:12,0,2,696
BRF:3
BRH:3
end_of_record
TN:
SF:packages-content-model/roosterjs-content-model-dom/lib/modelApi/common/normalizeContentModel.ts
FN:15,normalizeContentModel
FNF:1
FNH:1
FNDA:494,normalizeContentModel
DA:1,1
DA:2,1
DA:3,1
DA:15,1
DA:16,494
DA:17,848
DA:19,848
DA:21,170
DA:22,2
DA:23,2
DA:25,168
DA:27,170
DA:29,647
DA:30,647
DA:32,28
DA:33,39
DA:34,81
DA:35,81
DA:39,28
DA:42,848
DA:43,241
LF:21
LH:21
BRDA:20,0,0,170
BRDA:20,0,1,647
BRDA:20,0,2,28
BRDA:21,1,0,2
BRDA:21,1,1,168
BRDA:21,2,0,170
BRDA:21,2,1,133
BRDA:34,3,0,81
BRDA:34,3,1,0
BRDA:42,4,0,241
BRDA:42,4,1,607
BRF:11
BRH:10
end_of_record
TN:
SF:packages-content-model/roosterjs-content-model-dom/lib/modelApi/common/normalizeParagraph.ts
FN:10,normalizeParagraph
FN:23,(anonymous_1)
FN:45,removeEmptySegments
FN:53,removeEmptyLinks
FN:54,(anonymous_4)
FNF:5
FNH:5
FNDA:647,normalizeParagraph
FNDA:110,(anonymous_1)
FNDA:647,removeEmptySegments
FNDA:647,removeEmptyLinks
FNDA:542,(anonymous_4)
DA:1,1
DA:2,1
DA:3,1
DA:4,1
DA:5,1
DA:10,1
DA:11,647
DA:13,647
DA:14,236
DA:15,236
DA:17,236
DA:21,9
DA:22,227
DA:23,110
DA:27,43
DA:31,12
DA:36,647
DA:37,623
DA:40,647
DA:42,647
DA:46,647
DA:47,604
DA:48,7
DA:54,647
DA:55,647
DA:56,108
DA:57,108
DA:58,108
DA:59,108
DA:71,1
LF:30
LH:30
BRDA:13,0,0,236
BRDA:13,0,1,411
BRDA:13,1,0,647
BRDA:13,1,1,294
BRDA:17,2,0,9
BRDA:17,2,1,227
BRDA:18,3,0,236
BRDA:18,3,1,40
BRDA:18,3,2,32
BRDA:22,4,0,43
BRDA:22,4,1,184
BRDA:22,5,0,227
BRDA:22,5,1,117
BRDA:27,6,0,12
BRDA:27,6,1,31
BRDA:28,7,0,43
BRDA:28,7,1,14
BRDA:36,8,0,623
BRDA:36,8,1,24
BRDA:47,9,0,7
BRDA:47,9,1,597
BRDA:55,10,0,108
BRDA:55,10,1,539
BRDA:59,11,0,1
BRDA:59,11,1,107
BRDA:60,12,0,108
BRDA:60,12,1,60
BRDA:60,12,2,54
BRDA:60,12,3,40
BRDA:60,12,4,12
BRDA:60,12,5,12
BRDA:60,12,6,40
BRDA:60,12,7,107
BRDA:60,12,8,48
BRDA:60,12,9,0
BRDA:60,12,10,0
BRDA:60,12,11,0
BRF:37
BRH:34
end_of_record
TN:
SF:packages-content-model/roosterjs-content-model-dom/lib/modelApi/common/normalizeSegment.ts
FN:16,normalizeAllSegments
FN:19,(anonymous_1)
FN:32,normalizeSingleSegment
FN:56,createNormalizeSegmentContext
FN:60,resetNormalizeSegmentContext
FN:75,normalizeSegment
FN:127,normalizeTextSegments
FN:131,(anonymous_7)
FN:148,normalizeLastTextSegment
FNF:9
FNH:9
FNDA:623,normalizeAllSegments
FNDA:571,(anonymous_1)
FNDA:22,normalizeSingleSegment
FNDA:8,createNormalizeSegmentContext
FNDA:706,resetNormalizeSegmentContext
FNDA:601,normalizeSegment
FNDA:676,normalizeTextSegments
FNDA:393,(anonymous_7)
FNDA:676,normalizeLastTextSegment
DA:1,1
DA:8,1
DA:9,1
DA:10,1
DA:11,1
DA:16,1
DA:17,623
DA:19,623
DA:20,571
DA:23,623
DA:24,623
DA:32,1
DA:34,44
DA:36,22
DA:38,22
DA:39,22
DA:56,1
DA:57,8
DA:63,706
DA:75,1
DA:76,601
DA:78,53
DA:79,53
DA:82,53
DA:83,53
DA:91,19
DA:92,19
DA:93,19
DA:96,420
DA:97,420
DA:98,420
DA:100,420
DA:101,420
DA:103,420
DA:104,412
DA:106,37
DA:112,412
DA:114,43
DA:121,420
DA:123,420
DA:131,676
DA:134,393
DA:135,58
DA:137,58
DA:142,4
DA:152,676
DA:154,30
LF:47
LH:47
BRDA:34,0,0,22
BRDA:34,0,1,0
BRDA:63,1,0,53
BRDA:63,1,1,653
BRDA:63,2,0,706
BRDA:63,2,1,706
BRDA:77,3,0,53
BRDA:77,3,1,2
BRDA:77,3,2,3
BRDA:77,3,3,19
BRDA:77,3,4,420
BRDA:103,4,0,412
BRDA:103,4,1,8
BRDA:104,5,0,37
BRDA:104,5,1,375
BRDA:108,6,0,33
BRDA:108,6,1,4
BRDA:112,7,0,43
BRDA:112,7,1,369
BRDA:116,8,0,37
BRDA:116,8,1,6
BRDA:134,9,0,58
BRDA:134,9,1,335
BRDA:137,10,0,4
BRDA:137,10,1,54
BRDA:138,11,0,58
BRDA:138,11,1,5
BRDA:138,11,2,5
BRDA:152,12,0,30
BRDA:152,12,1,646
BRDA:152,13,0,676
BRDA:152,13,1,336
BRDA:152,13,2,335
BRDA:152,14,0,0
BRDA:152,14,1,335
BRDA:152,15,0,335
BRDA:152,15,1,335
BRF:37
BRH:35
end_of_record
TN:
SF:packages-content-model/roosterjs-content-model-dom/lib/modelApi/common/unwrapBlock.ts
FN:9,unwrapBlock
FNF:1
FNH:1
FNDA:8,unwrapBlock
DA:1,1
DA:9,1
DA:13,8
DA:15,8
DA:16,6
DA:18,6
LF:6
LH:6
BRDA:13,0,0,7
BRDA:13,0,1,1
BRDA:13,1,0,8
BRDA:13,1,1,8
BRDA:13,2,0,1
BRDA:13,2,1,7
BRDA:13,3,0,8
BRDA:13,3,1,7
BRDA:15,4,0,6
BRDA:15,4,1,2
BRDA:18,5,0,0
BRDA:18,5,1,6
BRDA:18,6,0,6
BRDA:18,6,1,6
BRF:14
BRH:13
end_of_record
TN:
SF:packages-content-model/roosterjs-content-model-dom/lib/modelApi/creators/createBr.ts
FN:7,createBr
FNF:1
FNH:1
FNDA:135,createBr
DA:7,1
DA:8,135
LF:2
LH:2
BRDA:10,0,0,47
BRDA:10,0,1,88
BRF:2
BRH:2
end_of_record
TN:
SF:packages-content-model/roosterjs-content-model-dom/lib/modelApi/creators/createContentModelDocument.ts
FN:10,createContentModelDocument
FNF:1
FNH:1
FNDA:1009,createContentModelDocument
DA:10,1
DA:13,1009
DA:18,1009
DA:19,60
DA:22,1009
LF:5
LH:5
BRDA:18,0,0,60
BRDA:18,0,1,949
BRF:2
BRH:2
end_of_record
TN:
SF:packages-content-model/roosterjs-content-model-dom/lib/modelApi/creators/createDivider.ts
FN:8,createDivider
FNF:1
FNH:1
FNDA:49,createDivider
DA:8,1
DA:12,49
LF:2
LH:2
BRDA:15,0,0,6
BRDA:15,0,1,43
BRF:2
BRH:2
end_of_record
TN:
SF:packages-content-model/roosterjs-content-model-dom/lib/modelApi/creators/createEntity.ts
FN:11,createEntity
FNF:1
FNH:1
FNDA:39,createEntity
DA:11,1
DA:18,39
LF:2
LH:2
BRF:0
BRH:0
end_of_record
TN:
SF:packages-content-model/roosterjs-content-model-dom/lib/modelApi/creators/createFormatContainer.ts
FN:11,createFormatContainer
FNF:1
FNH:1
FNDA:128,createFormatContainer
DA:11,1
DA:15,128
LF:2
LH:2
BRDA:20,0,0,128
BRDA:20,0,1,52
BRF:2
BRH:2
end_of_record
TN:
SF:packages-content-model/roosterjs-content-model-dom/lib/modelApi/creators/createGeneralBlock.ts
FN:7,createGeneralBlock
FNF:1
FNH:1
FNDA:25,createGeneralBlock
DA:7,1
DA:8,25
LF:2
LH:2
BRF:0
BRH:0
end_of_record
TN:
SF:packages-content-model/roosterjs-content-model-dom/lib/modelApi/creators/createGeneralSegment.ts
FN:11,createGeneralSegment
FNF:1
FNH:1
FNDA:31,createGeneralSegment
DA:11,1
DA:15,31
LF:2
LH:2
BRDA:19,0,0,7
BRDA:19,0,1,24
BRF:2
BRH:2
end_of_record
TN:
SF:packages-content-model/roosterjs-content-model-dom/lib/modelApi/creators/createImage.ts
FN:8,createImage
FNF:1
FNH:1
FNDA:62,createImage
DA:8,1
DA:9,62
LF:2
LH:2
BRDA:12,0,0,23
BRDA:12,0,1,39
BRF:2
BRH:2
end_of_record
TN:
SF:packages-content-model/roosterjs-content-model-dom/lib/modelApi/creators/createListItem.ts
FN:14,createListItem
FN:23,(anonymous_1)
FNF:2
FNH:2
FNDA:299,createListItem
FNDA:363,(anonymous_1)
DA:1,1
DA:2,1
DA:14,1
DA:18,299
DA:23,363
LF:5
LH:5
BRDA:23,0,0,299
BRDA:23,0,1,0
BRF:2
BRH:1
end_of_record
TN:
SF:packages-content-model/roosterjs-content-model-dom/lib/modelApi/creators/createListLevel.ts
FN:13,createListLevel
FNF:1
FNH:1
FNDA:659,createListLevel
DA:13,1
DA:18,659
LF:2
LH:2
BRF:0
BRH:0
end_of_record
TN:
SF:packages-content-model/roosterjs-content-model-dom/lib/modelApi/creators/createParagraph.ts
FN:15,createParagraph
FNF:1
FNH:1
FNDA:1781,createParagraph
DA:15,1
DA:21,1781
DA:27,1781
DA:28,77
DA:31,1781
DA:32,790
DA:35,1781
DA:36,67
DA:42,1781
LF:9
LH:9
BRDA:24,0,0,778
BRDA:24,0,1,1003
BRDA:27,1,0,77
BRDA:27,1,1,1704
BRDA:27,2,0,1781
BRDA:27,2,1,233
BRDA:31,3,0,790
BRDA:31,3,1,991
BRDA:35,4,0,67
BRDA:35,4,1,1714
BRF:10
BRH:10
end_of_record
TN:
SF:packages-content-model/roosterjs-content-model-dom/lib/modelApi/creators/createParagraphDecorator.ts
FN:11,createParagraphDecorator
FNF:1
FNH:1
FNDA:67,createParagraphDecorator
DA:11,1
DA:15,67
LF:2
LH:2
BRDA:17,0,0,67
BRDA:17,0,1,59
BRF:2
BRH:2
end_of_record
TN:
SF:packages-content-model/roosterjs-content-model-dom/lib/modelApi/creators/createSelectionMarker.ts
FN:10,createSelectionMarker
FNF:1
FNH:1
FNDA:648,createSelectionMarker
DA:10,1
DA:13,648
LF:2
LH:2
BRDA:16,0,0,332
BRDA:16,0,1,316
BRF:2
BRH:2
end_of_record
TN:
SF:packages-content-model/roosterjs-content-model-dom/lib/modelApi/creators/createTable.ts
FN:12,createTable
FNF:1
FNH:1
FNDA:254,createTable
DA:12,1
DA:13,254
DA:15,254
DA:16,390
DA:23,254
LF:5
LH:5
BRDA:26,0,0,254
BRDA:26,0,1,204
BRF:2
BRH:2
end_of_record
TN:
SF:packages-content-model/roosterjs-content-model-dom/lib/modelApi/creators/createTableCell.ts
FN:13,createTableCell
FNF:1
FNH:1
FNDA:897,createTableCell
DA:13,1
DA:20,897
DA:22,897
DA:23,897
LF:4
LH:4
BRDA:20,0,0,139
BRDA:20,0,1,758
BRDA:22,1,0,139
BRDA:22,1,1,758
BRDA:26,2,0,485
BRDA:26,2,1,412
BRF:6
BRH:6
end_of_record
TN:
SF:packages-content-model/roosterjs-content-model-dom/lib/modelApi/creators/createText.ts
FN:16,createText
FNF:1
FNH:1
FNDA:1036,createText
DA:1,1
DA:16,1
DA:22,1036
DA:28,1036
DA:29,3
DA:32,1036
DA:33,1
DA:36,1036
LF:8
LH:8
BRDA:25,0,0,468
BRDA:25,0,1,568
BRDA:28,1,0,3
BRDA:28,1,1,1033
BRDA:32,2,0,1
BRDA:32,2,1,1035
BRF:6
BRH:6
end_of_record
TN:
SF:packages-content-model/roosterjs-content-model-dom/lib/modelToDom/contentModelToDom.ts
FN:23,contentModelToDom
FN:41,extractSelectionRange
FN:85,calcPosition
FNF:3
FNH:3
FNDA:113,contentModelToDom
FNDA:113,extractSelectionRange
FNDA:36,calcPosition
DA:1,1
DA:2,1
DA:23,1
DA:30,113
DA:32,113
DA:34,113
DA:36,113
DA:38,113
DA:43,113
DA:46,339
DA:51,113
DA:52,0
DA:58,113
DA:62,18
DA:64,18
DA:69,95
DA:70,0
DA:81,95
DA:88,36
DA:89,36
DA:90,0
DA:91,36
DA:92,36
DA:94,0
DA:103,36
DA:104,0
DA:107,36
LF:27
LH:22
BRDA:51,0,0,0
BRDA:51,0,1,113
BRDA:51,1,0,113
BRDA:51,1,1,0
BRDA:51,2,0,113
BRDA:51,2,1,113
BRDA:58,3,0,18
BRDA:58,3,1,95
BRDA:59,4,0,113
BRDA:59,4,1,18
BRDA:59,5,0,113
BRDA:59,5,1,18
BRDA:60,6,0,18
BRDA:60,6,1,18
BRDA:69,7,0,0
BRDA:69,7,1,95
BRDA:69,8,0,95
BRDA:69,8,1,0
BRDA:69,9,0,95
BRDA:69,9,1,95
BRDA:88,10,0,36
BRDA:88,10,1,0
BRDA:89,11,0,0
BRDA:89,11,1,36
BRDA:91,12,0,36
BRDA:91,12,1,0
BRDA:92,13,0,36
BRDA:92,13,1,16
BRDA:92,14,0,0
BRDA:92,14,1,36
BRDA:92,15,0,36
BRDA:92,15,1,36
BRDA:103,16,0,0
BRDA:103,16,1,36
BRDA:103,17,0,0
BRDA:103,17,1,36
BRDA:103,18,0,36
BRDA:103,18,1,36
BRDA:104,19,0,0
BRDA:104,19,1,0
BRDA:104,20,0,0
BRDA:104,20,1,0
BRF:42
BRH:28
end_of_record
TN:
SF:packages-content-model/roosterjs-content-model-dom/lib/modelToDom/context/createModelToDomContext.ts
FN:24,createModelToDomContext
FN:36,createModelToDomContextWithConfig
FN:49,createModelToDomSelectionContext
FN:60,createModelToDomFormatContext
FN:74,createModelToDomConfig
FN:81,(anonymous_5)
FN:84,(anonymous_6)
FN:85,(anonymous_7)
FN:96,buildFormatAppliers
FN:102,(anonymous_9)
FN:105,(anonymous_10)
FN:112,(anonymous_11)
FNF:12
FNH:12
FNDA:446,createModelToDomContext
FNDA:464,createModelToDomContextWithConfig
FNDA:464,createModelToDomSelectionContext
FNDA:464,createModelToDomFormatContext
FNDA:483,createModelToDomConfig
FNDA:128,(anonymous_5)
FNDA:128,(anonymous_6)
FNDA:128,(anonymous_7)
FNDA:486,buildFormatAppliers
FNDA:10206,(anonymous_9)
FNDA:59292,(anonymous_10)
FNDA:2688,(anonymous_11)
DA:1,1
DA:2,1
DA:3,1
DA:24,1
DA:26,983
DA:28,446
DA:36,1
DA:40,464
DA:50,464
DA:61,464
DA:74,1
DA:77,483
DA:81,128
DA:84,128
DA:85,128
DA:96,1
DA:97,489
DA:98,489
DA:100,486
DA:102,486
DA:103,10206
DA:106,59292
DA:112,2688
DA:116,10206
DA:118,10206
LF:25
LH:25
BRDA:81,0,0,37
BRDA:81,0,1,91
BRDA:81,1,0,128
BRDA:81,1,1,128
BRDA:84,2,0,37
BRDA:84,2,1,91
BRDA:84,3,0,128
BRDA:84,3,1,128
BRDA:85,4,0,37
BRDA:85,4,1,91
BRDA:85,5,0,128
BRDA:85,5,1,128
BRDA:97,6,0,3
BRDA:97,6,1,483
BRDA:98,7,0,3
BRDA:98,7,1,483
BRDA:107,8,0,59262
BRDA:107,8,1,30
BRDA:112,9,0,1
BRDA:112,9,1,2687
BRDA:112,10,0,2688
BRDA:112,10,1,2688
BRDA:112,11,0,2667
BRDA:112,11,1,21
BRDA:112,12,0,2688
BRDA:112,12,1,2688
BRF:26
BRH:26
end_of_record
TN:
SF:packages-content-model/roosterjs-content-model-dom/lib/modelToDom/context/defaultContentModelHandlers.ts
FNF:0
FNH:0
DA:1,1
DA:2,1
DA:3,1
DA:4,1
DA:5,1
DA:6,1
DA:7,1
DA:8,1
DA:9,1
DA:10,1
DA:11,1
DA:12,1
DA:13,1
DA:14,1
DA:15,1
DA:21,1
LF:16
LH:16
BRF:0
BRH:0
end_of_record
TN:
SF:packages-content-model/roosterjs-content-model-dom/lib/modelToDom/handlers/handleBlock.ts
FN:10,(anonymous_0)
FNF:1
FNH:1
FNDA:441,(anonymous_0)
DA:10,1
DA:17,441
DA:19,441
DA:21,14
DA:22,14
DA:24,268
DA:25,268
DA:27,3
DA:28,3
DA:30,2
DA:31,2
DA:33,154
DA:35,15
DA:36,15
DA:39,22
DA:40,22
DA:43,117
DA:44,117
DA:47,154
DA:50,441
LF:20
LH:20
BRDA:20,0,0,14
BRDA:20,0,1,268
BRDA:20,0,2,3
BRDA:20,0,3,2
BRDA:20,0,4,154
BRDA:34,1,0,15
BRDA:34,1,1,22
BRDA:34,1,2,117
BRF:8
BRH:8
end_of_record
TN:
SF:packages-content-model/roosterjs-content-model-dom/lib/modelToDom/handlers/handleBlockGroupChildren.ts
FN:10,(anonymous_0)
FN:21,(anonymous_1)
FNF:2
FNH:2
FNDA:339,(anonymous_0)
FNDA:427,(anonymous_1)
DA:10,1
DA:16,339
DA:17,339
DA:18,339
DA:20,339
DA:21,339
DA:26,427
DA:31,346
DA:34,427
DA:38,339
DA:39,20
DA:41,20
DA:42,20
DA:45,339
LF:14
LH:14
BRDA:26,0,0,346
BRDA:26,0,1,81
BRDA:27,1,0,427
BRDA:27,1,1,138
BRDA:27,1,2,94
BRDA:41,2,0,0
BRDA:41,2,1,20
BRDA:41,3,0,20
BRDA:41,3,1,20
BRF:9
BRH:8
end_of_record
TN:
SF:packages-content-model/roosterjs-content-model-dom/lib/modelToDom/handlers/handleBr.ts
FN:7,(anonymous_0)
FNF:1
FNH:1
FNDA:18,(anonymous_0)
DA:1,1
DA:7,1
DA:14,18
DA:15,18
DA:16,18
DA:17,18
DA:19,18
LF:7
LH:7
BRF:0
BRH:0
end_of_record
TN:
SF:packages-content-model/roosterjs-content-model-dom/lib/modelToDom/handlers/handleDivider.ts
FN:12,(anonymous_0)
FNF:1
FNH:1
FNDA:8,(anonymous_0)
DA:1,1
DA:2,1
DA:12,1
DA:19,8
DA:21,8
DA:22,1
DA:24,7
DA:26,7
DA:27,7
DA:30,7
DA:32,7
DA:34,7
DA:35,1
DA:39,8
DA:41,8
LF:15
LH:15
BRDA:19,0,0,8
BRDA:19,0,1,0
BRDA:21,1,0,1
BRDA:21,1,1,7
BRDA:26,2,0,7
BRDA:26,2,1,0
BRDA:34,3,0,1
BRDA:34,3,1,6
BRDA:39,4,0,7
BRDA:39,4,1,1
BRDA:39,5,0,8
BRDA:39,5,1,8
BRF:12
BRH:10
end_of_record
TN:
SF:packages-content-model/roosterjs-content-model-dom/lib/modelToDom/handlers/handleEntity.ts
FN:15,(anonymous_0)
FN:33,(anonymous_1)
FN:64,preprocessEntity
FNF:3
FNH:3
FNDA:6,(anonymous_0)
FNDA:6,(anonymous_1)
FNDA:12,preprocessEntity
DA:1,1
DA:2,1
DA:3,1
DA:15,1
DA:22,6
DA:24,6
DA:25,6
DA:27,6
DA:33,1
DA:40,6
DA:41,12
DA:43,6
DA:44,6
DA:46,6
DA:47,0
DA:49,0
DA:52,6
DA:53,3
DA:55,3
DA:56,3
DA:58,3
DA:61,6
DA:65,48
DA:67,12
DA:68,0
DA:69,0
DA:70,0
DA:74,12
DA:83,12
DA:85,9
DA:87,12
LF:31
LH:26
BRDA:25,0,0,5
BRDA:25,0,1,1
BRDA:25,1,0,6
BRDA:25,1,1,6
BRDA:44,2,0,0
BRDA:44,2,1,6
BRDA:44,3,0,6
BRDA:44,3,1,6
BRDA:46,4,0,0
BRDA:46,4,1,6
BRDA:52,5,0,3
BRDA:52,5,1,3
BRDA:52,6,0,6
BRDA:52,6,1,3
BRDA:55,7,0,0
BRDA:55,7,1,3
BRDA:55,8,0,3
BRDA:55,8,1,3
BRDA:61,9,0,6
BRDA:61,9,1,0
BRDA:61,10,0,6
BRDA:61,10,1,6
BRDA:67,11,0,0
BRDA:67,11,1,12
BRDA:69,12,0,0
BRDA:69,12,1,0
BRDA:70,13,0,0
BRDA:70,13,1,0
BRDA:75,14,0,9
BRDA:75,14,1,3
BRDA:74,15,0,12
BRDA:74,15,1,9
BRDA:83,16,0,9
BRDA:83,16,1,3
BRF:34
BRH:25
end_of_record
TN:
SF:packages-content-model/roosterjs-content-model-dom/lib/modelToDom/handlers/handleFormatContainer.ts
FN:21,(anonymous_0)
FN:43,(anonymous_1)
FN:56,(anonymous_2)
FNF:3
FNH:3
FNDA:24,(anonymous_0)
FNDA:21,(anonymous_1)
FNDA:6,(anonymous_2)
DA:1,1
DA:2,1
DA:3,1
DA:4,1
DA:13,1
DA:21,1
DA:28,24
DA:30,24
DA:31,2
DA:33,2
DA:34,22
DA:35,21
DA:37,21
DA:38,9
DA:41,21
DA:43,21
DA:44,21
DA:45,21
DA:52,21
DA:55,21
DA:56,6
DA:57,6
DA:60,15
DA:63,21
DA:66,24
DA:67,23
DA:70,24
LF:27
LH:27
BRDA:28,0,0,12
BRDA:28,0,1,12
BRDA:30,1,0,2
BRDA:30,1,1,22
BRDA:34,2,0,21
BRDA:34,2,1,1
BRDA:37,3,0,9
BRDA:37,3,1,12
BRDA:55,4,0,6
BRDA:55,4,1,15
BRDA:66,5,0,23
BRDA:66,5,1,1
BRDA:67,6,0,22
BRDA:67,6,1,1
BRDA:67,7,0,23
BRDA:67,7,1,23
BRF:16
BRH:16
end_of_record
TN:
SF:packages-content-model/roosterjs-content-model-dom/lib/modelToDom/handlers/handleGeneralModel.ts
FN:15,(anonymous_0)
FN:42,(anonymous_1)
FNF:2
FNH:2
FNDA:17,(anonymous_0)
FNDA:5,(anonymous_1)
DA:1,1
DA:2,1
DA:3,1
DA:4,1
DA:15,1
DA:22,17
DA:24,17
DA:25,1
DA:27,16
DA:28,16
DA:30,16
DA:33,17
DA:34,17
DA:36,17
DA:42,1
DA:49,5
DA:50,5
DA:51,5
DA:53,5
DA:54,5
DA:56,5
DA:57,5
DA:60,5
LF:23
LH:23
BRDA:24,0,0,1
BRDA:24,0,1,16
BRDA:24,1,0,17
BRDA:24,1,1,5
BRDA:33,2,0,16
BRDA:33,2,1,1
BRDA:33,3,0,17
BRDA:33,3,1,17
BRDA:53,4,0,5
BRDA:53,4,1,0
BRDA:57,5,0,5
BRDA:57,5,1,0
BRDA:57,6,0,5
BRDA:57,6,1,5
BRF:14
BRH:12
end_of_record
TN:
SF:packages-content-model/roosterjs-content-model-dom/lib/modelToDom/handlers/handleImage.ts
FN:9,(anonymous_0)
FNF:1
FNH:1
FNDA:14,(anonymous_0)
DA:1,1
DA:2,1
DA:3,1
DA:9,1
DA:16,14
DA:17,14
DA:19,14
DA:20,14
DA:22,14
DA:24,14
DA:25,1
DA:28,14
DA:29,1
DA:32,14
DA:33,14
DA:35,14
DA:36,14
DA:37,14
DA:39,14
DA:40,0
DA:43,14
DA:44,0
DA:47,14
DA:48,1
DA:53,14
LF:25
LH:23
BRDA:24,0,0,1
BRDA:24,0,1,13
BRDA:28,1,0,1
BRDA:28,1,1,13
BRDA:36,2,0,0
BRDA:36,2,1,14
BRDA:37,3,0,0
BRDA:37,3,1,14
BRDA:39,4,0,0
BRDA:39,4,1,14
BRDA:43,5,0,0
BRDA:43,5,1,14
BRDA:47,6,0,1
BRDA:47,6,1,13
BRF:14
BRH:10
end_of_record
TN:
SF:packages-content-model/roosterjs-content-model-dom/lib/modelToDom/handlers/handleList.ts
FN:13,(anonymous_0)
FN:57,(anonymous_2)
FNF:2
FNH:2
FNDA:149,(anonymous_0)
FNDA:111,(anonymous_2)
DA:1,1
DA:2,1
DA:3,1
DA:13,1
DA:20,149
DA:21,149
DA:23,149
DA:24,62
DA:30,149
DA:31,120
DA:32,120
DA:34,120
DA:39,12
DA:44,149
DA:47,149
DA:48,111
DA:49,111
DA:50,111
DA:52,111
DA:54,111
DA:57,111
DA:58,111
DA:60,111
DA:65,0
DA:68,111
DA:70,111
DA:72,111
DA:74,111
DA:77,149
LF:29
LH:28
BRDA:23,0,0,62
BRDA:23,0,1,87
BRDA:30,1,0,257
BRDA:30,1,1,210
BRDA:34,2,0,12
BRDA:34,2,1,108
BRDA:35,3,0,120
BRDA:35,3,1,113
BRDA:35,3,2,111
BRDA:35,3,3,29
BRDA:36,4,0,15
BRDA:36,4,1,98
BRDA:36,5,0,113
BRDA:36,5,1,113
BRDA:49,6,0,111
BRDA:49,6,1,0
BRDA:52,7,0,67
BRDA:52,7,1,44
BRDA:58,8,0,111
BRDA:58,8,1,104
BRDA:60,9,0,0
BRDA:60,9,1,111
BRDA:61,10,0,111
BRDA:61,10,1,7
BRDA:61,10,2,2
BRDA:74,11,0,108
BRDA:74,11,1,3
BRDA:74,12,0,111
BRDA:74,12,1,111
BRF:29
BRH:27
end_of_record
TN:
SF:packages-content-model/roosterjs-content-model-dom/lib/modelToDom/handlers/handleListItem.ts
FN:15,(anonymous_0)
FN:40,(anonymous_1)
FNF:2
FNH:2
FNDA:125,(anonymous_0)
FNDA:122,(anonymous_1)
DA:1,1
DA:2,1
DA:3,1
DA:4,1
DA:5,1
DA:15,1
DA:22,125
DA:24,125
DA:26,125
DA:27,125
DA:28,125
DA:32,125
DA:34,125
DA:35,122
DA:36,122
DA:37,122
DA:40,122
DA:41,122
DA:43,122
DA:46,122
DA:50,3
DA:52,3
DA:54,3
DA:57,125
DA:59,125
LF:25
LH:25
BRDA:26,0,0,125
BRDA:26,0,1,0
BRDA:26,1,0,0
BRDA:26,1,1,125
BRDA:26,2,0,125
BRDA:26,2,1,125
BRDA:26,3,0,0
BRDA:26,3,1,125
BRDA:26,4,0,125
BRDA:26,4,1,125
BRDA:26,5,0,0
BRDA:26,5,1,125
BRDA:26,6,0,125
BRDA:26,6,1,125
BRDA:32,7,0,1
BRDA:32,7,1,124
BRDA:32,8,0,122
BRDA:32,8,1,3
BRDA:32,9,0,125
BRDA:32,9,1,3
BRDA:34,10,0,122
BRDA:34,10,1,3
BRDA:41,11,0,122
BRDA:41,11,1,121
BRDA:57,12,0,124
BRDA:57,12,1,1
BRDA:57,13,0,125
BRDA:57,13,1,125
BRF:28
BRH:24
end_of_record
TN:
SF:packages-content-model/roosterjs-content-model-dom/lib/modelToDom/handlers/handleParagraph.ts
FN:17,(anonymous_0)
FN:29,(anonymous_1)
FN:34,(anonymous_2)
FN:51,(anonymous_3)
FN:74,(anonymous_4)
FN:78,(anonymous_5)
FNF:6
FNH:6
FNDA:287,(anonymous_0)
FNDA:280,(anonymous_1)
FNDA:10,(anonymous_2)
FNDA:280,(anonymous_3)
FNDA:324,(anonymous_4)
FNDA:312,(anonymous_5)
DA:1,1
DA:2,1
DA:3,1
DA:4,1
DA:5,1
DA:12,1
DA:17,1
DA:24,287
DA:26,287
DA:27,7
DA:29,280
DA:31,280
DA:34,10
DA:35,280
DA:42,280
DA:44,280
DA:46,280
DA:51,280
DA:52,280
DA:54,280
DA:55,280
DA:57,280
DA:61,9
DA:74,280
DA:75,324
DA:76,324
DA:78,324
DA:79,312
DA:85,280
DA:86,134
DA:88,134
DA:89,134
DA:90,134
DA:97,146
DA:100,280
DA:108,280
DA:110,280
DA:111,280
DA:112,280
DA:115,280
DA:116,134
DA:117,50
DA:120,146
DA:121,146
DA:126,287
LF:45
LH:45
BRDA:24,0,0,63
BRDA:24,0,1,224
BRDA:26,1,0,7
BRDA:26,1,1,280
BRDA:29,2,0,280
BRDA:29,2,1,221
BRDA:29,3,0,221
BRDA:29,3,1,59
BRDA:29,4,0,280
BRDA:29,4,1,280
BRDA:31,5,0,280
BRDA:31,5,1,157
BRDA:31,5,2,156
BRDA:31,5,3,10
BRDA:36,6,0,134
BRDA:36,6,1,146
BRDA:37,7,0,134
BRDA:37,7,1,75
BRDA:37,8,0,75
BRDA:37,8,1,59
BRDA:37,9,0,134
BRDA:37,9,1,134
BRDA:42,10,0,280
BRDA:42,10,1,221
BRDA:42,11,0,221
BRDA:42,11,1,59
BRDA:42,12,0,280
BRDA:42,12,1,280
BRDA:47,13,0,134
BRDA:47,13,1,146
BRDA:54,14,0,280
BRDA:54,14,1,0
BRDA:57,15,0,9
BRDA:57,15,1,271
BRDA:57,16,0,5
BRDA:57,16,1,275
BRDA:57,17,0,280
BRDA:57,17,1,280
BRDA:79,18,0,308
BRDA:79,18,1,4
BRDA:79,19,0,312
BRDA:79,19,1,312
BRDA:85,20,0,134
BRDA:85,20,1,146
BRDA:110,21,0,280
BRDA:110,21,1,0
BRDA:111,22,0,276
BRDA:111,22,1,4
BRDA:111,23,0,280
BRDA:111,23,1,280
BRDA:112,24,0,278
BRDA:112,24,1,2
BRDA:112,25,0,280
BRDA:112,25,1,280
BRDA:115,26,0,134
BRDA:115,26,1,146
BRDA:116,27,0,50
BRDA:116,27,1,84
BRF:58
BRH:56
end_of_record
TN:
SF:packages-content-model/roosterjs-content-model-dom/lib/modelToDom/handlers/handleSegment.ts
FN:9,(anonymous_0)
FNF:1
FNH:1
FNDA:322,(anonymous_0)
DA:9,1
DA:16,322
DA:19,322
DA:20,19
DA:25,322
DA:27,280
DA:28,280
DA:31,14
DA:32,14
DA:35,6
DA:36,6
DA:39,1
DA:40,1
DA:43,2
DA:44,2
DA:49,322
DA:50,19
LF:17
LH:17
BRDA:19,0,0,19
BRDA:19,0,1,303
BRDA:19,1,0,322
BRDA:19,1,1,19
BRDA:26,2,0,280
BRDA:26,2,1,14
BRDA:26,2,2,6
BRDA:26,2,3,1
BRDA:26,2,4,2
BRDA:49,3,0,19
BRDA:49,3,1,303
BRDA:49,4,0,322
BRDA:49,4,1,19
BRF:13
BRH:13
end_of_record
TN:
SF:packages-content-model/roosterjs-content-model-dom/lib/modelToDom/handlers/handleSegmentDecorator.ts
FN:12,(anonymous_0)
FN:22,(anonymous_1)
FN:37,(anonymous_2)
FNF:3
FNH:3
FNDA:346,(anonymous_0)
FNDA:31,(anonymous_1)
FNDA:7,(anonymous_2)
DA:1,1
DA:2,1
DA:3,1
DA:12,1
DA:19,692
DA:21,346
DA:22,31
DA:23,31
DA:25,31
DA:26,31
DA:28,31
DA:29,31
DA:31,31
DA:32,31
DA:36,346
DA:37,7
DA:38,7
DA:40,7
DA:41,7
DA:43,7
DA:45,7
DA:46,7
LF:22
LH:22
BRDA:21,0,0,31
BRDA:21,0,1,315
BRDA:31,1,0,0
BRDA:31,1,1,31
BRDA:31,2,0,31
BRDA:31,2,1,31
BRDA:32,3,0,28
BRDA:32,3,1,3
BRDA:32,4,0,31
BRDA:32,4,1,31
BRDA:36,5,0,7
BRDA:36,5,1,339
BRDA:45,6,0,0
BRDA:45,6,1,7
BRDA:45,7,0,7
BRDA:45,7,1,7
BRDA:46,8,0,6
BRDA:46,8,1,1
BRDA:46,9,0,7
BRDA:46,9,1,7
BRF:20
BRH:18
end_of_record
TN:
SF:packages-content-model/roosterjs-content-model-dom/lib/modelToDom/handlers/handleTable.ts
FN:15,(anonymous_0)
FNF:1
FNH:1
FNDA:41,(anonymous_0)
DA:1,1
DA:2,1
DA:3,1
DA:4,1
DA:5,1
DA:15,1
DA:22,41
DA:24,2
DA:27,39
DA:29,39
DA:30,2
DA:32,2
DA:34,37
DA:36,37
DA:37,24
DA:40,37
DA:42,37
DA:43,37
DA:44,37
DA:45,37
DA:48,39
DA:50,39
DA:51,39
DA:53,39
DA:54,51
DA:56,51
DA:58,1
DA:61,50
DA:62,50
DA:63,50
DA:65,50
DA:66,49
DA:67,34
DA:70,49
DA:73,50
DA:75,50
DA:76,73
DA:78,73
DA:79,0
DA:85,0
DA:86,0
DA:88,0
DA:89,0
DA:93,73
DA:95,64
DA:98,64
DA:100,64
DA:101,64
DA:102,64
DA:103,64
DA:105,64
DA:106,4
DA:108,64
DA:109,4
DA:112,64
DA:113,4
DA:116,64
DA:117,4
DA:120,64
DA:121,60
DA:122,4
DA:125,60
DA:126,4
DA:130,64
DA:131,59
DA:132,37
DA:135,59
DA:136,59
DA:137,59
DA:138,59
DA:141,64
DA:143,64
DA:148,39
DA:150,39
LF:74
LH:69
BRDA:22,0,0,2
BRDA:22,0,1,39
BRDA:27,1,0,26
BRDA:27,1,1,13
BRDA:29,2,0,2
BRDA:29,2,1,37
BRDA:36,3,0,24
BRDA:36,3,1,13
BRDA:48,4,0,38
BRDA:48,4,1,1
BRDA:48,5,0,39
BRDA:48,5,1,39
BRDA:56,6,0,1
BRDA:56,6,1,50
BRDA:61,7,0,50
BRDA:61,7,1,35
BRDA:61,7,2,49
BRDA:65,8,0,49
BRDA:65,8,1,1
BRDA:66,9,0,34
BRDA:66,9,1,15
BRDA:73,10,0,48
BRDA:73,10,1,2
BRDA:73,11,0,50
BRDA:73,11,1,50
BRDA:78,12,0,0
BRDA:78,12,1,73
BRDA:79,13,0,0
BRDA:79,13,1,0
BRDA:85,14,0,0
BRDA:85,14,1,0
BRDA:93,15,0,64
BRDA:93,15,1,9
BRDA:93,16,0,73
BRDA:93,16,1,68
BRDA:95,17,0,64
BRDA:95,17,1,42
BRDA:95,17,2,59
BRDA:96,18,0,2
BRDA:96,18,1,57
BRDA:105,19,0,52
BRDA:105,19,1,16
BRDA:105,20,0,68
BRDA:105,20,1,68
BRDA:105,21,0,51
BRDA:105,21,1,17
BRDA:105,22,0,68
BRDA:105,22,1,68
BRDA:108,23,0,48
BRDA:108,23,1,20
BRDA:108,24,0,68
BRDA:108,24,1,68
BRDA:112,25,0,4
BRDA:112,25,1,60
BRDA:116,26,0,4
BRDA:116,26,1,60
BRDA:120,27,0,60
BRDA:120,27,1,4
BRDA:120,28,0,64
BRDA:120,28,1,5
BRDA:120,28,2,2
BRDA:121,29,0,4
BRDA:121,29,1,56
BRDA:121,30,0,60
BRDA:121,30,1,4
BRDA:125,31,0,4
BRDA:125,31,1,56
BRDA:125,32,0,60
BRDA:125,32,1,4
BRDA:130,33,0,59
BRDA:130,33,1,5
BRDA:131,34,0,37
BRDA:131,34,1,22
BRDA:143,35,0,62
BRDA:143,35,1,2
BRDA:143,36,0,64
BRDA:143,36,1,64
BRDA:148,37,0,38
BRDA:148,37,1,1
BRDA:148,38,0,39
BRDA:148,38,1,39
BRF:81
BRH:76
end_of_record
TN:
SF:packages-content-model/roosterjs-content-model-dom/lib/modelToDom/handlers/handleText.ts
FN:7,(anonymous_0)
FNF:1
FNH:1
FNDA:296,(anonymous_0)
DA:1,1
DA:7,1
DA:14,296
DA:15,296
DA:17,296
DA:18,296
DA:20,296
LF:7
LH:7
BRF:0
BRH:0
end_of_record
TN:
SF:packages-content-model/roosterjs-content-model-dom/lib/modelToDom/optimizers/mergeNode.ts
FN:8,mergeNode
FN:31,hasSameAttributes
FNF:2
FNH:2
FNDA:677,mergeNode
FNDA:12,hasSameAttributes
DA:1,1
DA:3,1
DA:8,1
DA:9,677
DA:10,410
DA:12,410
DA:20,9
DA:21,8
DA:24,9
DA:26,401
DA:32,12
DA:33,12
DA:35,12
DA:36,0
DA:39,12
DA:40,11
DA:41,3
DA:45,9
LF:18
LH:17
BRDA:12,0,0,9
BRDA:12,0,1,401
BRDA:13,1,0,410
BRDA:13,1,1,55
BRDA:13,1,2,26
BRDA:13,1,3,18
BRDA:13,1,4,13
BRDA:13,1,5,12
BRDA:35,2,0,0
BRDA:35,2,1,12
BRDA:40,3,0,3
BRDA:40,3,1,8
BRDA:40,4,0,11
BRDA:40,4,1,11
BRF:14
BRH:13
end_of_record
TN:
SF:packages-content-model/roosterjs-content-model-dom/lib/modelToDom/optimizers/optimize.ts
FN:9,optimize
FNF:1
FNH:1
FNDA:673,optimize
DA:2,1
DA:3,1
DA:4,1
DA:9,1
DA:13,673
DA:17,2
DA:20,671
DA:21,671
DA:23,671
DA:24,389
LF:10
LH:10
BRDA:13,0,0,2
BRDA:13,0,1,671
BRDA:14,1,0,673
BRDA:14,1,1,382
BRF:4
BRH:4
end_of_record
TN:
SF:packages-content-model/roosterjs-content-model-dom/lib/modelToDom/optimizers/removeUnnecessarySpan.ts
FN:6,removeUnnecessarySpan
FNF:1
FNH:1
FNDA:674,removeUnnecessarySpan
DA:1,1
DA:6,1
DA:7,674
DA:8,400
DA:13,272
DA:14,272
DA:15,272
DA:17,272
DA:18,271
DA:19,271
DA:20,271
DA:23,272
DA:25,128
LF:13
LH:13
BRDA:8,0,0,272
BRDA:8,0,1,128
BRDA:9,1,0,400
BRDA:9,1,1,337
BRDA:9,1,2,314
BRF:5
BRH:5
end_of_record
TN:
SF:packages-content-model/roosterjs-content-model-dom/lib/modelToDom/utils/applyFormat.ts
FN:15,applyFormat
FN:21,(anonymous_1)
FNF:2
FNH:2
FNDA:2506,applyFormat
FNDA:12601,(anonymous_1)
DA:15,1
DA:21,2506
DA:22,12601
LF:3
LH:3
BRDA:22,0,0,20
BRDA:22,0,1,12581
BRDA:22,1,0,12601
BRDA:22,1,1,12581
BRF:4
BRH:4
end_of_record
TN:
SF:packages-content-model/roosterjs-content-model-dom/lib/modelToDom/utils/handleSegmentCommon.ts
FN:7,handleSegmentCommon
FNF:1
FNH:1
FNDA:335,handleSegmentCommon
DA:1,1
DA:7,1
DA:15,335
DA:16,334
DA:19,335
DA:21,335
DA:22,335
DA:24,335
DA:26,335
LF:9
LH:9
BRDA:15,0,0,334
BRDA:15,0,1,1
BRDA:21,1,0,0
BRDA:21,1,1,335
BRDA:21,2,0,335
BRDA:21,2,1,335
BRDA:26,3,0,328
BRDA:26,3,1,7
BRDA:26,4,0,335
BRDA:26,4,1,335
BRF:10
BRH:9
end_of_record
TN:
SF:packages-content-model/roosterjs-content-model-dom/lib/modelToDom/utils/reuseCachedElement.ts
FN:7,reuseCachedElement
FN:34,removeNode
FN:41,isEntity
FNF:3
FNH:2
FNDA:24,reuseCachedElement
FNDA:0,removeNode
FNDA:6,isEntity
DA:1,1
DA:2,1
DA:7,1
DA:8,24
DA:12,14
DA:13,5
DA:15,5
DA:16,5
DA:19,14
DA:20,13
DA:22,1
DA:25,10
DA:28,24
DA:34,1
DA:35,0
DA:36,0
DA:38,0
DA:42,6
LF:18
LH:15
BRDA:8,0,0,14
BRDA:8,0,1,10
BRDA:12,1,0,19
BRDA:12,1,1,19
BRDA:12,1,2,6
BRDA:15,2,0,0
BRDA:15,2,1,5
BRDA:15,3,0,5
BRDA:15,3,1,5
BRDA:19,4,0,13
BRDA:19,4,1,1
BRDA:19,5,0,14
BRDA:19,5,1,14
BRDA:36,6,0,0
BRDA:36,6,1,0
BRDA:36,7,0,0
BRDA:36,7,1,0
BRDA:42,8,0,6
BRDA:42,8,1,5
BRF:19
BRH:14
end_of_record
TN:
SF:packages-content-model/roosterjs-content-model-dom/lib/modelToDom/utils/stackFormat.ts
FN:11,stackFormat
FNF:1
FNH:1
FNDA:482,stackFormat
DA:1,1
DA:11,1
DA:17,482
DA:21,482
DA:22,251
DA:24,251
DA:25,251
DA:30,251
DA:32,251
DA:35,231
LF:10
LH:10
BRDA:18,0,0,120
BRDA:18,0,1,362
BRDA:21,1,0,251
BRDA:21,1,1,231
BRF:4
BRH:4
end_of_record
TN:
SF:packages-content-model/roosterjs-content-model-editor/lib/domUtils/borderValues.ts
FN:22,extractBorderValues
FN:26,(anonymous_1)
FN:44,combineBorderValue
FNF:3
FNH:3
FNDA:30,extractBorderValues
FNDA:53,(anonymous_1)
FNDA:415,combineBorderValue
DA:3,1
DA:15,1
DA:22,1
DA:23,30
DA:24,30
DA:26,30
DA:27,53
DA:28,12
DA:29,41
DA:30,13
DA:31,28
DA:32,14
DA:36,30
DA:44,1
DA:45,415
LF:15
LH:15
BRDA:24,0,0,30
BRDA:24,0,1,13
BRDA:27,1,0,12
BRDA:27,1,1,41
BRDA:27,2,0,53
BRDA:27,2,1,12
BRDA:29,3,0,13
BRDA:29,3,1,28
BRDA:29,4,0,41
BRDA:29,4,1,13
BRDA:31,5,0,14
BRDA:31,5,1,14
BRDA:31,6,0,28
BRDA:31,6,1,15
BRDA:45,7,0,415
BRDA:45,7,1,1
BRDA:45,8,0,415
BRDA:45,8,1,2
BRDA:45,9,0,415
BRDA:45,9,1,2
BRDA:45,10,0,415
BRDA:45,10,1,187
BRF:22
BRH:22
end_of_record
TN:
SF:packages-content-model/roosterjs-content-model-editor/lib/domUtils/stringUtil.ts
FN:9,isPunctuation
FN:19,isSpace
FN:31,normalizeText
FNF:3
FNH:3
FNDA:187,isPunctuation
FNDA:187,isSpace
FNDA:57,normalizeText
DA:1,1
DA:2,1
DA:9,1
DA:10,187
DA:19,1
DA:20,187
DA:21,187
DA:31,1
DA:32,57
LF:9
LH:9
BRDA:20,0,0,187
BRDA:20,0,1,0
BRDA:20,1,0,187
BRDA:20,1,1,187
BRDA:20,2,0,0
BRDA:20,2,1,187
BRDA:20,3,0,187
BRDA:20,3,1,187
BRDA:21,4,0,187
BRDA:21,4,1,181
BRDA:21,4,2,167
BRDA:32,5,0,21
BRDA:32,5,1,36
BRF:13
BRH:11
end_of_record
TN:
SF:packages-content-model/roosterjs-content-model-editor/lib/domUtils/metadata/updateImageMetadata.ts
FN:29,updateImageMetadata
FNF:1
FNH:1
FNDA:8,updateImageMetadata
DA:1,1
DA:3,1
DA:9,1
DA:11,1
DA:29,1
DA:33,8
LF:6
LH:6
BRF:0
BRH:0
end_of_record
TN:
[...]
FN:4,(anonymous_0)
FNF:1
FNH:1
FNDA:1,(anonymous_0)
DA:4,1
DA:9,1
DA:14,1
DA:19,1
DA:24,1
LF:5
LH:5
BRDA:4,0,0,1
BRDA:4,0,1,1
BRF:2
BRH:2
end_of_record
TN:
SF:packages/roosterjs-editor-types/lib/compatibleEnum/EntityOperation.ts
FN:4,(anonymous_0)
FNF:1
FNH:1
FNDA:1,(anonymous_0)
DA:4,1
DA:13,1
DA:18,1
DA:23,1
DA:28,1
DA:33,1
DA:38,1
DA:45,1
DA:51,1
DA:60,1
DA:65,1
DA:70,1
DA:76,1
LF:13
LH:13
BRDA:4,0,0,1
BRDA:4,0,1,1
BRF:2
BRH:2
end_of_record
TN:
SF:packages/roosterjs-editor-types/lib/compatibleEnum/ExperimentalFeatures.ts
FN:4,(anonymous_0)
FNF:1
FNH:1
FNDA:1,(anonymous_0)
DA:4,1
DA:11,1
DA:16,1
DA:21,1
DA:26,1
DA:31,1
DA:36,1
DA:41,1
DA:46,1
DA:51,1
DA:57,1
DA:63,1
DA:69,1
DA:75,1
DA:81,1
DA:89,1
DA:96,1
DA:102,1
DA:110,1
DA:116,1
DA:121,1
DA:126,1
DA:132,1
DA:138,1
DA:144,1
DA:150,1
DA:156,1
DA:163,1
DA:171,1
DA:176,1
DA:181,1
DA:186,1
LF:32
LH:32
BRDA:4,0,0,1
BRDA:4,0,1,1
BRF:2
BRH:2
end_of_record
TN:
SF:packages/roosterjs-editor-types/lib/compatibleEnum/FontSizeChange.ts
FN:5,(anonymous_0)
FNF:1
FNH:1
FNDA:1,(anonymous_0)
DA:5,1
DA:10,1
DA:15,1
LF:3
LH:3
BRDA:5,0,0,1
BRDA:5,0,1,1
BRF:2
BRH:2
end_of_record
TN:
SF:packages/roosterjs-editor-types/lib/compatibleEnum/GetContentMode.ts
FN:4,(anonymous_0)
FNF:1
FNH:1
FNDA:1,(anonymous_0)
DA:4,1
DA:12,1
DA:17,1
DA:24,1
DA:29,1
DA:36,1
LF:6
LH:6
BRDA:4,0,0,1
BRDA:4,0,1,1
BRF:2
BRH:2
end_of_record
TN:
SF:packages/roosterjs-editor-types/lib/compatibleEnum/ImageEditOperation.ts
FN:4,(anonymous_0)
FNF:1
FNH:1
FNDA:1,(anonymous_0)
DA:4,1
DA:9,1
DA:14,1
DA:19,1
DA:24,1
DA:29,1
DA:34,1
DA:39,1
DA:44,1
LF:9
LH:9
BRDA:4,0,0,1
BRDA:4,0,1,1
BRF:2
BRH:2
end_of_record
TN:
SF:packages/roosterjs-editor-types/lib/compatibleEnum/Indentation.ts
FN:5,(anonymous_0)
FNF:1
FNH:1
FNDA:1,(anonymous_0)
DA:5,1
DA:10,1
DA:15,1
LF:3
LH:3
BRDA:5,0,0,1
BRDA:5,0,1,1
BRF:2
BRH:2
end_of_record
TN:
SF:packages/roosterjs-editor-types/lib/compatibleEnum/Keys.ts
FN:4,(anonymous_0)
FNF:1
FNH:1
FNDA:1,(anonymous_0)
DA:4,1
DA:6,1
DA:7,1
DA:8,1
DA:9,1
DA:10,1
DA:11,1
DA:12,1
DA:13,1
DA:14,1
DA:15,1
DA:16,1
DA:17,1
DA:18,1
DA:19,1
DA:20,1
DA:21,1
DA:22,1
DA:23,1
DA:27,1
DA:28,1
DA:29,1
DA:30,1
DA:31,1
DA:32,1
DA:33,1
DA:34,1
DA:35,1
DA:36,1
DA:37,1
DA:41,1
DA:42,1
DA:43,1
DA:48,1
DA:49,1
DA:51,1
DA:52,1
DA:53,1
LF:38
LH:38
BRDA:4,0,0,1
BRDA:4,0,1,1
BRF:2
BRH:2
end_of_record
TN:
SF:packages/roosterjs-editor-types/lib/compatibleEnum/KnownCreateElementDataIndex.ts
FN:4,(anonymous_0)
FNF:1
FNH:1
FNDA:1,(anonymous_0)
DA:4,1
DA:9,1
DA:14,1
DA:19,1
DA:24,1
DA:29,1
DA:34,1
DA:39,1
DA:44,1
DA:49,1
DA:54,1
DA:59,1
DA:64,1
DA:69,1
LF:14
LH:14
BRDA:4,0,0,1
BRDA:4,0,1,1
BRF:2
BRH:2
end_of_record
TN:
SF:packages/roosterjs-editor-types/lib/compatibleEnum/KnownPasteSourceType.ts
FN:4,(anonymous_0)
FNF:1
FNH:1
FNDA:1,(anonymous_0)
DA:4,1
DA:6,1
DA:7,1
DA:8,1
DA:9,1
DA:10,1
DA:11,1
DA:12,1
DA:13,1
LF:9
LH:9
BRDA:4,0,0,1
BRDA:4,0,1,1
BRF:2
BRH:2
end_of_record
TN:
SF:packages/roosterjs-editor-types/lib/compatibleEnum/ListType.ts
FN:4,(anonymous_0)
FNF:1
FNH:1
FNDA:1,(anonymous_0)
DA:4,1
DA:10,1
DA:16,1
DA:22,1
LF:4
LH:4
BRDA:4,0,0,1
BRDA:4,0,1,1
BRF:2
BRH:2
end_of_record
TN:
SF:packages/roosterjs-editor-types/lib/compatibleEnum/NodeType.ts
FN:6,(anonymous_0)
FNF:1
FNH:1
FNDA:1,(anonymous_0)
DA:6,1
DA:11,1
DA:16,1
DA:21,1
DA:26,1
DA:31,1
DA:36,1
DA:41,1
DA:46,1
LF:9
LH:9
BRDA:6,0,0,1
BRDA:6,0,1,1
BRF:2
BRH:2
end_of_record
TN:
SF:packages/roosterjs-editor-types/lib/compatibleEnum/NumberingListType.ts
FN:4,(anonymous_0)
FNF:1
FNH:1
FNDA:1,(anonymous_0)
DA:4,1
DA:9,1
DA:14,1
DA:19,1
DA:24,1
DA:29,1
DA:34,1
DA:39,1
DA:44,1
DA:49,1
DA:54,1
DA:59,1
DA:64,1
DA:69,1
DA:74,1
DA:79,1
DA:84,1
DA:89,1
DA:94,1
DA:99,1
DA:104,1
DA:109,1
DA:114,1
LF:23
LH:23
BRDA:4,0,0,1
BRDA:4,0,1,1
BRF:2
BRH:2
end_of_record
TN:
SF:packages/roosterjs-editor-types/lib/compatibleEnum/PasteType.ts
FN:4,(anonymous_0)
FNF:1
FNH:1
FNDA:1,(anonymous_0)
DA:4,1
DA:9,1
DA:14,1
DA:19,1
DA:24,1
LF:5
LH:5
BRDA:4,0,0,1
BRDA:4,0,1,1
BRF:2
BRH:2
end_of_record
TN:
SF:packages/roosterjs-editor-types/lib/compatibleEnum/PluginEventType.ts
FN:4,(anonymous_0)
FNF:1
FNH:1
FNDA:1,(anonymous_0)
DA:4,1
DA:9,1
DA:14,1
DA:19,1
DA:24,1
DA:29,1
DA:34,1
DA:39,1
DA:44,1
DA:52,1
DA:57,1
DA:62,1
DA:67,1
DA:72,1
DA:77,1
DA:82,1
DA:87,1
DA:92,1
DA:97,1
DA:102,1
DA:107,1
DA:113,1
DA:118,1
DA:124,1
DA:131,1
LF:25
LH:25
BRDA:4,0,0,1
BRDA:4,0,1,1
BRF:2
BRH:2
end_of_record
TN:
SF:packages/roosterjs-editor-types/lib/compatibleEnum/PositionType.ts
FN:4,(anonymous_0)
FNF:1
FNH:1
FNDA:1,(anonymous_0)
DA:4,1
DA:9,1
DA:14,1
DA:19,1
DA:24,1
LF:5
LH:5
BRDA:4,0,0,1
BRDA:4,0,1,1
BRF:2
BRH:2
end_of_record
TN:
SF:packages/roosterjs-editor-types/lib/compatibleEnum/QueryScope.ts
FN:4,(anonymous_0)
FNF:1
FNH:1
FNDA:1,(anonymous_0)
DA:4,1
DA:9,1
DA:15,1
DA:20,1
LF:4
LH:4
BRDA:4,0,0,1
BRDA:4,0,1,1
BRF:2
BRH:2
end_of_record
TN:
SF:packages/roosterjs-editor-types/lib/compatibleEnum/RegionType.ts
FN:4,(anonymous_0)
FNF:1
FNH:1
FNDA:1,(anonymous_0)
DA:4,1
DA:9,1
LF:2
LH:2
BRDA:4,0,0,1
BRDA:4,0,1,1
BRF:2
BRH:2
end_of_record
TN:
SF:packages/roosterjs-editor-types/lib/compatibleEnum/SelectionRangeTypes.ts
FN:4,(anonymous_0)
FNF:1
FNH:1
FNDA:1,(anonymous_0)
DA:4,1
DA:9,1
DA:13,1
DA:17,1
LF:4
LH:4
BRDA:4,0,0,1
BRDA:4,0,1,1
BRF:2
BRH:2
end_of_record
TN:
SF:packages/roosterjs-editor-types/lib/compatibleEnum/TableBorderFormat.ts
FN:4,(anonymous_0)
FNF:1
FNH:1
FNDA:1,(anonymous_0)
DA:4,1
DA:13,1
DA:22,1
DA:30,1
DA:39,1
DA:48,1
DA:58,1
DA:68,1
DA:76,1
DA:81,1
LF:10
LH:10
BRDA:4,0,0,1
BRDA:4,0,1,1
BRF:2
BRH:2
end_of_record
TN:
SF:packages/roosterjs-editor-types/lib/compatibleEnum/TableOperation.ts
FN:4,(anonymous_0)
FNF:1
FNH:1
FNDA:1,(anonymous_0)
DA:4,1
DA:9,1
DA:14,1
DA:19,1
DA:24,1
DA:29,1
DA:34,1
DA:39,1
DA:44,1
DA:49,1
DA:54,1
DA:59,1
DA:64,1
DA:69,1
DA:74,1
DA:79,1
DA:84,1
DA:89,1
DA:94,1
DA:99,1
DA:104,1
DA:109,1
DA:114,1
DA:119,1
LF:24
LH:24
BRDA:4,0,0,1
BRDA:4,0,1,1
BRF:2
BRH:2
end_of_record
TN:
SF:packages/roosterjs-editor-types/lib/compatibleEnum/index.ts
FN:1,(anonymous_0)
FN:2,(anonymous_1)
FN:3,(anonymous_2)
FN:4,(anonymous_3)
FN:5,(anonymous_4)
FN:6,(anonymous_5)
FN:7,(anonymous_6)
FN:8,(anonymous_7)
FN:8,(anonymous_8)
FN:9,(anonymous_9)
FN:10,(anonymous_10)
FN:11,(anonymous_11)
FN:12,(anonymous_12)
FN:13,(anonymous_13)
FN:14,(anonymous_14)
FN:15,(anonymous_15)
FN:16,(anonymous_16)
FN:17,(anonymous_17)
FN:18,(anonymous_18)
FN:19,(anonymous_19)
FN:20,(anonymous_20)
FN:21,(anonymous_21)
FN:22,(anonymous_22)
FN:23,(anonymous_23)
FN:24,(anonymous_24)
FN:25,(anonymous_25)
FN:26,(anonymous_26)
FN:27,(anonymous_27)
FN:28,(anonymous_28)
FN:29,(anonymous_29)
FN:30,(anonymous_30)
FN:31,(anonymous_31)
FN:32,(anonymous_32)
FN:33,(anonymous_33)
FN:34,(anonymous_34)
FN:35,(anonymous_35)
FNF:36
FNH:0
FNDA:0,(anonymous_0)
FNDA:0,(anonymous_1)
FNDA:0,(anonymous_2)
FNDA:0,(anonymous_3)
FNDA:0,(anonymous_4)
FNDA:0,(anonymous_5)
FNDA:0,(anonymous_6)
FNDA:0,(anonymous_7)
FNDA:0,(anonymous_8)
FNDA:0,(anonymous_9)
FNDA:0,(anonymous_10)
FNDA:0,(anonymous_11)
FNDA:0,(anonymous_12)
FNDA:0,(anonymous_13)
FNDA:0,(anonymous_14)
FNDA:0,(anonymous_15)
FNDA:0,(anonymous_16)
FNDA:0,(anonymous_17)
FNDA:0,(anonymous_18)
FNDA:0,(anonymous_19)
FNDA:0,(anonymous_20)
FNDA:0,(anonymous_21)
FNDA:0,(anonymous_22)
FNDA:0,(anonymous_23)
FNDA:0,(anonymous_24)
FNDA:0,(anonymous_25)
FNDA:0,(anonymous_26)
FNDA:0,(anonymous_27)
FNDA:0,(anonymous_28)
FNDA:0,(anonymous_29)
FNDA:0,(anonymous_30)
FNDA:0,(anonymous_31)
FNDA:0,(anonymous_32)
FNDA:0,(anonymous_33)
FNDA:0,(anonymous_34)
FNDA:0,(anonymous_35)
DA:1,1
DA:2,1
DA:3,1
DA:4,1
DA:5,1
DA:6,1
DA:7,1
DA:8,1
DA:9,1
DA:10,1
DA:11,1
DA:12,1
DA:13,1
DA:14,1
DA:15,1
DA:16,1
DA:17,1
DA:18,1
DA:19,1
DA:20,1
DA:21,1
DA:22,1
DA:23,1
DA:24,1
DA:25,1
DA:26,1
DA:27,1
DA:28,1
DA:29,1
DA:30,1
DA:31,1
DA:32,1
DA:33,1
DA:34,1
DA:35,1
LF:35
LH:35
BRF:0
BRH:0
end_of_record
TN:
SF:packages/roosterjs-editor-types/lib/corePluginState/index.ts
FNF:0
FNH:0
LF:0
LH:0
BRF:0
BRH:0
end_of_record
TN:
SF:packages/roosterjs-editor-types/lib/enum/Alignment.ts
FN:4,(anonymous_0)
FNF:1
FNH:1
FNDA:1,(anonymous_0)
DA:4,1
DA:8,1
DA:13,1
DA:18,1
LF:4
LH:4
BRDA:4,0,0,1
BRDA:4,0,1,1
BRF:2
BRH:2
end_of_record
TN:
SF:packages/roosterjs-editor-types/lib/enum/BulletListType.ts
FN:4,(anonymous_0)
FNF:1
FNH:1
FNDA:1,(anonymous_0)
DA:4,1
DA:8,1
DA:13,1
DA:18,1
DA:23,1
DA:28,1
DA:33,1
DA:38,1
DA:43,1
DA:48,1
DA:53,1
DA:58,1
LF:12
LH:12
BRDA:4,0,0,1
BRDA:4,0,1,1
BRF:2
BRH:2
end_of_record
TN:
SF:packages/roosterjs-editor-types/lib/enum/Capitalization.ts
FN:5,(anonymous_0)
FNF:1
FNH:1
FNDA:1,(anonymous_0)
DA:5,1
DA:10,1
DA:15,1
DA:20,1
DA:25,1
LF:5
LH:5
BRDA:5,0,0,1
BRDA:5,0,1,1
BRF:2
BRH:2
end_of_record
TN:
SF:packages/roosterjs-editor-types/lib/enum/ChangeSource.ts
FN:5,(anonymous_0)
FNF:1
FNH:1
FNDA:1,(anonymous_0)
DA:5,1
DA:9,1
DA:14,1
DA:19,1
DA:24,1
DA:29,1
DA:34,1
DA:39,1
DA:44,1
DA:49,1
DA:54,1
DA:59,1
DA:64,1
DA:70,1
LF:14
LH:14
BRDA:5,0,0,1
BRDA:5,0,1,1
BRF:2
BRH:2
end_of_record
TN:
SF:packages/roosterjs-editor-types/lib/enum/ClearFormatMode.ts
FN:4,(anonymous_0)
FNF:1
FNH:1
FNDA:1,(anonymous_0)
DA:4,1
DA:8,1
DA:13,1
DA:18,1
LF:4
LH:4
BRDA:4,0,0,1
BRDA:4,0,1,1
BRF:2
BRH:2
end_of_record
TN:
SF:packages/roosterjs-editor-types/lib/enum/ColorTransformDirection.ts
FN:4,(anonymous_0)
FNF:1
FNH:1
FNDA:1,(anonymous_0)
DA:4,1
DA:8,1
DA:13,1
LF:3
LH:3
BRDA:4,0,0,1
BRDA:4,0,1,1
BRF:2
BRH:2
end_of_record
TN:
SF:packages/roosterjs-editor-types/lib/enum/ContentPosition.ts
FN:6,(anonymous_0)
FNF:1
FNH:1
FNDA:1,(anonymous_0)
DA:6,1
DA:10,1
DA:15,1
DA:20,1
DA:25,1
DA:30,1
DA:35,1
LF:7
LH:7
BRDA:6,0,0,1
BRDA:6,0,1,1
BRF:2
BRH:2
end_of_record
TN:
SF:packages/roosterjs-editor-types/lib/enum/ContentType.ts
FN:4,(anonymous_0)
FN:19,(anonymous_1)
FNF:2
FNH:2
FNDA:1,(anonymous_0)
FNDA:1,(anonymous_1)
DA:4,1
DA:8,1
DA:13,1
DA:19,1
DA:23,1
DA:28,1
LF:6
LH:6
BRDA:4,0,0,1
BRDA:4,0,1,1
BRDA:19,1,0,1
BRDA:19,1,1,1
BRF:4
BRH:4
end_of_record
TN:
SF:packages/roosterjs-editor-types/lib/enum/DarkModeDatasetNames.ts
FN:5,(anonymous_0)
FNF:1
FNH:1
FNDA:1,(anonymous_0)
DA:5,1
DA:9,1
DA:14,1
DA:19,1
DA:24,1
LF:5
LH:5
BRDA:5,0,0,1
BRDA:5,0,1,1
BRF:2
BRH:2
end_of_record
TN:
SF:packages/roosterjs-editor-types/lib/enum/DefinitionType.ts
FN:4,(anonymous_0)
FNF:1
FNH:1
FNDA:1,(anonymous_0)
DA:4,1
DA:8,1
DA:13,1
DA:18,1
DA:23,1
DA:28,1
DA:33,1
LF:7
LH:7
BRDA:4,0,0,1
BRDA:4,0,1,1
BRF:2
BRH:2
end_of_record
TN:
SF:packages/roosterjs-editor-types/lib/enum/DelimiterClasses.ts
FN:4,(anonymous_0)
FNF:1
FNH:1
FNDA:1,(anonymous_0)
DA:4,1
DA:8,1
DA:13,1
LF:3
LH:3
BRDA:4,0,0,1
BRDA:4,0,1,1
BRF:2
BRH:2
end_of_record
TN:
SF:packages/roosterjs-editor-types/lib/enum/Direction.ts
FN:4,(anonymous_0)
FNF:1
FNH:1
FNDA:1,(anonymous_0)
DA:4,1
DA:8,1
DA:13,1
LF:3
LH:3
BRDA:4,0,0,1
BRDA:4,0,1,1
BRF:2
BRH:2
end_of_record
TN:
SF:packages/roosterjs-editor-types/lib/enum/DocumentCommand.ts
FN:5,(anonymous_0)
FNF:1
FNH:1
FNDA:1,(anonymous_0)
DA:5,1
DA:9,1
DA:16,1
DA:21,1
DA:26,1
DA:32,1
DA:38,1
DA:45,1
DA:51,1
DA:56,1
DA:62,1
DA:67,1
DA:72,1
DA:77,1
DA:83,1
DA:88,1
DA:94,1
DA:102,1
DA:107,1
DA:113,1
DA:119,1
DA:124,1
DA:130,1
DA:136,1
DA:141,1
DA:147,1
DA:153,1
DA:158,1
DA:163,1
DA:169,1
DA:174,1
DA:180,1
DA:185,1
DA:190,1
DA:195,1
DA:200,1
DA:205,1
DA:210,1
DA:215,1
DA:220,1
DA:225,1
DA:230,1
DA:235,1
DA:240,1
DA:245,1
DA:250,1
DA:255,1
DA:260,1
LF:48
LH:48
BRDA:5,0,0,1
BRDA:5,0,1,1
BRF:2
BRH:2
end_of_record
TN:
SF:packages/roosterjs-editor-types/lib/enum/DocumentPosition.ts
FN:5,(anonymous_0)
FNF:1
FNH:1
FNDA:1,(anonymous_0)
DA:5,1
DA:9,1
DA:14,1
DA:19,1
DA:24,1
DA:29,1
DA:34,1
LF:7
LH:7
BRDA:5,0,0,1
BRDA:5,0,1,1
BRF:2
BRH:2
end_of_record
TN:
SF:packages/roosterjs-editor-types/lib/enum/EntityClasses.ts
FN:4,(anonymous_0)
FNF:1
FNH:1
FNDA:1,(anonymous_0)
DA:4,1
DA:8,1
DA:13,1
DA:18,1
DA:23,1
LF:5
LH:5
BRDA:4,0,0,1
BRDA:4,0,1,1
BRF:2
BRH:2
end_of_record
TN:
SF:packages/roosterjs-editor-types/lib/enum/EntityOperation.ts
FN:4,(anonymous_0)
FNF:1
FNH:1
FNDA:1,(anonymous_0)
DA:4,1
DA:12,1
DA:17,1
DA:22,1
DA:27,1
DA:32,1
DA:37,1
DA:44,1
DA:50,1
DA:59,1
DA:64,1
DA:69,1
DA:75,1
LF:13
LH:13
BRDA:4,0,0,1
BRDA:4,0,1,1
BRF:2
BRH:2
end_of_record
TN:
SF:packages/roosterjs-editor-types/lib/enum/ExperimentalFeatures.ts
FN:4,(anonymous_0)
FNF:1
FNH:1
FNDA:1,(anonymous_0)
DA:4,1
DA:10,1
DA:15,1
DA:20,1
DA:25,1
DA:30,1
DA:35,1
DA:40,1
DA:45,1
DA:50,1
DA:56,1
DA:62,1
DA:68,1
DA:74,1
DA:80,1
DA:88,1
DA:95,1
DA:101,1
DA:109,1
DA:115,1
DA:120,1
DA:125,1
DA:131,1
DA:137,1
DA:143,1
DA:149,1
DA:155,1
DA:162,1
DA:170,1
DA:175,1
DA:180,1
DA:185,1
LF:32
LH:32
BRDA:4,0,0,1
BRDA:4,0,1,1
BRF:2
BRH:2
end_of_record
TN:
SF:packages/roosterjs-editor-types/lib/enum/FontSizeChange.ts
FN:5,(anonymous_0)
FNF:1
FNH:1
FNDA:1,(anonymous_0)
DA:5,1
DA:9,1
DA:14,1
LF:3
LH:3
BRDA:5,0,0,1
BRDA:5,0,1,1
BRF:2
BRH:2
end_of_record
TN:
SF:packages/roosterjs-editor-types/lib/enum/GetContentMode.ts
FN:4,(anonymous_0)
FNF:1
FNH:1
FNDA:1,(anonymous_0)
DA:4,1
DA:11,1
DA:16,1
DA:23,1
DA:28,1
DA:35,1
LF:6
LH:6
BRDA:4,0,0,1
BRDA:4,0,1,1
BRF:2
BRH:2
end_of_record
TN:
SF:packages/roosterjs-editor-types/lib/enum/ImageEditOperation.ts
FN:4,(anonymous_0)
FNF:1
FNH:1
FNDA:1,(anonymous_0)
DA:4,1
DA:8,1
DA:13,1
DA:18,1
DA:23,1
DA:28,1
DA:33,1
DA:38,1
DA:43,1
LF:9
LH:9
BRDA:4,0,0,1
BRDA:4,0,1,1
BRF:2
BRH:2
end_of_record
TN:
SF:packages/roosterjs-editor-types/lib/enum/Indentation.ts
FN:5,(anonymous_0)
FNF:1
FNH:1
FNDA:1,(anonymous_0)
DA:5,1
DA:9,1
DA:14,1
LF:3
LH:3
BRDA:5,0,0,1
BRDA:5,0,1,1
BRF:2
BRH:2
end_of_record
TN:
SF:packages/roosterjs-editor-types/lib/enum/Keys.ts
FN:4,(anonymous_0)
FNF:1
FNH:1
FNDA:1,(anonymous_0)
DA:4,1
DA:5,1
DA:6,1
DA:7,1
DA:8,1
DA:9,1
DA:10,1
DA:11,1
DA:12,1
DA:13,1
DA:14,1
DA:15,1
DA:16,1
DA:17,1
DA:18,1
DA:19,1
DA:20,1
DA:21,1
DA:22,1
DA:26,1
DA:27,1
DA:28,1
DA:29,1
DA:30,1
DA:31,1
DA:32,1
DA:33,1
DA:34,1
DA:35,1
DA:36,1
DA:40,1
DA:41,1
DA:42,1
DA:47,1
DA:48,1
DA:50,1
DA:51,1
DA:52,1
LF:38
LH:38
BRDA:4,0,0,1
BRDA:4,0,1,1
BRF:2
BRH:2
end_of_record
TN:
SF:packages/roosterjs-editor-types/lib/enum/KnownCreateElementDataIndex.ts
FN:4,(anonymous_0)
FNF:1
FNH:1
FNDA:1,(anonymous_0)
DA:4,1
DA:8,1
DA:13,1
DA:18,1
DA:23,1
DA:28,1
DA:33,1
DA:38,1
DA:43,1
DA:48,1
DA:53,1
DA:58,1
DA:63,1
DA:68,1
LF:14
LH:14
BRDA:4,0,0,1
BRDA:4,0,1,1
BRF:2
BRH:2
end_of_record
TN:
SF:packages/roosterjs-editor-types/lib/enum/KnownPasteSourceType.ts
FN:4,(anonymous_0)
FNF:1
FNH:1
FNDA:1,(anonymous_0)
DA:4,1
DA:5,1
DA:6,1
DA:7,1
DA:8,1
DA:9,1
DA:10,1
DA:11,1
DA:12,1
LF:9
LH:9
BRDA:4,0,0,1
BRDA:4,0,1,1
BRF:2
BRH:2
end_of_record
TN:
SF:packages/roosterjs-editor-types/lib/enum/ListType.ts
FN:4,(anonymous_0)
FNF:1
FNH:1
FNDA:1,(anonymous_0)
DA:4,1
DA:9,1
DA:15,1
DA:21,1
LF:4
LH:4
BRDA:4,0,0,1
BRDA:4,0,1,1
BRF:2
BRH:2
end_of_record
TN:
SF:packages/roosterjs-editor-types/lib/enum/NodeType.ts
FN:6,(anonymous_0)
FNF:1
FNH:1
FNDA:1,(anonymous_0)
DA:6,1
DA:10,1
DA:15,1
DA:20,1
DA:25,1
DA:30,1
DA:35,1
DA:40,1
DA:45,1
LF:9
LH:9
BRDA:6,0,0,1
BRDA:6,0,1,1
BRF:2
BRH:2
end_of_record
TN:
SF:packages/roosterjs-editor-types/lib/enum/NumberingListType.ts
FN:4,(anonymous_0)
FNF:1
FNH:1
FNDA:1,(anonymous_0)
DA:4,1
DA:8,1
DA:13,1
DA:18,1
DA:23,1
DA:28,1
DA:33,1
DA:38,1
DA:43,1
DA:48,1
DA:53,1
DA:58,1
DA:63,1
DA:68,1
DA:73,1
DA:78,1
DA:83,1
DA:88,1
DA:93,1
DA:98,1
DA:103,1
DA:108,1
DA:113,1
LF:23
LH:23
BRDA:4,0,0,1
BRDA:4,0,1,1
BRF:2
BRH:2
end_of_record
TN:
SF:packages/roosterjs-editor-types/lib/enum/PasteType.ts
FN:4,(anonymous_0)
FNF:1
FNH:1
FNDA:1,(anonymous_0)
DA:4,1
DA:8,1
DA:13,1
DA:18,1
DA:23,1
LF:5
LH:5
BRDA:4,0,0,1
BRDA:4,0,1,1
BRF:2
BRH:2
end_of_record
TN:
SF:packages/roosterjs-editor-types/lib/enum/PluginEventType.ts
FN:4,(anonymous_0)
FNF:1
FNH:1
FNDA:1,(anonymous_0)
DA:4,1
DA:8,1
DA:13,1
DA:18,1
DA:23,1
DA:28,1
DA:33,1
DA:38,1
DA:43,1
DA:51,1
DA:56,1
DA:61,1
DA:66,1
DA:71,1
DA:76,1
DA:81,1
DA:86,1
DA:91,1
DA:96,1
DA:101,1
DA:106,1
DA:112,1
DA:117,1
DA:123,1
DA:130,1
LF:25
LH:25
BRDA:4,0,0,1
BRDA:4,0,1,1
BRF:2
BRH:2
end_of_record
TN:
SF:packages/roosterjs-editor-types/lib/enum/PositionType.ts
FN:4,(anonymous_0)
FNF:1
FNH:1
FNDA:1,(anonymous_0)
DA:4,1
DA:8,1
DA:13,1
DA:18,1
DA:23,1
LF:5
LH:5
BRDA:4,0,0,1
BRDA:4,0,1,1
BRF:2
BRH:2
end_of_record
TN:
SF:packages/roosterjs-editor-types/lib/enum/QueryScope.ts
FN:4,(anonymous_0)
FNF:1
FNH:1
FNDA:1,(anonymous_0)
DA:4,1
DA:8,1
DA:14,1
DA:19,1
LF:4
LH:4
BRDA:4,0,0,1
BRDA:4,0,1,1
BRF:2
BRH:2
end_of_record
TN:
SF:packages/roosterjs-editor-types/lib/enum/RegionType.ts
FN:4,(anonymous_0)
FNF:1
FNH:1
FNDA:1,(anonymous_0)
DA:4,1
DA:8,1
LF:2
LH:2
BRDA:4,0,0,1
BRDA:4,0,1,1
BRF:2
BRH:2
end_of_record
TN:
SF:packages/roosterjs-editor-types/lib/enum/SelectionRangeTypes.ts
FN:4,(anonymous_0)
FNF:1
FNH:1
FNDA:1,(anonymous_0)
DA:4,1
DA:8,1
DA:12,1
DA:16,1
LF:4
LH:4
BRDA:4,0,0,1
BRDA:4,0,1,1
BRF:2
BRH:2
end_of_record
TN:
SF:packages/roosterjs-editor-types/lib/enum/TableBorderFormat.ts
FN:4,(anonymous_0)
FNF:1
FNH:1
FNDA:1,(anonymous_0)
DA:4,1
DA:12,1
DA:21,1
DA:29,1
DA:38,1
DA:47,1
DA:57,1
DA:67,1
DA:75,1
DA:80,1
LF:10
LH:10
BRDA:4,0,0,1
BRDA:4,0,1,1
BRF:2
BRH:2
end_of_record
TN:
SF:packages/roosterjs-editor-types/lib/enum/TableOperation.ts
FN:4,(anonymous_0)
FNF:1
FNH:1
FNDA:1,(anonymous_0)
DA:4,1
DA:8,1
DA:13,1
DA:18,1
DA:23,1
DA:28,1
DA:33,1
DA:38,1
DA:43,1
DA:48,1
DA:53,1
DA:58,1
DA:63,1
DA:68,1
DA:73,1
DA:78,1
DA:83,1
DA:88,1
DA:93,1
DA:98,1
DA:103,1
DA:108,1
DA:113,1
DA:118,1
LF:24
LH:24
BRDA:4,0,0,1
BRDA:4,0,1,1
BRF:2
BRH:2
end_of_record
TN:
SF:packages/roosterjs-editor-types/lib/enum/index.ts
FN:1,(anonymous_0)
FN:2,(anonymous_1)
FN:3,(anonymous_2)
FN:4,(anonymous_3)
FN:5,(anonymous_4)
FN:5,(anonymous_5)
FN:6,(anonymous_6)
FN:7,(anonymous_7)
FN:8,(anonymous_8)
FN:9,(anonymous_9)
FN:10,(anonymous_10)
FN:11,(anonymous_11)
FN:12,(anonymous_12)
FN:13,(anonymous_13)
FN:14,(anonymous_14)
FN:15,(anonymous_15)
FN:16,(anonymous_16)
FN:17,(anonymous_17)
FN:18,(anonymous_18)
FN:19,(anonymous_19)
FN:20,(anonymous_20)
FN:21,(anonymous_21)
FN:22,(anonymous_22)
FN:23,(anonymous_23)
FN:24,(anonymous_24)
FN:25,(anonymous_25)
FN:26,(anonymous_26)
FN:27,(anonymous_27)
FN:28,(anonymous_28)
FN:29,(anonymous_29)
FN:30,(anonymous_30)
FN:31,(anonymous_31)
FN:32,(anonymous_32)
FN:33,(anonymous_33)
FN:34,(anonymous_34)
FN:35,(anonymous_35)
FNF:36
FNH:0
FNDA:0,(anonymous_0)
FNDA:0,(anonymous_1)
FNDA:0,(anonymous_2)
FNDA:0,(anonymous_3)
FNDA:0,(anonymous_4)
FNDA:0,(anonymous_5)
FNDA:0,(anonymous_6)
FNDA:0,(anonymous_7)
FNDA:0,(anonymous_8)
FNDA:0,(anonymous_9)
FNDA:0,(anonymous_10)
FNDA:0,(anonymous_11)
FNDA:0,(anonymous_12)
FNDA:0,(anonymous_13)
FNDA:0,(anonymous_14)
FNDA:0,(anonymous_15)
FNDA:0,(anonymous_16)
FNDA:0,(anonymous_17)
FNDA:0,(anonymous_18)
FNDA:0,(anonymous_19)
FNDA:0,(anonymous_20)
FNDA:0,(anonymous_21)
FNDA:0,(anonymous_22)
FNDA:0,(anonymous_23)
FNDA:0,(anonymous_24)
FNDA:0,(anonymous_25)
FNDA:0,(anonymous_26)
FNDA:0,(anonymous_27)
FNDA:0,(anonymous_28)
FNDA:0,(anonymous_29)
FNDA:0,(anonymous_30)
FNDA:0,(anonymous_31)
FNDA:0,(anonymous_32)
FNDA:0,(anonymous_33)
FNDA:0,(anonymous_34)
FNDA:0,(anonymous_35)
DA:1,1
DA:2,1
DA:3,1
DA:4,1
DA:5,1
DA:6,1
DA:7,1
DA:8,1
DA:9,1
DA:10,1
DA:11,1
DA:12,1
DA:13,1
DA:14,1
DA:15,1
DA:16,1
DA:17,1
DA:18,1
DA:19,1
DA:20,1
DA:21,1
DA:22,1
DA:23,1
DA:24,1
DA:25,1
DA:26,1
DA:27,1
DA:28,1
DA:29,1
DA:30,1
DA:31,1
DA:32,1
DA:33,1
DA:34,1
DA:35,1
LF:35
LH:35
BRF:0
BRH:0
end_of_record
TN:
SF:packages/roosterjs-editor-types/lib/event/index.ts
FNF:0
FNH:0
LF:0
LH:0
BRF:0
BRH:0
end_of_record
TN:
SF:packages/roosterjs-editor-types/lib/interface/index.ts
FNF:0
FNH:0
LF:0
LH:0
BRF:0
BRH:0
end_of_record
TN:
SF:packages/roosterjs-editor-types/lib/type/index.ts
FNF:0
FNH:0
LF:0
LH:0
BRF:0
BRH:0
end_of_record
TN:
SF:packages/roosterjs/lib/createEditor.ts
FN:14,createEditor
FNF:1
FNH:1
FNDA:5,createEditor
DA:1,1
DA:2,1
DA:3,1
DA:14,1
DA:19,5
DA:21,5
DA:22,2
DA:25,5
DA:36,5
LF:9
LH:9
BRDA:21,0,0,2
BRDA:21,0,1,3
BRF:2
BRH:2
end_of_record
TN:
SF:packages/roosterjs/lib/index.ts
FN:1,(anonymous_0)
FNF:1
FNH:1
FNDA:5,(anonymous_0)
DA:1,6
DA:2,1
DA:3,1
DA:4,1
DA:5,1
DA:6,1
DA:7,1
DA:8,1
LF:8
LH:8
BRF:0
BRH:0
end_of_record
