TN:
SF:packages/roosterjs-color-utils/lib/index.ts
FN:1,(anonymous_0)
FNF:1
FNH:0
FNDA:0,(anonymous_0)
DA:1,1
LF:1
LH:1
BRF:0
BRH:0
end_of_record
TN:
SF:packages/roosterjs-color-utils/lib/utils/getDarkColor.ts
FN:10,getDarkColor
FNF:1
FNH:1
FNDA:48,getDarkColor
DA:1,1
DA:3,1
DA:10,1
DA:12,96
DA:14,48
DA:15,48
DA:16,48
DA:17,48
DA:18,48
DA:24,48
LF:10
LH:10
BRDA:12,0,0,48
BRDA:12,0,1,0
BRDA:15,1,0,48
BRDA:15,1,1,0
BRF:4
BRH:2
end_of_record
TN:
SF:packages/roosterjs-content-model-api/lib/index.ts
FN:1,(anonymous_0)
FN:2,(anonymous_1)
FN:3,(anonymous_2)
FN:4,(anonymous_3)
FN:5,(anonymous_4)
FN:6,(anonymous_5)
FN:7,(anonymous_6)
FN:8,(anonymous_7)
FN:9,(anonymous_8)
FN:10,(anonymous_9)
FN:11,(anonymous_10)
FN:12,(anonymous_11)
FN:13,(anonymous_12)
FN:14,(anonymous_13)
FN:15,(anonymous_14)
FN:16,(anonymous_15)
FN:17,(anonymous_16)
FN:18,(anonymous_17)
FN:19,(anonymous_18)
FN:20,(anonymous_19)
FN:21,(anonymous_20)
FN:22,(anonymous_21)
FN:23,(anonymous_22)
FN:24,(anonymous_23)
FN:25,(anonymous_24)
FN:26,(anonymous_25)
FN:27,(anonymous_26)
FN:28,(anonymous_27)
FN:29,(anonymous_28)
FN:30,(anonymous_29)
FN:31,(anonymous_30)
FN:32,(anonymous_31)
FN:33,(anonymous_32)
FN:34,(anonymous_33)
FN:35,(anonymous_34)
FN:36,(anonymous_35)
FN:37,(anonymous_36)
FN:38,(anonymous_37)
FN:39,(anonymous_38)
FN:40,(anonymous_39)
FN:41,(anonymous_40)
FN:42,(anonymous_41)
FN:43,(anonymous_42)
FN:44,(anonymous_43)
FN:45,(anonymous_44)
FN:47,(anonymous_45)
FN:48,(anonymous_46)
FN:49,(anonymous_47)
FN:50,(anonymous_48)
FN:51,(anonymous_49)
FN:52,(anonymous_50)
FN:54,(anonymous_51)
FN:55,(anonymous_52)
FN:56,(anonymous_53)
FN:57,(anonymous_54)
FN:58,(anonymous_55)
FN:59,(anonymous_56)
FN:60,(anonymous_57)
FNF:58
FNH:20
FNDA:0,(anonymous_0)
FNDA:0,(anonymous_1)
FNDA:0,(anonymous_2)
FNDA:0,(anonymous_3)
FNDA:0,(anonymous_4)
FNDA:2,(anonymous_5)
FNDA:2,(anonymous_6)
FNDA:2,(anonymous_7)
FNDA:2,(anonymous_8)
FNDA:2,(anonymous_9)
FNDA:0,(anonymous_10)
FNDA:0,(anonymous_11)
FNDA:0,(anonymous_12)
FNDA:0,(anonymous_13)
FNDA:0,(anonymous_14)
FNDA:0,(anonymous_15)
FNDA:0,(anonymous_16)
FNDA:4,(anonymous_17)
FNDA:0,(anonymous_18)
FNDA:0,(anonymous_19)
FNDA:0,(anonymous_20)
FNDA:0,(anonymous_21)
FNDA:0,(anonymous_22)
FNDA:0,(anonymous_23)
FNDA:0,(anonymous_24)
FNDA:0,(anonymous_25)
FNDA:0,(anonymous_26)
FNDA:0,(anonymous_27)
FNDA:0,(anonymous_28)
FNDA:0,(anonymous_29)
FNDA:0,(anonymous_30)
FNDA:0,(anonymous_31)
FNDA:0,(anonymous_32)
FNDA:1,(anonymous_33)
FNDA:0,(anonymous_34)
FNDA:0,(anonymous_35)
FNDA:0,(anonymous_36)
FNDA:0,(anonymous_37)
FNDA:0,(anonymous_38)
FNDA:0,(anonymous_39)
FNDA:0,(anonymous_40)
FNDA:0,(anonymous_41)
FNDA:2,(anonymous_42)
FNDA:1,(anonymous_43)
FNDA:1,(anonymous_44)
FNDA:2,(anonymous_45)
FNDA:0,(anonymous_46)
FNDA:0,(anonymous_47)
FNDA:0,(anonymous_48)
FNDA:105,(anonymous_49)
FNDA:3,(anonymous_50)
FNDA:5,(anonymous_51)
FNDA:5,(anonymous_52)
FNDA:2,(anonymous_53)
FNDA:3,(anonymous_54)
FNDA:20,(anonymous_55)
FNDA:15,(anonymous_56)
FNDA:12,(anonymous_57)
DA:1,1
DA:2,1
DA:3,1
DA:4,1
DA:5,1
DA:6,3
DA:7,3
DA:8,3
DA:9,3
DA:10,3
DA:11,1
DA:12,1
DA:13,1
DA:14,1
DA:15,1
DA:16,1
DA:17,1
DA:18,5
DA:19,1
DA:20,1
DA:21,1
DA:22,1
DA:23,1
DA:24,1
DA:25,1
DA:26,1
DA:27,1
DA:28,1
DA:29,1
DA:30,1
DA:31,1
DA:32,1
DA:33,1
DA:34,2
DA:35,1
DA:36,1
DA:37,1
DA:38,1
DA:39,1
DA:40,1
DA:41,1
DA:42,1
DA:43,3
DA:44,2
DA:45,2
DA:47,3
DA:48,1
DA:49,1
DA:50,1
DA:51,106
DA:52,4
DA:54,6
DA:55,6
DA:56,3
DA:57,4
DA:58,21
DA:59,16
DA:60,13
LF:58
LH:58
BRF:0
BRH:0
end_of_record
TN:
SF:packages/roosterjs-content-model-api/lib/modelApi/block/setModelAlignment.ts
FN:52,setModelAlignment
FN:62,(anonymous_1)
FN:73,(anonymous_2)
FNF:3
FNH:3
FNDA:31,setModelAlignment
FNDA:39,(anonymous_1)
FNDA:27,(anonymous_2)
DA:1,1
DA:2,1
DA:12,1
DA:34,1
DA:52,1
DA:56,31
DA:62,39
DA:63,39
DA:64,39
DA:66,39
DA:67,9
DA:71,30
DA:72,30
DA:73,12
DA:74,27
DA:75,27
DA:78,30
DA:79,30
DA:83,31
LF:19
LH:19
BRDA:64,0,0,11
BRDA:64,0,1,28
BRDA:66,1,0,9
BRDA:66,1,1,30
BRDA:66,2,0,39
BRDA:66,2,1,9
BRDA:69,3,0,3
BRDA:69,3,1,6
BRDA:71,4,0,30
BRDA:71,4,1,0
BRDA:72,5,0,12
BRDA:72,5,1,18
BRDA:72,6,0,30
BRDA:72,6,1,12
BRF:14
BRH:13
end_of_record
TN:
SF:packages/roosterjs-content-model-api/lib/modelApi/block/setModelDirection.ts
FN:21,setModelDirection
FN:28,(anonymous_1)
FN:32,(anonymous_2)
FN:35,(anonymous_3)
FN:39,(anonymous_4)
FN:49,internalSetDirection
FN:68,(anonymous_6)
FN:69,(anonymous_7)
FN:71,(anonymous_8)
FN:88,setProperty
FNF:10
FNH:10
FNDA:14,setModelDirection
FNDA:13,(anonymous_1)
FNDA:2,(anonymous_2)
FNDA:2,(anonymous_3)
FNDA:3,(anonymous_4)
FNDA:15,internalSetDirection
FNDA:2,(anonymous_6)
FNDA:4,(anonymous_7)
FNDA:4,(anonymous_8)
FNDA:60,setProperty
DA:1,1
DA:2,1
DA:21,1
DA:22,14
DA:28,14
DA:29,13
DA:30,1
DA:32,1
DA:33,2
DA:35,2
DA:36,2
DA:39,3
DA:41,12
DA:42,12
DA:46,14
DA:50,15
DA:51,15
DA:53,15
DA:54,13
DA:55,13
DA:58,13
DA:59,13
DA:61,13
DA:62,13
DA:63,13
DA:64,13
DA:67,13
DA:68,2
DA:69,2
DA:71,4
DA:72,4
DA:73,4
DA:74,4
DA:75,4
DA:77,4
DA:83,2
DA:93,60
DA:94,10
DA:96,50
LF:39
LH:39
BRDA:29,0,0,1
BRDA:29,0,1,12
BRDA:41,1,0,12
BRDA:41,1,1,0
BRDA:53,2,0,13
BRDA:53,2,1,2
BRDA:67,3,0,2
BRDA:67,3,1,11
BRDA:67,4,0,13
BRDA:67,4,1,13
BRDA:72,5,0,4
BRDA:72,5,1,0
BRDA:72,6,0,0
BRDA:72,6,1,4
BRDA:72,7,0,4
BRDA:72,7,1,4
BRDA:93,8,0,10
BRDA:93,8,1,50
BRF:18
BRH:15
end_of_record
TN:
SF:packages/roosterjs-content-model-api/lib/modelApi/block/setModelIndentation.ts
FN:30,setModelIndentation
FN:44,(anonymous_1)
FN:75,(anonymous_2)
FN:129,isSelected
FN:130,(anonymous_4)
FN:132,(anonymous_5)
FN:141,isMultilevelSelection
FN:165,calculateMarginValue
FNF:8
FNH:8
FNDA:42,setModelIndentation
FNDA:60,(anonymous_1)
FNDA:4,(anonymous_2)
FNDA:20,isSelected
FNDA:18,(anonymous_4)
FNDA:18,(anonymous_5)
FNDA:1,isMultilevelSelection
FNDA:57,calculateMarginValue
DA:1,1
DA:2,1
DA:3,1
DA:22,1
DA:30,1
DA:33,82
DA:36,42
DA:41,42
DA:42,42
DA:44,60
DA:45,60
DA:46,20
DA:47,20
DA:49,20
DA:50,15
DA:51,15
DA:52,30
DA:53,15
DA:54,15
DA:55,15
DA:57,15
DA:58,5
DA:59,10
DA:60,10
DA:61,0
DA:63,10
DA:67,5
DA:68,5
DA:69,4
DA:70,4
DA:75,4
DA:76,4
DA:77,4
DA:78,4
DA:82,4
DA:84,4
DA:86,1
DA:89,5
DA:90,5
DA:93,40
DA:94,40
DA:95,40
DA:97,40
DA:98,42
DA:99,42
DA:100,42
DA:102,42
DA:103,38
DA:105,38
DA:106,3
DA:108,35
DA:111,38
DA:113,38
DA:114,4
DA:115,3
DA:117,3
DA:118,3
DA:120,1
DA:126,42
DA:130,20
DA:131,18
DA:132,18
DA:146,1
DA:147,1
DA:148,0
DA:149,0
DA:154,0
DA:155,0
DA:158,0
DA:159,0
DA:162,1
DA:168,57
DA:170,171
DA:171,57
DA:172,57
DA:173,57
DA:175,57
DA:176,49
DA:179,57
DA:181,9
DA:183,48
LF:81
LH:74
BRDA:33,0,0,40
BRDA:33,0,1,2
BRDA:45,1,0,20
BRDA:45,1,1,40
BRDA:49,2,0,15
BRDA:49,2,1,5
BRDA:49,3,0,20
BRDA:49,3,1,16
BRDA:55,4,0,0
BRDA:55,4,1,15
BRDA:57,5,0,5
BRDA:57,5,1,10
BRDA:57,6,0,15
BRDA:57,6,1,5
BRDA:59,7,0,10
BRDA:59,7,1,0
BRDA:60,8,0,0
BRDA:60,8,1,10
BRDA:67,9,0,5
BRDA:67,9,1,0
BRDA:67,10,0,5
BRDA:67,10,1,1
BRDA:68,11,0,4
BRDA:68,11,1,1
BRDA:71,12,0,4
BRDA:71,12,1,0
BRDA:71,13,0,0
BRDA:71,13,1,4
BRDA:71,14,0,4
BRDA:71,14,1,4
BRDA:72,15,0,0
BRDA:72,15,1,4
BRDA:72,16,0,4
BRDA:72,16,1,4
BRDA:76,17,0,4
BRDA:76,17,1,4
BRDA:89,18,0,5
BRDA:89,18,1,0
BRDA:89,19,0,5
BRDA:89,19,1,5
BRDA:93,20,0,40
BRDA:93,20,1,0
BRDA:97,21,0,43
BRDA:97,21,1,43
BRDA:102,22,0,38
BRDA:102,22,1,4
BRDA:105,23,0,3
BRDA:105,23,1,35
BRDA:114,24,0,3
BRDA:114,24,1,1
BRDA:114,25,0,4
BRDA:114,25,1,3
BRDA:131,26,0,18
BRDA:131,26,1,0
BRDA:149,27,0,0
BRDA:149,27,1,0
BRDA:150,28,0,0
BRDA:150,28,1,0
BRDA:150,28,2,0
BRDA:158,29,0,0
BRDA:158,29,1,0
BRDA:168,30,0,0
BRDA:168,30,1,57
BRDA:172,31,0,3
BRDA:172,31,1,54
BRDA:173,32,0,29
BRDA:173,32,1,28
BRDA:175,33,0,49
BRDA:175,33,1,8
BRDA:176,34,0,27
BRDA:176,34,1,22
BRDA:179,35,0,9
BRDA:179,35,1,48
BRF:73
BRH:55
end_of_record
TN:
SF:packages/roosterjs-content-model-api/lib/modelApi/block/toggleModelBlockQuote.ts
FN:26,toggleModelBlockQuote
FN:37,(anonymous_1)
FN:42,(anonymous_2)
FN:44,(anonymous_3)
FN:51,(anonymous_4)
FN:65,canMergeQuote
FN:72,isQuote
FN:79,areAllBlockQuotes
FN:88,(anonymous_8)
FNF:9
FNH:9
FNDA:13,toggleModelBlockQuote
FNDA:3,(anonymous_1)
FNDA:9,(anonymous_2)
FNDA:14,(anonymous_3)
FNDA:14,(anonymous_4)
FNDA:14,canMergeQuote
FNDA:40,isQuote
FNDA:13,areAllBlockQuotes
FNDA:12,(anonymous_8)
DA:1,1
DA:2,1
DA:26,1
DA:31,13
DA:35,13
DA:37,4
DA:38,3
DA:41,9
DA:42,9
DA:43,9
DA:44,9
DA:49,14
DA:51,14
DA:52,14
DA:55,13
DA:59,9
DA:62,13
DA:69,14
DA:73,40
DA:88,13
LF:20
LH:20
BRDA:35,0,0,4
BRDA:35,0,1,9
BRDA:43,1,0,1
BRDA:43,1,1,8
BRDA:49,2,0,14
BRDA:49,2,1,7
BRDA:49,3,0,7
BRDA:49,3,1,7
BRDA:49,4,0,14
BRDA:49,4,1,14
BRDA:49,5,0,1
BRDA:49,5,1,6
BRDA:52,6,0,1
BRDA:52,6,1,13
BRDA:69,7,0,14
BRDA:69,7,1,13
BRDA:74,8,0,40
BRDA:74,8,1,17
BRF:18
BRH:18
end_of_record
TN:
SF:packages/roosterjs-content-model-api/lib/modelApi/common/clearModelFormat.ts
FN:31,clearModelFormat
FN:39,(anonymous_1)
FN:79,(anonymous_2)
FN:97,createTablesFormat
FN:98,(anonymous_4)
FN:105,(anonymous_5)
FN:112,clearSegmentsFormat
FN:116,(anonymous_7)
FN:127,clearTableCellFormat
FN:138,(anonymous_9)
FN:145,(anonymous_10)
FN:151,clearContainerFormat
FN:187,clearListFormat
FN:197,clearBlockFormat
FN:213,isOnlySelectionMarkerSelected
FN:214,(anonymous_15)
FN:219,isWholeBlockSelected
FN:222,(anonymous_17)
FNF:18
FNH:18
FNDA:14,clearModelFormat
FNDA:16,(anonymous_1)
FNDA:7,(anonymous_2)
FNDA:14,createTablesFormat
FNDA:1,(anonymous_4)
FNDA:1,(anonymous_5)
FNDA:14,clearSegmentsFormat
FNDA:15,(anonymous_7)
FNDA:2,clearTableCellFormat
FNDA:2,(anonymous_9)
FNDA:1,(anonymous_10)
FNDA:8,clearContainerFormat
FNDA:11,clearListFormat
FNDA:8,clearBlockFormat
FNDA:10,isOnlySelectionMarkerSelected
FNDA:16,(anonymous_15)
FNDA:7,isWholeBlockSelected
FNDA:7,(anonymous_17)
DA:1,1
DA:2,1
DA:31,1
DA:37,14
DA:40,16
DA:41,13
DA:42,11
DA:44,11
DA:45,2
DA:50,2
DA:54,16
DA:55,12
DA:56,4
DA:57,2
DA:69,14
DA:72,14
DA:77,3
DA:78,3
DA:79,11
DA:81,7
DA:82,8
DA:84,8
DA:85,8
DA:86,8
DA:91,14
DA:94,14
DA:98,14
DA:99,1
DA:100,1
DA:101,1
DA:105,1
DA:108,1
DA:116,14
DA:117,15
DA:119,15
DA:120,1
DA:123,15
DA:131,2
DA:132,8
DA:133,2
DA:135,2
DA:136,2
DA:138,2
DA:139,2
DA:140,2
DA:145,2
DA:146,1
DA:155,8
DA:161,8
DA:162,2
DA:165,2
DA:166,2
DA:168,2
DA:169,2
DA:174,2
DA:175,2
DA:177,2
DA:188,11
DA:192,11
DA:193,3
DA:201,8
DA:202,1
DA:204,1
DA:205,1
DA:207,7
DA:208,7
DA:209,7
DA:214,16
DA:216,10
DA:220,7
DA:222,7
LF:71
LH:71
BRDA:40,0,0,13
BRDA:40,0,1,3
BRDA:41,1,0,11
BRDA:41,1,1,2
BRDA:41,2,0,2
BRDA:41,2,1,11
BRDA:41,3,0,13
BRDA:41,3,1,13
BRDA:45,4,0,2
BRDA:45,4,1,0
BRDA:46,5,0,2
BRDA:46,5,1,2
BRDA:46,5,2,2
BRDA:54,6,0,12
BRDA:54,6,1,4
BRDA:56,7,0,2
BRDA:56,7,1,2
BRDA:65,8,0,1
BRDA:65,8,1,13
BRDA:72,9,0,3
BRDA:72,9,1,11
BRDA:73,10,0,14
BRDA:73,10,1,10
BRDA:73,10,2,3
BRDA:79,11,0,7
BRDA:79,11,1,4
BRDA:79,12,0,11
BRDA:79,12,1,10
BRDA:100,13,0,1
BRDA:100,13,1,0
BRDA:117,14,0,15
BRDA:117,14,1,14
BRDA:119,15,0,1
BRDA:119,15,1,14
BRDA:131,16,0,2
BRDA:131,16,1,0
BRDA:135,17,0,2
BRDA:135,17,1,0
BRDA:145,18,0,1
BRDA:145,18,1,1
BRDA:161,19,0,2
BRDA:161,19,1,6
BRDA:161,20,0,8
BRDA:161,20,1,2
BRDA:168,21,0,2
BRDA:168,21,1,0
BRDA:168,22,0,2
BRDA:168,22,1,2
BRDA:192,23,0,3
BRDA:192,23,1,8
BRDA:201,24,0,1
BRDA:201,24,1,7
BRDA:204,25,0,1
BRDA:204,25,1,0
BRDA:207,26,0,7
BRDA:207,26,1,0
BRDA:214,27,0,9
BRDA:214,27,1,1
BRDA:216,28,0,10
BRDA:216,28,1,8
BRDA:221,29,0,7
BRDA:221,29,1,6
BRDA:221,29,2,6
BRF:63
BRH:56
end_of_record
TN:
SF:packages/roosterjs-content-model-api/lib/modelApi/common/reducedModelChildProcessor.ts
FN:28,reducedModelChildProcessor
FN:64,createNodeStack
FN:83,getChildIndex
FNF:3
FNH:2
FNDA:28,reducedModelChildProcessor
FNDA:8,createNodeStack
FNDA:0,getChildIndex
DA:1,1
DA:28,1
DA:33,28
DA:34,10
DA:35,10
DA:38,28
DA:40,28
DA:41,10
DA:45,10
DA:47,10
DA:48,0
DA:51,10
DA:53,10
DA:54,0
DA:60,18
DA:65,8
DA:66,8
DA:68,8
DA:69,14
DA:72,1
DA:74,13
DA:77,14
DA:80,8
DA:84,0
DA:85,0
DA:87,0
DA:88,0
DA:89,0
DA:91,0
LF:29
LH:21
BRDA:33,0,0,10
BRDA:33,0,1,18
BRDA:35,1,0,8
BRDA:35,1,1,2
BRDA:40,2,0,10
BRDA:40,2,1,18
BRDA:45,3,0,0
BRDA:45,3,1,10
BRDA:45,4,0,10
BRDA:45,4,1,10
BRDA:47,5,0,0
BRDA:47,5,1,10
BRDA:53,6,0,0
BRDA:53,6,1,10
BRDA:68,7,0,22
BRDA:68,7,1,22
BRDA:68,7,2,14
BRDA:69,8,0,1
BRDA:69,8,1,13
BRDA:69,9,0,14
BRDA:69,9,1,14
BRDA:87,10,0,0
BRDA:87,10,1,0
BRF:23
BRH:18
end_of_record
TN:
SF:packages/roosterjs-content-model-api/lib/modelApi/common/wrapBlock.ts
FN:21,wrapBlockStep1
FN:54,wrapBlockStep2
FN:58,(anonymous_2)
FN:72,createAndAdd
FNF:4
FNH:4
FNDA:17,wrapBlockStep1
FNDA:14,wrapBlockStep2
FNDA:18,(anonymous_2)
FNDA:11,createAndAdd
DA:1,1
DA:21,1
DA:28,17
DA:29,17
DA:30,17
DA:32,17
DA:33,16
DA:35,16
DA:36,16
DA:37,16
DA:39,16
DA:43,16
DA:44,16
DA:47,16
DA:54,1
DA:58,18
DA:59,18
DA:60,18
DA:61,18
DA:62,18
DA:64,18
DA:65,5
DA:66,5
DA:67,5
DA:78,11
DA:80,11
DA:82,11
LF:27
LH:27
BRDA:28,0,0,16
BRDA:28,0,1,1
BRDA:30,1,0,16
BRDA:30,1,1,1
BRDA:30,2,0,17
BRDA:30,2,1,17
BRDA:30,3,0,1
BRDA:30,3,1,16
BRDA:30,4,0,17
BRDA:30,4,1,16
BRDA:32,5,0,16
BRDA:32,5,1,1
BRDA:32,6,0,17
BRDA:32,6,1,16
BRDA:36,7,0,9
BRDA:36,7,1,7
BRDA:40,8,0,5
BRDA:40,8,1,11
BRDA:39,9,0,16
BRDA:39,9,1,9
BRDA:61,10,0,10
BRDA:61,10,1,8
BRDA:64,11,0,5
BRDA:64,11,1,13
BRDA:64,12,0,18
BRDA:64,12,1,17
BRDA:64,12,2,10
BRF:27
BRH:27
end_of_record
TN:
SF:packages/roosterjs-content-model-api/lib/modelApi/entity/insertEntityModel.ts
FN:26,insertEntityModel
FN:115,getInsertPoint
FNF:2
FNH:2
FNDA:114,insertEntityModel
FNDA:58,getInsertPoint
DA:1,1
DA:26,1
DA:36,114
DA:39,114
DA:40,56
DA:41,56
DA:43,56
DA:44,28
DA:46,58
DA:47,150
DA:49,50
DA:50,25
DA:52,25
DA:54,25
DA:55,25
DA:59,25
DA:62,25
DA:64,25
DA:66,25
DA:71,25
DA:72,25
DA:76,114
DA:77,81
DA:78,81
DA:80,81
DA:81,53
DA:83,53
DA:85,53
DA:86,18
DA:87,35
DA:88,33
DA:89,33
DA:90,33
DA:93,28
DA:99,28
DA:100,28
DA:103,81
DA:105,81
DA:106,40
DA:107,40
DA:109,40
DA:110,40
DA:120,58
DA:121,2
DA:123,56
DA:124,56
DA:126,56
DA:127,8
DA:130,56
LF:49
LH:49
BRDA:39,0,0,56
BRDA:39,0,1,58
BRDA:39,1,0,114
BRDA:39,1,1,86
BRDA:41,2,0,28
BRDA:41,2,1,28
BRDA:43,3,0,28
BRDA:43,3,1,28
BRDA:46,4,0,50
BRDA:46,4,1,8
BRDA:49,5,0,25
BRDA:49,5,1,25
BRDA:54,6,0,25
BRDA:54,6,1,0
BRDA:55,7,0,12
BRDA:55,7,1,13
BRDA:60,8,0,12
BRDA:60,8,1,13
BRDA:69,9,0,0
BRDA:69,9,1,25
BRDA:66,10,0,25
BRDA:66,10,1,25
BRDA:66,10,2,25
BRDA:66,11,0,25
BRDA:66,11,1,0
BRDA:66,12,0,25
BRDA:66,12,1,25
BRDA:67,13,0,25
BRDA:67,13,1,0
BRDA:67,14,0,25
BRDA:67,14,1,25
BRDA:68,15,0,25
BRDA:68,15,1,0
BRDA:68,16,0,25
BRDA:68,16,1,25
BRDA:72,17,0,25
BRDA:72,17,1,0
BRDA:76,18,0,81
BRDA:76,18,1,33
BRDA:76,19,0,114
BRDA:76,19,1,81
BRDA:80,20,0,53
BRDA:80,20,1,28
BRDA:85,21,0,18
BRDA:85,21,1,35
BRDA:85,22,0,27
BRDA:85,22,1,26
BRDA:85,23,0,53
BRDA:85,23,1,53
BRDA:87,24,0,33
BRDA:87,24,1,2
BRDA:87,25,0,35
BRDA:87,25,1,8
BRDA:87,25,2,4
BRDA:105,26,0,40
BRDA:105,26,1,41
BRDA:105,27,0,81
BRDA:105,27,1,40
BRDA:106,28,0,40
BRDA:106,28,1,3
BRDA:106,29,0,3
BRDA:106,29,1,37
BRDA:106,30,0,40
BRDA:106,30,1,40
BRDA:109,31,0,26
BRDA:109,31,1,14
BRDA:120,32,0,2
BRDA:120,32,1,56
BRDA:126,33,0,8
BRDA:126,33,1,48
BRF:70
BRH:64
end_of_record
TN:
SF:packages/roosterjs-content-model-api/lib/modelApi/image/applyImageBorderFormat.ts
FN:7,applyImageBorderFormat
FNF:1
FNH:1
FNDA:20,applyImageBorderFormat
DA:1,1
DA:7,1
DA:12,20
DA:13,18
DA:14,54
DA:15,18
DA:16,18
DA:17,18
DA:18,18
DA:19,18
DA:20,18
DA:22,18
DA:23,10
DA:24,8
DA:25,4
DA:27,4
DA:30,18
DA:31,8
DA:32,10
DA:33,3
DA:35,7
DA:38,18
DA:39,7
DA:40,11
DA:41,4
DA:43,18
DA:44,18
DA:45,18
DA:46,18
DA:48,2
DA:49,2
DA:50,2
DA:51,2
DA:54,20
DA:55,20
LF:35
LH:35
BRDA:12,0,0,18
BRDA:12,0,1,2
BRDA:22,1,0,10
BRDA:22,1,1,8
BRDA:24,2,0,4
BRDA:24,2,1,4
BRDA:30,3,0,8
BRDA:30,3,1,10
BRDA:32,4,0,3
BRDA:32,4,1,7
BRDA:38,5,0,7
BRDA:38,5,1,11
BRDA:40,6,0,4
BRDA:40,6,1,7
BRDA:54,7,0,20
BRDA:54,7,1,0
BRF:16
BRH:15
end_of_record
TN:
SF:packages/roosterjs-content-model-api/lib/modelApi/link/matchLink.ts
FN:44,(anonymous_0)
FN:60,(anonymous_1)
FN:78,matchLink
FNF:3
FNH:3
FNDA:24,(anonymous_0)
FNDA:2,(anonymous_1)
FNDA:52,matchLink
DA:1,1
DA:29,1
DA:32,1
DA:33,1
DA:34,1
DA:35,1
DA:37,1
DA:45,24
DA:60,2
DA:78,1
DA:79,52
DA:80,256
DA:81,256
DA:82,256
DA:83,256
DA:84,38
DA:93,14
LF:17
LH:17
BRDA:45,0,0,14
BRDA:45,0,1,10
BRDA:60,1,0,1
BRDA:60,1,1,1
BRDA:79,2,0,52
BRDA:79,2,1,0
BRDA:83,3,0,38
BRDA:83,3,1,218
BRDA:83,4,0,256
BRDA:83,4,1,50
BRDA:83,4,2,38
BRDA:83,4,3,28
BRDA:87,5,0,26
BRDA:87,5,1,12
BRF:14
BRH:13
end_of_record
TN:
SF:packages/roosterjs-content-model-api/lib/modelApi/list/findListItemsInSameThread.ts
FN:28,findListItemsInSameThread
FN:39,findListItems
FN:43,(anonymous_2)
FN:58,(anonymous_3)
FN:70,(anonymous_4)
FN:71,(anonymous_5)
FN:82,pushNullIfNecessary
FN:90,filterListItems
FN:156,areListTypesCompatible
FN:167,(anonymous_9)
FN:172,hasStartNumberOverride
FN:175,(anonymous_11)
FNF:12
FNH:10
FNDA:59,findListItemsInSameThread
FNDA:67,findListItems
FNDA:166,(anonymous_2)
FNDA:15,(anonymous_3)
FNDA:0,(anonymous_4)
FNDA:0,(anonymous_5)
FNDA:48,pushNullIfNecessary
FNDA:59,filterListItems
FNDA:123,areListTypesCompatible
FNDA:126,(anonymous_9)
FNDA:123,hasStartNumberOverride
FNDA:128,(anonymous_11)
DA:28,1
DA:32,59
DA:34,59
DA:36,59
DA:43,67
DA:44,166
DA:46,150
DA:47,142
DA:49,8
DA:50,8
DA:51,8
DA:53,150
DA:56,16
DA:58,16
DA:59,15
DA:60,0
DA:64,16
DA:65,16
DA:68,0
DA:70,0
DA:71,0
DA:72,0
DA:75,0
DA:77,0
DA:83,48
DA:85,48
DA:86,48
DA:94,59
DA:95,59
DA:96,59
DA:97,59
DA:99,59
DA:100,58
DA:101,104
DA:103,104
DA:104,9
DA:105,7
DA:107,2
DA:111,95
DA:113,95
DA:114,86
DA:116,86
DA:117,7
DA:119,9
DA:124,8
DA:128,58
DA:129,55
DA:131,55
DA:132,27
DA:133,23
DA:135,4
DA:139,28
DA:141,28
DA:142,18
DA:143,10
DA:148,7
DA:153,59
DA:161,123
DA:162,123
DA:164,123
DA:167,126
DA:173,123
DA:175,128
LF:63
LH:56
BRDA:45,0,0,150
BRDA:45,0,1,16
BRDA:45,0,2,0
BRDA:46,1,0,142
BRDA:46,1,1,8
BRDA:59,2,0,0
BRDA:59,2,1,15
BRDA:85,3,0,48
BRDA:85,3,1,0
BRDA:85,4,0,48
BRDA:85,4,1,25
BRDA:97,5,0,2
BRDA:97,5,1,57
BRDA:97,6,0,59
BRDA:97,6,1,59
BRDA:99,7,0,58
BRDA:99,7,1,1
BRDA:103,8,0,9
BRDA:103,8,1,95
BRDA:104,9,0,7
BRDA:104,9,1,2
BRDA:113,10,0,86
BRDA:113,10,1,9
BRDA:116,11,0,7
BRDA:116,11,1,79
BRDA:116,12,0,86
BRDA:116,12,1,63
BRDA:119,13,0,8
BRDA:119,13,1,1
BRDA:120,14,0,9
BRDA:120,14,1,3
BRDA:120,14,2,3
BRDA:131,15,0,27
BRDA:131,15,1,28
BRDA:132,16,0,23
BRDA:132,16,1,4
BRDA:141,17,0,18
BRDA:141,17,1,10
BRDA:141,18,0,28
BRDA:141,18,1,22
BRDA:143,19,0,7
BRDA:143,19,1,3
BRDA:144,20,0,10
BRDA:144,20,1,8
BRDA:144,20,2,4
BRDA:165,21,0,123
BRDA:165,21,1,118
BRF:47
BRH:44
end_of_record
TN:
SF:packages/roosterjs-content-model-api/lib/modelApi/list/getListAnnounceData.ts
FN:20,getListAnnounceData
FN:55,getListNumber
FNF:2
FNH:2
FNDA:13,getListAnnounceData
FNDA:9,getListNumber
DA:1,1
DA:2,1
DA:20,1
DA:21,13
DA:23,13
DA:24,11
DA:25,11
DA:27,11
DA:28,1
DA:29,10
DA:30,9
DA:31,9
DA:32,9
DA:39,9
DA:46,1
DA:51,2
DA:59,9
DA:60,9
DA:62,9
DA:63,16
DA:65,16
DA:66,9
DA:69,16
DA:71,9
DA:72,7
DA:74,0
DA:75,7
DA:77,0
DA:78,7
DA:80,7
DA:83,9
LF:31
LH:29
BRDA:23,0,0,11
BRDA:23,0,1,2
BRDA:27,1,0,1
BRDA:27,1,1,10
BRDA:29,2,0,9
BRDA:29,2,1,1
BRDA:34,3,0,1
BRDA:34,3,1,8
BRDA:34,4,0,9
BRDA:34,4,1,1
BRDA:40,5,0,5
BRDA:40,5,1,4
BRDA:65,6,0,9
BRDA:65,6,1,7
BRDA:65,7,0,16
BRDA:65,7,1,9
BRDA:66,8,0,0
BRDA:66,8,1,9
BRDA:66,9,0,9
BRDA:66,9,1,9
BRDA:66,10,0,0
BRDA:66,10,1,9
BRDA:66,11,0,9
BRDA:66,11,1,9
BRDA:69,12,0,9
BRDA:69,12,1,7
BRDA:72,13,0,0
BRDA:72,13,1,7
BRDA:75,14,0,0
BRDA:75,14,1,7
BRDA:78,15,0,7
BRDA:78,15,1,0
BRF:32
BRH:27
end_of_record
TN:
SF:packages/roosterjs-content-model-api/lib/modelApi/list/setListType.ts
FN:24,setListType
FN:34,(anonymous_1)
FN:41,(anonymous_2)
FN:54,(anonymous_3)
FN:126,(anonymous_4)
FN:139,shouldIgnoreBlock
FN:145,(anonymous_6)
FNF:7
FNH:7
FNDA:21,setListType
FNDA:21,(anonymous_1)
FNDA:27,(anonymous_2)
FNDA:5,(anonymous_3)
FNDA:1,(anonymous_4)
FNDA:21,shouldIgnoreBlock
FNDA:23,(anonymous_6)
DA:1,1
DA:24,1
DA:27,41
DA:29,21
DA:34,21
DA:35,21
DA:39,21
DA:41,27
DA:42,27
DA:43,9
DA:45,9
DA:46,4
DA:47,4
DA:48,5
DA:49,5
DA:52,9
DA:54,5
DA:55,5
DA:56,2
DA:59,5
DA:60,0
DA:63,5
DA:64,0
DA:69,18
DA:71,18
DA:72,18
DA:73,17
DA:75,17
DA:76,17
DA:100,17
DA:101,16
DA:104,17
DA:106,17
DA:108,17
DA:109,0
DA:110,0
DA:113,17
DA:114,2
DA:115,2
DA:118,17
DA:119,1
DA:122,17
DA:123,17
DA:125,1
DA:126,1
DA:128,1
DA:134,21
DA:136,21
DA:140,21
DA:142,1
DA:144,20
DA:145,23
DA:148,0
LF:53
LH:48
BRDA:27,0,0,20
BRDA:27,0,1,1
BRDA:36,1,0,9
BRDA:36,1,1,12
BRDA:36,2,0,0
BRDA:36,2,1,9
BRDA:36,3,0,9
BRDA:36,3,1,9
BRDA:42,4,0,9
BRDA:42,4,1,18
BRDA:45,5,0,4
BRDA:45,5,1,5
BRDA:45,6,0,9
BRDA:45,6,1,4
BRDA:48,7,0,5
BRDA:48,7,1,0
BRDA:52,8,0,5
BRDA:52,8,1,4
BRDA:55,9,0,2
BRDA:55,9,1,3
BRDA:59,10,0,0
BRDA:59,10,1,5
BRDA:63,11,0,0
BRDA:63,11,1,5
BRDA:71,12,0,18
BRDA:71,12,1,0
BRDA:72,13,0,17
BRDA:72,13,1,1
BRDA:72,14,0,18
BRDA:72,14,1,9
BRDA:75,15,0,17
BRDA:75,15,1,16
BRDA:75,15,2,1
BRDA:75,16,0,0
BRDA:75,16,1,16
BRDA:75,17,0,16
BRDA:75,17,1,16
BRDA:84,18,0,7
BRDA:84,18,1,10
BRDA:80,19,0,17
BRDA:80,19,1,12
BRDA:80,19,2,2
BRDA:80,19,3,2
BRDA:81,20,0,8
BRDA:81,20,1,4
BRDA:81,21,0,12
BRDA:81,21,1,12
BRDA:83,22,0,0
BRDA:83,22,1,2
BRDA:83,23,0,2
BRDA:83,23,1,2
BRDA:88,24,0,1
BRDA:88,24,1,16
BRDA:89,25,0,1
BRDA:89,25,1,16
BRDA:100,26,0,16
BRDA:100,26,1,1
BRDA:108,27,0,0
BRDA:108,27,1,17
BRDA:113,28,0,2
BRDA:113,28,1,15
BRDA:118,29,0,1
BRDA:118,29,1,16
BRDA:141,30,0,1
BRDA:141,30,1,20
BRDA:141,30,2,0
BRDA:145,31,0,23
BRDA:145,31,1,20
BRF:68
BRH:59
end_of_record
TN:
SF:packages/roosterjs-content-model-api/lib/modelApi/list/setModelListStartNumber.ts
FN:9,setModelListStartNumber
FNF:1
FNH:1
FNDA:8,setModelListStartNumber
DA:1,1
DA:9,1
DA:10,8
DA:11,8
DA:13,8
DA:14,5
DA:16,5
DA:18,3
LF:8
LH:8
BRDA:11,0,0,5
BRDA:11,0,1,3
BRDA:11,1,0,0
BRDA:11,1,1,5
BRDA:11,2,0,5
BRDA:11,2,1,5
BRDA:13,3,0,5
BRDA:13,3,1,3
BRF:8
BRH:7
end_of_record
TN:
SF:packages/roosterjs-content-model-api/lib/modelApi/list/setModelListStyle.ts
FN:17,setModelListStyle
FN:24,(anonymous_1)
FN:28,(anonymous_2)
FNF:3
FNH:3
FNDA:12,setModelListStyle
FNDA:12,(anonymous_1)
FNDA:12,(anonymous_2)
DA:1,1
DA:2,1
DA:17,1
DA:18,12
DA:20,12
DA:21,9
DA:22,9
DA:24,9
DA:25,12
DA:27,12
DA:28,12
DA:32,12
LF:12
LH:12
BRDA:20,0,0,9
BRDA:20,0,1,3
BRDA:27,1,0,12
BRDA:27,1,1,0
BRF:4
BRH:3
end_of_record
TN:
SF:packages/roosterjs-content-model-api/lib/modelApi/selection/adjustSegmentSelection.ts
FN:11,adjustSegmentSelection
FN:28,(anonymous_1)
FN:29,(anonymous_2)
FNF:3
FNH:3
FNDA:31,adjustSegmentSelection
FNDA:25,(anonymous_1)
FNDA:44,(anonymous_2)
DA:1,1
DA:11,1
DA:23,31
DA:26,31
DA:28,31
DA:29,44
DA:30,25
DA:32,25
DA:33,24
DA:35,24
DA:36,17
DA:37,9
DA:38,9
DA:40,8
DA:41,8
DA:46,25
DA:47,21
DA:48,42
DA:49,34
DA:50,34
DA:52,8
DA:53,8
DA:59,31
DA:60,20
DA:63,31
LF:25
LH:25
BRDA:29,0,0,1
BRDA:29,0,1,24
BRDA:32,1,0,24
BRDA:32,1,1,1
BRDA:36,2,0,9
BRDA:36,2,1,8
BRDA:38,3,0,9
BRDA:38,3,1,8
BRDA:40,4,0,8
BRDA:40,4,1,6
BRDA:46,5,0,21
BRDA:46,5,1,4
BRDA:48,6,0,34
BRDA:48,6,1,8
BRDA:48,7,0,42
BRDA:48,7,1,21
BRDA:48,8,0,21
BRDA:48,8,1,0
BRDA:50,9,0,34
BRDA:50,9,1,17
BRDA:52,10,0,8
BRDA:52,10,1,1
BRDA:59,11,0,20
BRDA:59,11,1,11
BRDA:59,12,0,31
BRDA:59,12,1,20
BRF:26
BRH:25
end_of_record
TN:
SF:packages/roosterjs-content-model-api/lib/modelApi/selection/adjustTrailingSpaceSelection.ts
FN:12,adjustTrailingSpaceSelection
FN:13,(anonymous_1)
FN:40,shouldSplitTrailingSpace
FN:44,hasTrailingSpace
FN:48,isTrailingSpace
FN:52,splitTextSegment
FN:56,(anonymous_6)
FNF:7
FNH:7
FNDA:23,adjustTrailingSpaceSelection
FNDA:22,(anonymous_1)
FNDA:24,shouldSplitTrailingSpace
FNDA:24,hasTrailingSpace
FNDA:7,isTrailingSpace
FNDA:7,splitTextSegment
FNDA:7,(anonymous_6)
DA:1,1
DA:12,1
DA:13,23
DA:14,22
DA:15,22
DA:20,5
DA:23,17
DA:26,17
DA:31,2
DA:36,22
DA:41,24
DA:45,24
DA:49,7
DA:56,7
DA:57,7
DA:58,7
DA:59,7
DA:60,7
DA:61,7
DA:70,7
DA:76,7
DA:77,7
DA:78,7
LF:23
LH:23
BRDA:14,0,0,22
BRDA:14,0,1,0
BRDA:14,1,0,22
BRDA:14,1,1,22
BRDA:14,1,2,22
BRDA:14,2,0,0
BRDA:14,2,1,22
BRDA:14,3,0,22
BRDA:14,3,1,22
BRDA:15,4,0,5
BRDA:15,4,1,17
BRDA:16,5,0,22
BRDA:16,5,1,17
BRDA:16,5,2,12
BRDA:24,6,0,6
BRDA:24,6,1,11
BRDA:26,7,0,2
BRDA:26,7,1,15
BRDA:27,8,0,17
BRDA:27,8,1,12
BRDA:27,8,2,12
BRDA:41,9,0,24
BRDA:41,9,1,24
BRDA:41,9,2,7
BRDA:62,10,0,1
BRDA:62,10,1,6
BRDA:65,11,0,0
BRDA:65,11,1,1
BRDA:65,12,0,1
BRDA:65,12,1,1
BRF:30
BRH:27
end_of_record
TN:
SF:packages/roosterjs-content-model-api/lib/modelApi/selection/adjustWordSelection.ts
FN:18,adjustWordSelection
FN:24,(anonymous_1)
FN:110,findDelimiter
FN:135,splitTextSegment
FNF:4
FNH:4
FNDA:35,adjustWordSelection
FNDA:35,(anonymous_1)
FNDA:45,findDelimiter
FNDA:7,splitTextSegment
DA:1,1
DA:18,1
DA:24,35
DA:26,35
DA:27,35
DA:29,35
DA:32,35
DA:34,35
DA:35,35
DA:36,35
DA:37,35
DA:38,33
DA:39,33
DA:40,33
DA:41,33
DA:42,8
DA:43,3
DA:46,5
DA:48,5
DA:50,5
DA:52,25
DA:55,0
DA:59,35
DA:60,35
DA:63,35
DA:64,8
DA:67,27
DA:68,12
DA:69,12
DA:70,12
DA:71,12
DA:72,3
DA:73,1
DA:75,2
DA:76,2
DA:77,2
DA:79,9
DA:82,0
DA:87,27
DA:88,17
DA:91,10
DA:92,10
DA:94,0
DA:111,45
DA:112,45
DA:113,45
DA:114,12
DA:115,27
DA:117,27
DA:118,3
DA:119,3
DA:123,33
DA:124,106
DA:126,106
DA:127,8
DA:128,8
DA:132,45
DA:141,7
DA:142,7
DA:148,7
DA:154,7
LF:61
LH:58
BRDA:26,0,0,35
BRDA:26,0,1,0
BRDA:26,1,0,35
BRDA:26,1,1,35
BRDA:26,1,2,35
BRDA:26,2,0,0
BRDA:26,2,1,35
BRDA:26,3,0,35
BRDA:26,3,1,35
BRDA:26,4,0,0
BRDA:26,4,1,35
BRDA:26,5,0,35
BRDA:26,5,1,35
BRDA:32,6,0,35
BRDA:32,6,1,0
BRDA:34,7,0,35
BRDA:34,7,1,0
BRDA:34,8,0,35
BRDA:34,8,1,35
BRDA:39,9,0,33
BRDA:39,9,1,0
BRDA:41,10,0,8
BRDA:41,10,1,25
BRDA:42,11,0,3
BRDA:42,11,1,5
BRDA:63,12,0,8
BRDA:63,12,1,27
BRDA:69,13,0,12
BRDA:69,13,1,0
BRDA:71,14,0,3
BRDA:71,14,1,9
BRDA:72,15,0,1
BRDA:72,15,1,2
BRDA:87,16,0,17
BRDA:87,16,1,10
BRDA:113,17,0,12
BRDA:113,17,1,33
BRDA:117,18,0,3
BRDA:117,18,1,24
BRDA:117,19,0,27
BRDA:117,19,1,27
BRDA:126,20,0,8
BRDA:126,20,1,98
BRDA:126,21,0,106
BRDA:126,21,1,106
BRF:45
BRH:38
end_of_record
TN:
SF:packages/roosterjs-content-model-api/lib/modelApi/selection/collapseTableSelection.ts
FN:10,collapseTableSelection
FNF:1
FNH:1
FNDA:28,collapseTableSelection
DA:1,1
DA:10,1
DA:14,56
DA:15,28
DA:16,28
DA:17,20
LF:6
LH:6
BRDA:15,0,0,5
BRDA:15,0,1,23
BRDA:15,1,0,28
BRDA:15,1,1,28
BRDA:16,2,0,20
BRDA:16,2,1,8
BRF:6
BRH:6
end_of_record
TN:
SF:packages/roosterjs-content-model-api/lib/modelApi/table/alignTable.ts
FN:9,alignTable
FNF:1
FNH:1
FNDA:14,alignTable
DA:9,1
DA:10,14
DA:11,14
LF:3
LH:3
BRDA:10,0,0,4
BRDA:10,0,1,10
BRDA:11,1,0,6
BRDA:11,1,1,8
BRF:4
BRH:4
end_of_record
TN:
SF:packages/roosterjs-content-model-api/lib/modelApi/table/alignTableCell.ts
FN:34,alignTableCellHorizontally
FN:38,(anonymous_1)
FN:46,alignTableCellVertically
FN:50,(anonymous_3)
FN:53,(anonymous_4)
FN:61,alignTableCellInternal
FN:76,(anonymous_6)
FNF:7
FNH:6
FNDA:4,alignTableCellHorizontally
FNDA:12,(anonymous_1)
FNDA:4,alignTableCellVertically
FNDA:12,(anonymous_3)
FNDA:12,(anonymous_4)
FNDA:8,alignTableCellInternal
FNDA:0,(anonymous_6)
DA:1,1
DA:16,1
DA:25,1
DA:34,1
DA:38,4
DA:39,12
DA:46,1
DA:50,4
DA:51,12
DA:53,12
DA:54,12
DA:55,12
DA:56,12
DA:65,8
DA:67,8
DA:68,6
DA:69,12
DA:70,24
DA:71,24
DA:73,24
DA:74,24
DA:76,24
DA:77,0
DA:78,0
LF:24
LH:22
BRDA:54,0,0,12
BRDA:54,0,1,12
BRDA:67,1,0,6
BRDA:67,1,1,2
BRDA:70,2,0,0
BRDA:70,2,1,24
BRDA:70,3,0,24
BRDA:70,3,1,24
BRDA:71,4,0,0
BRDA:71,4,1,24
BRDA:71,5,0,24
BRDA:71,5,1,24
BRDA:73,6,0,24
BRDA:73,6,1,0
BRDA:77,7,0,0
BRDA:77,7,1,0
BRDA:77,8,0,0
BRDA:77,8,1,0
BRF:18
BRH:11
end_of_record
TN:
SF:packages/roosterjs-content-model-api/lib/modelApi/table/canMergeCells.ts
FN:6,canMergeCells
FN:16,(anonymous_1)
FN:21,(anonymous_2)
FN:26,(anonymous_3)
FN:31,(anonymous_4)
FN:33,(anonymous_5)
FN:38,(anonymous_6)
FN:43,getBelowSpanCount
FN:61,getRightSpanCount
FNF:9
FNH:9
FNDA:43,canMergeCells
FNDA:87,(anonymous_1)
FNDA:87,(anonymous_2)
FNDA:120,(anonymous_3)
FNDA:119,(anonymous_4)
FNDA:120,(anonymous_5)
FNDA:119,(anonymous_6)
FNDA:70,getBelowSpanCount
FNDA:70,getRightSpanCount
DA:6,1
DA:14,43
DA:16,87
DA:19,43
DA:22,87
DA:25,43
DA:27,120
DA:31,119
DA:32,43
DA:34,120
DA:38,119
DA:40,43
DA:48,70
DA:50,70
DA:51,46
DA:52,5
DA:54,41
DA:58,70
DA:66,70
DA:68,70
DA:69,46
DA:70,5
DA:72,41
DA:76,70
LF:24
LH:24
BRDA:14,0,0,43
BRDA:14,0,1,27
BRDA:16,1,0,87
BRDA:16,1,1,74
BRDA:16,1,2,54
BRDA:19,2,0,43
BRDA:19,2,1,27
BRDA:22,3,0,87
BRDA:22,3,1,74
BRDA:22,3,2,54
BRDA:28,4,0,70
BRDA:28,4,1,50
BRDA:27,5,0,120
BRDA:27,5,1,101
BRDA:31,6,0,119
BRDA:31,6,1,70
BRDA:35,7,0,70
BRDA:35,7,1,50
BRDA:34,8,0,120
BRDA:34,8,1,101
BRDA:38,9,0,119
BRDA:38,9,1,70
BRDA:40,10,0,43
BRDA:40,10,1,42
BRDA:40,10,2,41
BRDA:40,10,3,39
BRDA:51,11,0,5
BRDA:51,11,1,41
BRDA:51,12,0,0
BRDA:51,12,1,46
BRDA:51,13,0,46
BRDA:51,13,1,46
BRDA:51,14,0,0
BRDA:51,14,1,46
BRDA:51,15,0,46
BRDA:51,15,1,46
BRDA:68,16,0,0
BRDA:68,16,1,75
BRDA:68,17,0,75
BRDA:68,17,1,75
BRDA:69,18,0,5
BRDA:69,18,1,41
BRDA:69,19,0,0
BRDA:69,19,1,46
BRDA:69,20,0,46
BRDA:69,20,1,46
BRDA:69,21,0,0
BRDA:69,21,1,46
BRDA:69,22,0,46
BRDA:69,22,1,46
BRF:50
BRH:45
end_of_record
TN:
SF:packages/roosterjs-content-model-api/lib/modelApi/table/clearSelectedCells.ts
FN:12,clearSelectedCells
FNF:1
FNH:1
FNDA:25,clearSelectedCells
DA:1,1
DA:12,1
DA:16,25
DA:22,24
DA:23,37
DA:25,37
DA:26,67
DA:28,67
DA:29,35
DA:32,67
LF:10
LH:10
BRDA:16,0,0,24
BRDA:16,0,1,1
BRDA:17,1,0,25
BRDA:17,1,1,25
BRDA:17,1,2,25
BRDA:17,1,3,24
BRDA:28,2,0,35
BRDA:28,2,1,32
BRF:8
BRH:8
end_of_record
TN:
SF:packages/roosterjs-content-model-api/lib/modelApi/table/createTableStructure.ts
FN:7,createTableStructure
FN:16,(anonymous_1)
FNF:2
FNH:2
FNDA:2,createTableStructure
FNDA:3,(anonymous_1)
DA:1,1
DA:7,1
DA:12,2
DA:14,2
DA:16,2
DA:17,3
DA:18,7
DA:20,7
DA:24,2
LF:9
LH:9
BRF:0
BRH:0
end_of_record
TN:
SF:packages/roosterjs-content-model-api/lib/modelApi/table/deleteTable.ts
FN:6,deleteTable
FNF:1
FNH:1
FNDA:1,deleteTable
DA:6,1
DA:7,1
LF:2
LH:2
BRF:0
BRH:0
end_of_record
TN:
SF:packages/roosterjs-content-model-api/lib/modelApi/table/deleteTableColumn.ts
FN:8,deleteTableColumn
FNF:1
FNH:1
FNDA:15,deleteTableColumn
DA:1,1
DA:2,1
DA:8,1
DA:9,15
DA:11,15
DA:12,13
DA:13,18
DA:15,18
DA:16,15
DA:20,18
DA:26,13
DA:27,13
LF:12
LH:12
BRDA:11,0,0,13
BRDA:11,0,1,2
BRDA:15,1,0,15
BRDA:15,1,1,3
BRDA:17,2,0,15
BRDA:17,2,1,2
BRF:6
BRH:6
end_of_record
TN:
SF:packages/roosterjs-content-model-api/lib/modelApi/table/deleteTableRow.ts
FN:8,deleteTableRow
FN:12,(anonymous_1)
FNF:2
FNH:2
FNDA:15,deleteTableRow
FNDA:19,(anonymous_1)
DA:1,1
DA:2,1
DA:8,1
DA:9,15
DA:11,15
DA:12,13
DA:13,19
DA:15,19
DA:16,14
DA:20,13
DA:22,13
LF:11
LH:11
BRDA:11,0,0,13
BRDA:11,0,1,2
BRDA:13,1,0,5
BRDA:13,1,1,14
BRDA:13,2,0,19
BRDA:13,2,1,19
BRDA:15,3,0,14
BRDA:15,3,1,5
BRDA:16,4,0,14
BRDA:16,4,1,4
BRF:10
BRH:10
end_of_record
TN:
SF:packages/roosterjs-content-model-api/lib/modelApi/table/ensureFocusableParagraphForTable.ts
FN:16,ensureFocusableParagraphForTable
FN:22,(anonymous_1)
FN:27,(anonymous_2)
FN:67,createEmptyParagraph
FNF:4
FNH:4
FNDA:9,ensureFocusableParagraphForTable
FNDA:5,(anonymous_1)
FNDA:2,(anonymous_2)
FNDA:8,createEmptyParagraph
DA:1,1
DA:16,1
DA:22,9
DA:24,9
DA:26,5
DA:27,2
DA:30,5
DA:32,4
DA:33,4
DA:37,4
DA:39,4
DA:43,4
DA:44,7
DA:46,7
DA:47,7
DA:50,7
DA:56,3
DA:59,4
DA:64,9
DA:68,8
DA:69,8
DA:71,8
DA:73,8
LF:23
LH:23
BRDA:22,0,0,4
BRDA:22,0,1,5
BRDA:22,1,0,9
BRDA:22,1,1,9
BRDA:24,2,0,5
BRDA:24,2,1,4
BRDA:30,3,0,4
BRDA:30,3,1,1
BRDA:44,4,0,7
BRDA:44,4,1,0
BRDA:44,5,0,7
BRDA:44,5,1,7
BRDA:46,6,0,7
BRDA:46,6,1,0
BRDA:46,7,0,7
BRDA:46,7,1,7
BRDA:50,8,0,3
BRDA:50,8,1,4
BRDA:51,9,0,7
BRDA:51,9,1,4
BRDA:51,9,2,3
BRF:21
BRH:19
end_of_record
TN:
SF:packages/roosterjs-content-model-api/lib/modelApi/table/insertTableColumn.ts
FN:13,insertTableColumn
FN:23,(anonymous_1)
FNF:2
FNH:2
FNDA:13,insertTableColumn
FNDA:29,(anonymous_1)
DA:1,1
DA:2,1
DA:13,1
DA:17,13
DA:18,13
DA:20,13
DA:21,9
DA:22,9
DA:23,13
DA:24,29
DA:26,29
DA:33,29
DA:35,29
DA:37,13
LF:14
LH:14
BRDA:20,0,0,9
BRDA:20,0,1,4
BRDA:22,1,0,0
BRDA:22,1,1,9
BRDA:22,2,0,9
BRDA:22,2,1,9
BRDA:24,3,0,13
BRDA:24,3,1,16
BRDA:35,4,0,13
BRDA:35,4,1,16
BRDA:38,5,0,6
BRDA:38,5,1,7
BRDA:40,6,0,6
BRDA:40,6,1,7
BRF:14
BRH:13
end_of_record
TN:
SF:packages/roosterjs-content-model-api/lib/modelApi/table/insertTableRow.ts
FN:13,insertTableRow
FN:28,(anonymous_1)
FNF:2
FNH:2
FNDA:14,insertTableRow
FNDA:28,(anonymous_1)
DA:1,1
DA:2,1
DA:13,1
DA:17,14
DA:18,14
DA:20,14
DA:21,10
DA:23,10
DA:24,14
DA:26,14
DA:29,28
DA:36,28
DA:37,28
LF:13
LH:13
BRDA:20,0,0,10
BRDA:20,0,1,4
BRDA:24,1,0,6
BRDA:24,1,1,8
BRDA:26,2,0,6
BRDA:26,2,1,8
BRF:6
BRH:6
end_of_record
TN:
SF:packages/roosterjs-content-model-api/lib/modelApi/table/mergeTableCells.ts
FN:8,mergeTableCells
FNF:1
FNH:1
FNDA:10,mergeTableCells
DA:1,1
DA:2,1
DA:8,1
DA:9,10
DA:11,10
DA:15,6
DA:16,10
DA:17,17
DA:19,17
DA:20,17
DA:22,17
DA:23,17
LF:12
LH:12
BRDA:11,0,0,6
BRDA:11,0,1,4
BRDA:12,1,0,10
BRDA:12,1,1,8
BRDA:19,2,0,17
BRDA:19,2,1,0
BRF:6
BRH:5
end_of_record
TN:
SF:packages/roosterjs-content-model-api/lib/modelApi/table/mergeTableColumn.ts
FN:11,mergeTableColumn
FNF:1
FNH:1
FNDA:10,mergeTableColumn
DA:1,1
DA:2,1
DA:11,1
DA:15,10
DA:16,10
DA:18,10
DA:19,6
DA:21,6
DA:22,6
DA:23,10
DA:25,10
DA:35,10
DA:37,10
DA:39,10
DA:40,12
DA:41,12
DA:44,10
DA:45,10
DA:46,10
LF:19
LH:19
BRDA:18,0,0,6
BRDA:18,0,1,4
BRDA:19,1,0,3
BRDA:19,1,1,3
BRDA:21,2,0,6
BRDA:21,2,1,0
BRDA:21,3,0,6
BRDA:21,3,1,6
BRDA:23,4,0,0
BRDA:23,4,1,10
BRDA:23,5,0,10
BRDA:23,5,1,10
BRDA:25,6,0,10
BRDA:25,6,1,0
BRDA:26,7,0,10
BRDA:26,7,1,10
BRDA:39,8,0,0
BRDA:39,8,1,22
BRDA:39,9,0,22
BRDA:39,9,1,22
BRDA:39,10,0,0
BRDA:39,10,1,22
BRDA:39,11,0,22
BRDA:39,11,1,22
BRDA:44,12,0,0
BRDA:44,12,1,10
BRDA:44,13,0,10
BRDA:44,13,1,10
BRDA:45,14,0,10
BRDA:45,14,1,0
BRF:30
BRH:23
end_of_record
TN:
SF:packages/roosterjs-content-model-api/lib/modelApi/table/mergeTableRow.ts
FN:11,mergeTableRow
FNF:1
FNH:1
FNDA:10,mergeTableRow
DA:1,1
DA:2,1
DA:11,1
DA:15,10
DA:16,10
DA:18,10
DA:19,6
DA:21,6
DA:22,6
DA:23,10
DA:25,10
DA:35,10
DA:37,10
DA:39,10
DA:40,12
DA:41,12
DA:44,10
DA:46,10
DA:47,10
LF:19
LH:19
BRDA:18,0,0,6
BRDA:18,0,1,4
BRDA:19,1,0,3
BRDA:19,1,1,3
BRDA:21,2,0,6
BRDA:21,2,1,0
BRDA:21,3,0,6
BRDA:21,3,1,6
BRDA:25,4,0,10
BRDA:25,4,1,0
BRDA:26,5,0,10
BRDA:26,5,1,10
BRDA:39,6,0,0
BRDA:39,6,1,22
BRDA:39,7,0,22
BRDA:39,7,1,22
BRDA:39,8,0,0
BRDA:39,8,1,22
BRDA:39,9,0,22
BRDA:39,9,1,22
BRDA:44,10,0,0
BRDA:44,10,1,10
BRDA:44,11,0,10
BRDA:44,11,1,10
BRDA:46,12,0,10
BRDA:46,12,1,0
BRF:26
BRH:20
end_of_record
TN:
SF:packages/roosterjs-content-model-api/lib/modelApi/table/splitTableCellHorizontally.ts
FN:9,splitTableCellHorizontally
FN:16,(anonymous_2)
FN:22,(anonymous_3)
FN:30,(anonymous_4)
FNF:4
FNH:3
FNDA:8,splitTableCellHorizontally
FNDA:9,(anonymous_2)
FNDA:0,(anonymous_3)
FNDA:18,(anonymous_4)
DA:1,1
DA:4,1
DA:9,1
DA:10,8
DA:12,8
DA:13,9
DA:14,9
DA:17,9
DA:22,0
DA:23,0
DA:25,0
DA:26,0
DA:30,9
DA:31,18
DA:32,18
DA:33,18
DA:40,18
DA:42,18
DA:43,4
DA:45,14
DA:47,18
DA:49,18
DA:53,9
DA:55,9
LF:24
LH:20
BRDA:12,0,0,6
BRDA:12,0,1,2
BRDA:14,1,0,0
BRDA:14,1,1,9
BRDA:17,2,0,9
BRDA:17,2,1,9
BRDA:17,2,2,9
BRDA:19,3,0,3
BRDA:19,3,1,6
BRDA:19,4,0,9
BRDA:19,4,1,9
BRDA:25,5,0,0
BRDA:25,5,1,0
BRDA:25,6,0,0
BRDA:25,6,1,0
BRDA:32,7,0,18
BRDA:32,7,1,0
BRDA:42,8,0,4
BRDA:42,8,1,14
BRDA:42,9,0,18
BRDA:42,9,1,18
BRF:21
BRH:15
end_of_record
TN:
SF:packages/roosterjs-content-model-api/lib/modelApi/table/splitTableCellVertically.ts
FN:12,splitTableCellVertically
FN:24,(anonymous_1)
FN:30,(anonymous_2)
FN:40,(anonymous_3)
FNF:4
FNH:3
FNDA:8,splitTableCellVertically
FNDA:6,(anonymous_1)
FNDA:0,(anonymous_2)
FNDA:18,(anonymous_3)
DA:1,1
DA:7,1
DA:12,1
DA:13,8
DA:15,8
DA:16,6
DA:17,9
DA:18,9
DA:20,9
DA:22,9
DA:25,6
DA:30,0
DA:31,0
DA:32,0
DA:36,9
DA:37,9
DA:41,18
DA:48,18
DA:50,18
DA:51,4
DA:53,14
DA:56,18
DA:60,9
DA:61,9
LF:24
LH:21
BRDA:15,0,0,6
BRDA:15,0,1,2
BRDA:22,1,0,0
BRDA:22,1,1,9
BRDA:23,2,0,3
BRDA:23,2,1,6
BRDA:23,3,0,9
BRDA:23,3,1,9
BRDA:25,4,0,6
BRDA:25,4,1,6
BRDA:25,4,2,6
BRDA:31,5,0,0
BRDA:31,5,1,0
BRDA:31,6,0,0
BRDA:31,6,1,0
BRDA:50,7,0,4
BRDA:50,7,1,14
BRDA:50,8,0,18
BRDA:50,8,1,18
BRF:19
BRH:14
end_of_record
TN:
SF:packages/roosterjs-content-model-api/lib/publicApi/block/setAlignment.ts
FN:9,setAlignment
FN:12,(anonymous_1)
FNF:2
FNH:2
FNDA:17,setAlignment
FNDA:17,(anonymous_1)
DA:1,1
DA:9,1
DA:10,17
DA:12,17
LF:4
LH:4
BRF:0
BRH:0
end_of_record
TN:
SF:packages/roosterjs-content-model-api/lib/publicApi/block/setDirection.ts
FN:9,setDirection
FN:12,(anonymous_1)
FNF:2
FNH:2
FNDA:9,setDirection
FNDA:9,(anonymous_1)
DA:1,1
DA:9,1
DA:10,9
DA:12,9
LF:4
LH:4
BRF:0
BRH:0
end_of_record
TN:
SF:packages/roosterjs-content-model-api/lib/publicApi/block/setHeadingLevel.ts
FN:20,setHeadingLevel
FN:23,(anonymous_1)
FN:41,(anonymous_2)
FN:51,getExistingHeadingTag
FNF:4
FNH:4
FNDA:9,setHeadingLevel
FNDA:5,(anonymous_1)
FNDA:4,(anonymous_2)
FNDA:2,getExistingHeadingTag
DA:1,1
DA:6,1
DA:20,1
DA:21,9
DA:23,9
DA:25,5
DA:29,5
DA:30,3
DA:41,3
DA:42,4
DA:43,4
DA:45,2
DA:46,1
DA:54,2
DA:55,2
DA:57,2
LF:16
LH:16
BRDA:26,0,0,3
BRDA:26,0,1,2
BRDA:29,1,0,3
BRDA:29,1,1,2
BRDA:33,2,0,3
BRDA:33,2,1,0
BRDA:45,3,0,1
BRDA:45,3,1,1
BRDA:54,4,0,2
BRDA:54,4,1,1
BRDA:54,5,0,1
BRDA:54,5,1,1
BRDA:54,6,0,2
BRDA:54,6,1,2
BRDA:57,7,0,1
BRDA:57,7,1,1
BRDA:57,8,0,2
BRDA:57,8,1,1
BRF:18
BRH:17
end_of_record
TN:
SF:packages/roosterjs-content-model-api/lib/publicApi/block/setIndentation.ts
FN:11,setIndentation
FN:19,(anonymous_1)
FNF:2
FNH:2
FNDA:2,setIndentation
FNDA:2,(anonymous_1)
DA:1,1
DA:2,1
DA:11,1
DA:16,2
DA:18,2
DA:20,2
DA:22,2
DA:23,0
DA:26,2
DA:28,2
LF:10
LH:9
BRDA:22,0,0,0
BRDA:22,0,1,2
BRF:2
BRH:1
end_of_record
TN:
SF:packages/roosterjs-content-model-api/lib/publicApi/block/setParagraphMargin.ts
FN:12,setParagraphMargin
FN:19,(anonymous_1)
FNF:2
FNH:2
FNDA:5,setParagraphMargin
FNDA:3,(anonymous_1)
DA:1,1
DA:2,1
DA:12,1
DA:17,5
DA:19,5
DA:20,3
DA:21,3
DA:24,3
DA:25,2
DA:26,1
DA:27,1
DA:30,3
DA:31,0
DA:32,3
DA:33,0
LF:15
LH:13
BRDA:20,0,0,3
BRDA:20,0,1,0
BRDA:24,1,0,2
BRDA:24,1,1,1
BRDA:26,2,0,1
BRDA:26,2,1,0
BRDA:30,3,0,0
BRDA:30,3,1,3
BRDA:32,4,0,0
BRDA:32,4,1,3
BRF:10
BRH:6
end_of_record
TN:
SF:packages/roosterjs-content-model-api/lib/publicApi/block/setSpacing.ts
FN:9,setSpacing
FN:12,(anonymous_1)
FN:14,(anonymous_2)
FNF:3
FNH:3
FNDA:5,setSpacing
FNDA:3,(anonymous_1)
FNDA:5,(anonymous_2)
DA:1,1
DA:9,1
DA:10,5
DA:12,5
DA:13,3
DA:14,3
DA:15,5
DA:16,1
LF:8
LH:8
BRDA:15,0,0,1
BRDA:15,0,1,4
BRF:2
BRH:2
end_of_record
TN:
SF:packages/roosterjs-content-model-api/lib/publicApi/block/toggleBlockQuote.ts
FN:26,toggleBlockQuote
FN:46,(anonymous_1)
FNF:2
FNH:2
FNDA:2,toggleBlockQuote
FNDA:2,(anonymous_1)
DA:1,1
DA:4,1
DA:8,1
DA:12,1
DA:26,1
DA:31,2
DA:36,2
DA:43,2
DA:45,2
DA:47,2
DA:49,2
LF:11
LH:11
BRDA:34,0,0,2
BRDA:34,0,1,0
BRDA:34,1,0,2
BRDA:34,1,1,2
BRDA:40,2,0,2
BRDA:40,2,1,0
BRDA:40,3,0,2
BRDA:40,3,1,2
BRDA:40,4,0,0
BRDA:40,4,1,2
BRDA:40,5,0,2
BRDA:40,5,1,2
BRF:12
BRH:9
end_of_record
TN:
SF:packages/roosterjs-content-model-api/lib/publicApi/entity/insertEntity.ts
FN:63,insertEntity
FN:95,(anonymous_1)
FN:104,(anonymous_2)
FNF:3
FNH:2
FNDA:5,insertEntity
FNDA:0,(anonymous_1)
FNDA:5,(anonymous_2)
DA:1,1
DA:2,1
DA:3,1
DA:22,1
DA:23,1
DA:63,1
DA:70,5
DA:71,5
DA:72,5
DA:73,5
DA:74,5
DA:76,5
DA:78,5
DA:79,1
DA:80,1
DA:83,5
DA:84,1
DA:87,5
DA:89,5
DA:90,4
DA:93,5
DA:95,0
DA:104,5
DA:109,5
DA:119,5
DA:121,5
DA:122,5
DA:124,5
DA:127,5
DA:128,1
DA:130,4
DA:133,5
DA:134,4
DA:136,4
DA:137,1
DA:138,2
DA:140,1
DA:150,4
DA:153,5
LF:39
LH:38
BRDA:71,0,0,5
BRDA:71,0,1,3
BRDA:73,1,0,2
BRDA:73,1,1,3
BRDA:74,2,0,1
BRDA:74,2,1,4
BRDA:74,3,0,5
BRDA:74,3,1,5
BRDA:74,4,0,1
BRDA:74,4,1,3
BRDA:76,5,0,5
BRDA:76,5,1,1
BRDA:78,6,0,1
BRDA:78,6,1,4
BRDA:78,7,0,5
BRDA:78,7,1,1
BRDA:83,8,0,1
BRDA:83,8,1,4
BRDA:89,9,0,4
BRDA:89,9,1,1
BRDA:112,10,0,4
BRDA:112,10,1,1
BRDA:127,11,0,1
BRDA:127,11,1,4
BRDA:133,12,0,4
BRDA:133,12,1,1
BRDA:136,13,0,1
BRDA:136,13,1,3
BRDA:142,14,0,1
BRDA:142,14,1,0
BRDA:141,15,0,1
BRDA:141,15,1,1
BRF:32
BRH:31
end_of_record
TN:
SF:packages/roosterjs-content-model-api/lib/publicApi/format/clearFormat.ts
FN:15,clearFormat
FN:19,(anonymous_1)
FNF:2
FNH:2
FNDA:1,clearFormat
FNDA:1,(anonymous_1)
DA:1,1
DA:2,1
DA:15,1
DA:16,1
DA:18,1
DA:20,1
DA:21,1
DA:22,1
DA:24,1
DA:26,1
DA:28,1
LF:11
LH:11
BRDA:29,0,0,1
BRDA:29,0,1,1
BRDA:29,0,2,1
BRF:3
BRH:3
end_of_record
TN:
SF:packages/roosterjs-content-model-api/lib/publicApi/format/getFormatState.ts
FN:9,getFormatState
FN:19,(anonymous_1)
FNF:2
FNH:2
FNDA:4,getFormatState
FNDA:4,(anonymous_1)
DA:1,1
DA:2,1
DA:9,1
DA:10,4
DA:11,4
DA:12,4
DA:18,4
DA:20,4
DA:22,4
DA:33,4
LF:10
LH:10
BRDA:13,0,0,4
BRDA:13,0,1,4
BRF:2
BRH:2
end_of_record
TN:
SF:packages/roosterjs-content-model-api/lib/publicApi/image/adjustImageSelection.ts
FN:9,adjustImageSelection
FN:13,(anonymous_1)
FN:16,(anonymous_2)
FN:18,(anonymous_3)
FN:26,(anonymous_4)
FNF:5
FNH:5
FNDA:5,adjustImageSelection
FNDA:5,(anonymous_1)
FNDA:5,(anonymous_2)
FNDA:2,(anonymous_3)
FNDA:2,(anonymous_4)
DA:1,1
DA:2,1
DA:9,1
DA:10,5
DA:12,5
DA:14,5
DA:17,5
DA:18,2
DA:19,2
DA:21,2
DA:23,3
DA:26,2
DA:33,5
LF:13
LH:13
BRDA:17,0,0,2
BRDA:17,0,1,3
BRDA:17,1,0,5
BRDA:17,1,1,4
BRF:4
BRH:4
end_of_record
TN:
SF:packages/roosterjs-content-model-api/lib/publicApi/image/changeImage.ts
FN:10,changeImage
FN:14,(anonymous_1)
FN:16,(anonymous_2)
FNF:3
FNH:3
FNDA:4,changeImage
FNDA:4,(anonymous_1)
FNDA:1,(anonymous_2)
DA:1,1
DA:2,1
DA:10,1
DA:11,4
DA:13,4
DA:14,4
DA:15,4
DA:16,4
DA:17,1
DA:18,1
DA:20,1
DA:21,1
DA:22,1
DA:23,1
DA:24,1
DA:26,1
LF:16
LH:16
BRDA:15,0,0,4
BRDA:15,0,1,0
BRDA:15,1,0,4
BRDA:15,1,1,4
BRDA:15,1,2,4
BRDA:15,2,0,0
BRDA:15,2,1,4
BRDA:15,3,0,4
BRDA:15,3,1,4
BRDA:17,4,0,0
BRDA:17,4,1,1
BRDA:17,5,0,1
BRDA:17,5,1,1
BRDA:17,6,0,1
BRDA:17,6,1,0
BRDA:17,7,0,1
BRDA:17,7,1,0
BRF:17
BRH:12
end_of_record
TN:
SF:packages/roosterjs-content-model-api/lib/publicApi/image/insertImage.ts
FN:16,insertImage
FN:22,(anonymous_1)
FN:30,insertImageWithSrc
FN:32,(anonymous_3)
FNF:4
FNH:4
FNDA:4,insertImage
FNDA:2,(anonymous_1)
FNDA:4,insertImageWithSrc
FNDA:4,(anonymous_3)
DA:1,1
DA:16,1
DA:17,4
DA:19,4
DA:20,2
DA:22,2
DA:23,2
DA:24,2
DA:31,4
DA:33,4
DA:34,4
DA:36,4
DA:37,4
DA:40,4
DA:41,4
DA:43,4
LF:16
LH:16
BRDA:19,0,0,2
BRDA:19,0,1,2
BRDA:23,1,0,2
BRDA:23,1,1,0
BRDA:23,2,0,2
BRDA:23,2,1,2
BRF:6
BRH:5
end_of_record
TN:
SF:packages/roosterjs-content-model-api/lib/publicApi/image/setImageAltText.ts
FN:10,setImageAltText
FN:13,(anonymous_1)
FNF:2
FNH:2
FNDA:5,setImageAltText
FNDA:3,(anonymous_1)
DA:1,1
DA:10,1
DA:11,5
DA:13,5
DA:14,3
LF:5
LH:5
BRF:0
BRH:0
end_of_record
TN:
SF:packages/roosterjs-content-model-api/lib/publicApi/image/setImageBorder.ts
FN:12,setImageBorder
FN:15,(anonymous_1)
FNF:2
FNH:2
FNDA:9,setImageBorder
FNDA:6,(anonymous_1)
DA:1,1
DA:2,1
DA:12,1
DA:13,9
DA:15,9
DA:16,6
LF:6
LH:6
BRF:0
BRH:0
end_of_record
TN:
SF:packages/roosterjs-content-model-api/lib/publicApi/image/setImageBoxShadow.ts
FN:10,setImageBoxShadow
FN:13,(anonymous_1)
FNF:2
FNH:2
FNDA:5,setImageBoxShadow
FNDA:2,(anonymous_1)
DA:1,1
DA:10,1
DA:11,5
DA:13,5
DA:14,2
DA:15,2
DA:16,1
DA:17,1
DA:18,1
DA:19,1
DA:20,1
DA:21,1
DA:22,1
DA:23,1
DA:24,1
LF:15
LH:15
BRDA:15,0,0,1
BRDA:15,0,1,1
BRDA:20,1,0,1
BRDA:20,1,1,0
BRF:4
BRH:3
end_of_record
TN:
SF:packages/roosterjs-content-model-api/lib/publicApi/link/adjustLinkSelection.ts
FN:10,adjustLinkSelection
FN:15,(anonymous_1)
FN:18,(anonymous_2)
FN:19,(anonymous_3)
FN:37,(anonymous_4)
FNF:5
FNH:5
FNDA:8,adjustLinkSelection
FNDA:8,(anonymous_1)
FNDA:14,(anonymous_2)
FNDA:12,(anonymous_3)
FNDA:13,(anonymous_4)
DA:1,1
DA:2,1
DA:3,1
DA:10,1
DA:11,8
DA:12,8
DA:14,8
DA:16,8
DA:18,14
DA:19,12
DA:21,8
DA:26,8
DA:28,8
DA:29,1
DA:31,1
DA:32,1
DA:33,1
DA:37,13
DA:38,8
DA:40,8
DA:47,8
LF:21
LH:21
BRDA:18,0,0,14
BRDA:18,0,1,6
BRDA:19,1,0,12
BRDA:19,1,1,6
BRDA:28,2,0,1
BRDA:28,2,1,7
BRDA:28,3,0,8
BRDA:28,3,1,3
BRDA:31,4,0,1
BRDA:31,4,1,0
BRDA:37,5,0,10
BRDA:37,5,1,3
BRDA:38,6,0,8
BRDA:38,6,1,4
BRDA:38,7,0,4
BRDA:38,7,1,4
BRDA:38,8,0,8
BRDA:38,8,1,8
BRDA:38,9,0,2
BRDA:38,9,1,6
BRDA:38,10,0,8
BRDA:38,10,1,8
BRF:22
BRH:21
end_of_record
TN:
SF:packages/roosterjs-content-model-api/lib/publicApi/link/insertLink.ts
FN:34,insertLink
FN:51,(anonymous_1)
FN:58,(anonymous_2)
FN:63,(anonymous_3)
FN:66,(anonymous_4)
FN:79,(anonymous_5)
FN:106,(anonymous_6)
FN:111,(anonymous_7)
FN:118,(anonymous_8)
FN:135,applyLinkPrefix
FN:160,checkXss
FNF:11
FNH:10
FNDA:9,insertLink
FNDA:7,(anonymous_1)
FNDA:11,(anonymous_2)
FNDA:7,(anonymous_3)
FNDA:5,(anonymous_4)
FNDA:4,(anonymous_5)
FNDA:3,(anonymous_6)
FNDA:1,(anonymous_7)
FNDA:9,(anonymous_8)
FNDA:0,applyLinkPrefix
FNDA:9,checkXss
DA:1,1
DA:2,1
DA:3,1
DA:15,1
DA:17,1
DA:19,1
DA:34,1
DA:41,9
DA:43,9
DA:44,9
DA:45,7
DA:46,7
DA:47,7
DA:50,7
DA:52,7
DA:57,7
DA:58,11
DA:60,7
DA:62,7
DA:63,7
DA:66,3
DA:67,5
DA:73,5
DA:74,5
DA:75,5
DA:78,4
DA:79,4
DA:82,4
DA:86,4
DA:87,4
DA:89,4
DA:90,4
DA:92,4
DA:93,4
DA:96,4
DA:101,7
DA:102,7
DA:107,3
DA:108,1
DA:111,1
DA:118,1
DA:122,13
DA:124,9
DA:136,0
DA:137,0
DA:145,0
DA:146,0
DA:147,0
DA:148,0
DA:149,0
DA:150,0
DA:153,0
DA:157,0
DA:161,9
LF:54
LH:44
BRDA:43,0,0,9
BRDA:43,0,1,2
BRDA:44,1,0,7
BRDA:44,1,1,2
BRDA:46,2,0,7
BRDA:46,2,1,0
BRDA:58,3,0,7
BRDA:58,3,1,4
BRDA:60,4,0,7
BRDA:60,4,1,4
BRDA:60,4,2,2
BRDA:62,5,0,3
BRDA:62,5,1,4
BRDA:63,6,0,7
BRDA:63,6,1,5
BRDA:74,7,0,5
BRDA:74,7,1,0
BRDA:78,8,0,4
BRDA:78,8,1,0
BRDA:79,9,0,4
BRDA:79,9,1,2
BRDA:79,9,2,2
BRDA:82,10,0,4
BRDA:82,10,1,2
BRDA:82,11,0,2
BRDA:82,11,1,0
BRDA:83,12,0,0
BRDA:83,12,1,4
BRDA:83,13,0,4
BRDA:83,13,1,4
BRDA:92,14,0,4
BRDA:92,14,1,0
BRDA:107,15,0,1
BRDA:107,15,1,2
BRDA:107,16,0,3
BRDA:107,16,1,1
BRDA:122,17,0,4
BRDA:122,17,1,5
BRDA:136,18,0,0
BRDA:136,18,1,0
BRDA:146,19,0,0
BRDA:146,19,1,0
BRDA:147,20,0,0
BRDA:147,20,1,0
BRDA:149,21,0,0
BRDA:149,21,1,0
BRDA:161,22,0,1
BRDA:161,22,1,8
BRF:48
BRH:34
end_of_record
TN:
SF:packages/roosterjs-content-model-api/lib/publicApi/link/removeLink.ts
FN:11,removeLink
FN:15,(anonymous_1)
FN:18,(anonymous_2)
FN:19,(anonymous_3)
FN:31,(anonymous_4)
FNF:5
FNH:5
FNDA:6,removeLink
FNDA:6,(anonymous_1)
FNDA:7,(anonymous_2)
FNDA:7,(anonymous_3)
FNDA:12,(anonymous_4)
DA:1,1
DA:2,1
DA:11,1
DA:12,6
DA:14,6
DA:16,6
DA:18,7
DA:20,7
DA:24,6
DA:29,6
DA:31,6
DA:32,12
DA:33,8
DA:35,8
DA:39,6
LF:15
LH:15
BRDA:18,0,0,7
BRDA:18,0,1,6
BRDA:20,1,0,7
BRDA:20,1,1,2
BRDA:20,1,2,2
BRDA:32,2,0,8
BRDA:32,2,1,4
BRF:7
BRH:7
end_of_record
TN:
SF:packages/roosterjs-content-model-api/lib/publicApi/list/setListStartNumber.ts
FN:9,setListStartNumber
FN:13,(anonymous_1)
FNF:2
FNH:2
FNDA:4,setListStartNumber
FNDA:4,(anonymous_1)
DA:1,1
DA:9,1
DA:10,4
DA:12,4
DA:14,4
LF:5
LH:5
BRF:0
BRH:0
end_of_record
TN:
SF:packages/roosterjs-content-model-api/lib/publicApi/list/setListStyle.ts
FN:9,setListStyle
FN:13,(anonymous_1)
FNF:2
FNH:2
FNDA:5,setListStyle
FNDA:5,(anonymous_1)
DA:1,1
DA:9,1
DA:10,5
DA:12,5
DA:14,5
LF:5
LH:5
BRF:0
BRH:0
end_of_record
TN:
SF:packages/roosterjs-content-model-api/lib/publicApi/list/toggleBullet.ts
FN:11,toggleBullet
FN:15,(anonymous_1)
FNF:2
FNH:2
FNDA:1,toggleBullet
FNDA:1,(anonymous_1)
DA:1,1
DA:11,2
DA:12,1
DA:14,1
DA:16,1
DA:18,1
LF:6
LH:6
BRDA:11,0,0,1
BRDA:11,0,1,0
BRF:2
BRH:1
end_of_record
TN:
SF:packages/roosterjs-content-model-api/lib/publicApi/list/toggleNumbering.ts
FN:11,toggleNumbering
FN:15,(anonymous_1)
FNF:2
FNH:2
FNDA:1,toggleNumbering
FNDA:1,(anonymous_1)
DA:1,1
DA:11,2
DA:12,1
DA:14,1
DA:16,1
DA:18,1
LF:6
LH:6
BRDA:11,0,0,1
BRDA:11,0,1,0
BRF:2
BRH:1
end_of_record
TN:
SF:packages/roosterjs-content-model-api/lib/publicApi/segment/applySegmentFormat.ts
FN:9,applySegmentFormat
FN:16,(anonymous_1)
FNF:2
FNH:2
FNDA:8,applySegmentFormat
FNDA:8,(anonymous_1)
DA:1,1
DA:9,1
DA:13,8
DA:17,8
DA:18,8
DA:19,8
DA:20,8
DA:21,8
DA:22,8
DA:23,8
DA:24,8
DA:25,8
LF:12
LH:12
BRF:0
BRH:0
end_of_record
TN:
SF:packages/roosterjs-content-model-api/lib/publicApi/segment/changeCapitalization.ts
FN:12,changeCapitalization
FN:19,(anonymous_1)
FN:53,(anonymous_2)
FNF:3
FNH:3
FNDA:13,changeCapitalization
FNDA:13,(anonymous_1)
FNDA:6,(anonymous_2)
DA:1,1
DA:12,1
DA:17,13
DA:19,13
DA:20,13
DA:21,12
DA:23,3
DA:24,3
DA:27,4
DA:28,4
DA:31,4
DA:33,4
DA:34,8
DA:39,4
DA:40,4
DA:43,1
DA:49,1
DA:51,1
DA:53,6
DA:54,1
LF:20
LH:20
BRDA:20,0,0,12
BRDA:20,0,1,1
BRDA:20,1,0,0
BRDA:20,1,1,13
BRDA:20,2,0,13
BRDA:20,2,1,13
BRDA:22,3,0,3
BRDA:22,3,1,4
BRDA:22,3,2,4
BRDA:22,3,3,1
BRF:10
BRH:9
end_of_record
TN:
SF:packages/roosterjs-content-model-api/lib/publicApi/segment/changeFontSize.ts
FN:24,changeFontSize
FN:30,(anonymous_1)
FN:36,changeFontSizeInternal
FN:52,getNewFontSize
FNF:4
FNH:4
FNDA:24,changeFontSize
FNDA:23,(anonymous_1)
FNDA:23,changeFontSizeInternal
FNDA:22,getNewFontSize
DA:1,1
DA:2,1
DA:3,1
DA:14,1
DA:15,1
DA:16,1
DA:24,1
DA:25,24
DA:27,24
DA:30,23
DA:41,23
DA:42,22
DA:44,22
DA:45,22
DA:47,22
DA:53,22
DA:54,22
DA:55,22
DA:56,5
DA:57,17
DA:58,7
DA:59,7
DA:60,7
DA:61,10
DA:62,7
DA:63,52
DA:64,7
DA:65,7
DA:69,3
DA:70,10
DA:71,3
DA:72,3
DA:76,22
LF:33
LH:33
BRDA:41,0,0,22
BRDA:41,0,1,1
BRDA:44,1,0,22
BRDA:44,1,1,0
BRDA:45,2,0,13
BRDA:45,2,1,9
BRDA:53,3,0,13
BRDA:53,3,1,9
BRDA:55,4,0,5
BRDA:55,4,1,17
BRDA:57,5,0,7
BRDA:57,5,1,10
BRDA:57,6,0,17
BRDA:57,6,1,11
BRDA:57,6,2,2
BRDA:59,7,0,4
BRDA:59,7,1,3
BRDA:61,8,0,7
BRDA:61,8,1,3
BRDA:63,9,0,7
BRDA:63,9,1,45
BRDA:70,10,0,3
BRDA:70,10,1,7
BRF:23
BRH:22
end_of_record
TN:
SF:packages/roosterjs-content-model-api/lib/publicApi/segment/setBackgroundColor.ts
FN:10,setBackgroundColor
FN:19,(anonymous_1)
FN:33,(anonymous_2)
FNF:3
FNH:3
FNDA:8,setBackgroundColor
FNDA:8,(anonymous_1)
FNDA:8,(anonymous_2)
DA:1,1
DA:2,1
DA:10,1
DA:11,8
DA:13,8
DA:14,8
DA:16,8
DA:20,8
DA:21,1
DA:23,7
DA:26,8
DA:27,7
DA:28,7
DA:34,8
DA:35,5
DA:39,5
DA:40,5
LF:17
LH:17
BRDA:20,0,0,1
BRDA:20,0,1,7
BRDA:26,1,0,7
BRDA:26,1,1,1
BRDA:26,2,0,8
BRDA:26,2,1,8
BRDA:26,2,2,8
BRDA:34,3,0,5
BRDA:34,3,1,3
BRDA:34,4,0,8
BRDA:34,4,1,5
BRDA:36,5,0,0
BRDA:36,5,1,5
BRDA:36,6,0,5
BRDA:36,6,1,5
BRF:15
BRH:14
end_of_record
TN:
SF:packages/roosterjs-content-model-api/lib/publicApi/segment/setFontName.ts
FN:9,setFontName
FN:15,(anonymous_1)
FNF:2
FNH:2
FNDA:8,setFontName
FNDA:8,(anonymous_1)
DA:1,1
DA:9,1
DA:10,8
DA:12,8
DA:16,8
DA:18,8
DA:19,1
LF:7
LH:7
BRDA:18,0,0,1
BRDA:18,0,1,7
BRDA:18,1,0,0
BRDA:18,1,1,8
BRDA:18,2,0,8
BRDA:18,2,1,8
BRF:6
BRH:5
end_of_record
TN:
SF:packages/roosterjs-content-model-api/lib/publicApi/segment/setFontSize.ts
FN:13,setFontSize
FN:19,(anonymous_1)
FN:29,setFontSizeInternal
FN:40,(anonymous_3)
FNF:4
FNH:4
FNDA:8,setFontSize
FNDA:8,(anonymous_1)
FNDA:30,setFontSizeInternal
FNDA:3,(anonymous_3)
DA:1,1
DA:13,1
DA:14,8
DA:16,8
DA:19,8
DA:29,1
DA:34,30
DA:37,30
DA:38,2
DA:40,2
DA:41,3
DA:42,1
DA:46,2
LF:13
LH:13
BRDA:37,0,0,2
BRDA:37,0,1,28
BRDA:37,1,0,28
BRDA:37,1,1,2
BRDA:37,2,0,30
BRDA:37,2,1,30
BRDA:37,3,0,0
BRDA:37,3,1,30
BRDA:37,4,0,30
BRDA:37,4,1,30
BRDA:41,5,0,1
BRDA:41,5,1,2
BRF:12
BRH:11
end_of_record
TN:
SF:packages/roosterjs-content-model-api/lib/publicApi/segment/setTextColor.ts
FN:9,setTextColor
FN:16,(anonymous_1)
FN:23,(anonymous_2)
FNF:3
FNH:3
FNDA:10,setTextColor
FNDA:2,(anonymous_1)
FNDA:8,(anonymous_2)
DA:1,1
DA:9,1
DA:10,10
DA:12,10
DA:17,2
DA:19,2
DA:20,1
DA:24,8
DA:26,8
DA:27,1
LF:10
LH:10
BRDA:16,0,0,2
BRDA:16,0,1,8
BRDA:19,1,0,1
BRDA:19,1,1,1
BRDA:19,2,0,0
BRDA:19,2,1,2
BRDA:19,3,0,2
BRDA:19,3,1,2
BRDA:26,4,0,1
BRDA:26,4,1,7
BRDA:26,5,0,0
BRDA:26,5,1,8
BRDA:26,6,0,8
BRDA:26,6,1,8
BRF:14
BRH:12
end_of_record
TN:
SF:packages/roosterjs-content-model-api/lib/publicApi/segment/toggleBold.ts
FN:9,toggleBold
FN:15,(anonymous_1)
FN:18,(anonymous_2)
FNF:3
FNH:3
FNDA:8,toggleBold
FNDA:8,(anonymous_1)
FNDA:7,(anonymous_2)
DA:1,1
DA:2,1
DA:9,1
DA:10,8
DA:12,8
DA:16,8
DA:19,7
LF:7
LH:7
BRDA:16,0,0,6
BRDA:16,0,1,2
BRDA:21,1,0,4
BRDA:21,1,1,3
BRDA:21,2,0,3
BRDA:21,2,1,1
BRDA:21,3,0,4
BRDA:21,3,1,4
BRDA:21,4,0,0
BRDA:21,4,1,4
BRDA:21,5,0,4
BRDA:21,5,1,4
BRF:12
BRH:11
end_of_record
TN:
SF:packages/roosterjs-content-model-api/lib/publicApi/segment/toggleCode.ts
FN:15,toggleCode
FN:21,(anonymous_1)
FN:30,(anonymous_2)
FNF:3
FNH:3
FNDA:7,toggleCode
FNDA:7,(anonymous_1)
FNDA:6,(anonymous_2)
DA:1,1
DA:2,1
DA:5,1
DA:15,1
DA:16,7
DA:18,7
DA:22,7
DA:23,7
DA:24,6
DA:26,1
DA:30,6
LF:11
LH:11
BRDA:22,0,0,7
BRDA:22,0,1,0
BRDA:23,1,0,6
BRDA:23,1,1,1
BRDA:30,2,0,0
BRDA:30,2,1,6
BRDA:30,3,0,6
BRDA:30,3,1,6
BRF:8
BRH:6
end_of_record
TN:
SF:packages/roosterjs-content-model-api/lib/publicApi/segment/toggleItalic.ts
FN:8,toggleItalic
FN:14,(anonymous_1)
FN:17,(anonymous_2)
FNF:3
FNH:3
FNDA:7,toggleItalic
FNDA:7,(anonymous_1)
FNDA:6,(anonymous_2)
DA:1,1
DA:8,1
DA:9,7
DA:11,7
DA:15,7
DA:17,6
LF:6
LH:6
BRF:0
BRH:0
end_of_record
TN:
SF:packages/roosterjs-content-model-api/lib/publicApi/segment/toggleStrikethrough.ts
FN:8,toggleStrikethrough
FN:14,(anonymous_1)
FN:17,(anonymous_2)
FNF:3
FNH:3
FNDA:7,toggleStrikethrough
FNDA:7,(anonymous_1)
FNDA:6,(anonymous_2)
DA:1,1
DA:8,1
DA:9,7
DA:11,7
DA:15,7
DA:17,6
LF:6
LH:6
BRF:0
BRH:0
end_of_record
TN:
SF:packages/roosterjs-content-model-api/lib/publicApi/segment/toggleSubscript.ts
FN:8,toggleSubscript
FN:14,(anonymous_1)
FN:17,(anonymous_2)
FNF:3
FNH:3
FNDA:9,toggleSubscript
FNDA:9,(anonymous_1)
FNDA:8,(anonymous_2)
DA:1,1
DA:8,1
DA:9,9
DA:11,9
DA:15,9
DA:17,8
LF:6
LH:6
BRDA:15,0,0,7
BRDA:15,0,1,2
BRDA:17,1,0,4
BRDA:17,1,1,4
BRDA:17,2,0,8
BRDA:17,2,1,8
BRF:6
BRH:6
end_of_record
TN:
SF:packages/roosterjs-content-model-api/lib/publicApi/segment/toggleSuperscript.ts
FN:8,toggleSuperscript
FN:14,(anonymous_1)
FN:17,(anonymous_2)
FNF:3
FNH:3
FNDA:9,toggleSuperscript
FNDA:9,(anonymous_1)
FNDA:8,(anonymous_2)
DA:1,1
DA:8,1
DA:9,9
DA:11,9
DA:15,9
DA:17,8
LF:6
LH:6
BRDA:15,0,0,7
BRDA:15,0,1,2
BRDA:17,1,0,4
BRDA:17,1,1,4
BRDA:17,2,0,8
BRDA:17,2,1,8
BRF:6
BRH:6
end_of_record
TN:
SF:packages/roosterjs-content-model-api/lib/publicApi/segment/toggleUnderline.ts
FN:9,toggleUnderline
FN:15,(anonymous_1)
FN:22,(anonymous_2)
FNF:3
FNH:3
FNDA:11,toggleUnderline
FNDA:11,(anonymous_1)
FNDA:10,(anonymous_2)
DA:1,1
DA:2,1
DA:9,1
DA:10,11
DA:12,11
DA:16,11
DA:18,11
DA:19,3
DA:22,10
LF:9
LH:9
BRDA:18,0,0,3
BRDA:18,0,1,8
BRDA:18,1,0,0
BRDA:18,1,1,11
BRDA:18,2,0,11
BRDA:18,2,1,11
BRDA:22,3,0,10
BRDA:22,3,1,7
BRDA:22,4,0,5
BRDA:22,4,1,2
BRDA:22,5,0,7
BRDA:22,5,1,7
BRDA:22,6,0,5
BRDA:22,6,1,2
BRDA:22,7,0,7
BRDA:22,7,1,7
BRDA:22,8,0,0
BRDA:22,8,1,7
BRDA:22,9,0,7
BRDA:22,9,1,7
BRF:20
BRH:18
end_of_record
TN:
SF:packages/roosterjs-content-model-api/lib/publicApi/table/applyTableBorderFormat.ts
FN:44,applyTableBorderFormat
FN:50,(anonymous_1)
FN:396,applyBorderFormat
FN:403,(anonymous_3)
FN:407,(anonymous_4)
FN:423,modifyPerimeter
FNF:6
FNH:6
FNDA:10,applyTableBorderFormat
FNDA:10,(anonymous_1)
FNDA:56,applyBorderFormat
FNDA:84,(anonymous_3)
FNDA:56,(anonymous_4)
FNDA:10,modifyPerimeter
DA:1,1
DA:44,1
DA:49,10
DA:51,10
DA:53,10
DA:54,10
DA:55,10
DA:63,10
DA:64,10
DA:65,30
DA:66,10
DA:67,10
DA:68,10
DA:69,10
DA:71,10
DA:72,10
DA:73,0
DA:74,0
DA:76,0
DA:79,10
DA:80,10
DA:81,0
DA:82,0
DA:84,0
DA:87,10
DA:88,10
DA:89,0
DA:90,0
DA:94,10
DA:96,10
DA:97,10
DA:98,10
DA:99,16
DA:102,1
DA:103,1
DA:104,1
DA:106,3
DA:112,3
DA:113,3
DA:117,4
DA:118,4
DA:122,8
DA:124,8
DA:129,3
DA:130,3
DA:131,3
DA:132,3
DA:133,3
DA:135,3
DA:136,3
DA:137,3
DA:142,4
DA:146,4
DA:150,3
DA:151,3
DA:153,3
DA:154,3
DA:155,3
DA:160,4
DA:164,4
DA:168,3
DA:169,3
DA:171,2
DA:172,2
DA:173,2
DA:177,3
DA:179,3
DA:183,2
DA:184,2
DA:186,2
DA:187,2
DA:188,2
DA:192,3
DA:194,3
DA:198,2
DA:199,2
DA:202,1
DA:203,1
DA:205,1
DA:206,0
DA:209,1
DA:210,0
DA:215,0
DA:216,0
DA:221,0
DA:222,0
DA:227,0
DA:232,0
DA:235,1
DA:236,0
DA:243,0
DA:244,0
DA:248,0
DA:249,0
DA:254,0
DA:261,0
DA:266,1
DA:274,1
DA:282,1
DA:290,1
DA:298,1
DA:299,1
DA:303,0
DA:304,0
DA:311,1
DA:312,1
DA:316,0
DA:317,0
DA:324,1
DA:325,1
DA:329,0
DA:330,0
DA:337,1
DA:338,1
DA:342,0
DA:343,0
DA:350,1
DA:351,1
DA:352,1
DA:353,1
DA:354,1
DA:355,1
DA:358,1
DA:359,1
DA:360,1
DA:361,1
DA:362,1
DA:364,0
DA:369,10
DA:372,10
DA:373,10
DA:375,0
DA:378,10
DA:380,0
DA:401,56
DA:403,56
DA:404,84
DA:407,56
DA:408,56
DA:409,56
DA:410,56
DA:431,10
DA:432,5
DA:433,7
DA:434,7
DA:438,10
DA:439,5
DA:440,7
DA:441,7
DA:445,10
DA:446,6
DA:447,8
DA:448,8
DA:452,10
DA:453,6
DA:454,8
DA:455,8
LF:157
LH:123
BRDA:53,0,0,10
BRDA:53,0,1,0
BRDA:71,1,0,10
BRDA:71,1,1,0
BRDA:73,2,0,0
BRDA:73,2,1,0
BRDA:79,3,0,10
BRDA:79,3,1,0
BRDA:81,4,0,0
BRDA:81,4,1,0
BRDA:87,5,0,10
BRDA:87,5,1,0
BRDA:89,6,0,0
BRDA:89,6,1,0
BRDA:96,7,0,10
BRDA:96,7,1,0
BRDA:100,8,0,1
BRDA:100,8,1,3
BRDA:100,8,2,3
BRDA:100,8,3,3
BRDA:100,8,4,2
BRDA:100,8,5,2
BRDA:100,8,6,1
BRDA:100,8,7,1
BRDA:100,8,8,0
BRDA:143,9,0,1
BRDA:143,9,1,3
BRDA:150,10,0,1
BRDA:150,10,1,2
BRDA:161,11,0,1
BRDA:161,11,1,3
BRDA:168,12,0,1
BRDA:168,12,1,2
BRDA:205,13,0,0
BRDA:205,13,1,1
BRDA:205,14,0,1
BRDA:205,14,1,0
BRDA:209,15,0,0
BRDA:209,15,1,1
BRDA:235,16,0,0
BRDA:235,16,1,1
BRDA:238,17,0,0
BRDA:238,17,1,0
BRDA:256,18,0,0
BRDA:256,18,1,0
BRDA:268,19,0,0
BRDA:268,19,1,1
BRDA:276,20,0,0
BRDA:276,20,1,1
BRDA:284,21,0,0
BRDA:284,21,1,1
BRDA:292,22,0,0
BRDA:292,22,1,1
BRDA:333,23,0,0
BRDA:333,23,1,0
BRDA:346,24,0,0
BRDA:346,24,1,0
BRDA:373,25,0,0
BRDA:373,25,1,10
BRDA:408,26,0,56
BRDA:408,26,1,52
BRDA:431,27,0,5
BRDA:431,27,1,5
BRDA:431,28,0,10
BRDA:431,28,1,5
BRDA:438,29,0,5
BRDA:438,29,1,5
BRDA:438,30,0,10
BRDA:438,30,1,5
BRDA:445,31,0,6
BRDA:445,31,1,4
BRDA:445,32,0,10
BRDA:445,32,1,6
BRDA:448,33,0,1
BRDA:448,33,1,7
BRDA:452,34,0,6
BRDA:452,34,1,4
BRDA:452,35,0,10
BRDA:452,35,1,6
BRDA:455,36,0,1
BRDA:455,36,1,7
BRF:81
BRH:52
end_of_record
TN:
SF:packages/roosterjs-content-model-api/lib/publicApi/table/editTable.ts
FN:24,editTable
FN:29,(anonymous_1)
FN:97,fixUpSafariSelection
FNF:3
FNH:3
FNDA:24,editTable
FNDA:24,(anonymous_1)
FNDA:24,fixUpSafariSelection
DA:1,1
DA:2,1
DA:3,1
DA:4,1
DA:5,1
DA:6,1
DA:7,1
DA:8,1
DA:9,1
DA:10,1
DA:11,1
DA:12,1
DA:14,1
DA:24,1
DA:25,24
DA:27,24
DA:29,24
DA:30,24
DA:34,4
DA:35,4
DA:39,3
DA:40,3
DA:44,3
DA:45,3
DA:48,1
DA:49,1
DA:52,1
DA:53,1
DA:56,1
DA:57,1
DA:61,2
DA:62,2
DA:66,2
DA:67,2
DA:71,2
DA:72,2
DA:75,1
DA:76,1
DA:80,2
DA:81,2
DA:84,1
DA:85,1
DA:88,1
DA:89,1
DA:98,24
DA:99,1
DA:101,1
DA:102,1
DA:103,1
LF:49
LH:49
BRDA:31,0,0,2
BRDA:31,0,1,3
BRDA:31,0,2,4
BRDA:31,0,3,1
BRDA:31,0,4,2
BRDA:31,0,5,3
BRDA:31,0,6,1
BRDA:31,0,7,2
BRDA:31,0,8,3
BRDA:31,0,9,1
BRDA:31,0,10,1
BRDA:31,0,11,1
BRDA:31,0,12,1
BRDA:31,0,13,2
BRDA:31,0,14,1
BRDA:31,0,15,2
BRDA:31,0,16,1
BRDA:31,0,17,2
BRDA:31,0,18,1
BRDA:31,0,19,1
BRDA:31,0,20,2
BRDA:31,0,21,1
BRDA:31,0,22,1
BRDA:98,1,0,1
BRDA:98,1,1,23
BRDA:101,2,0,1
BRDA:101,2,1,0
BRDA:101,3,0,1
BRDA:101,3,1,1
BRDA:101,4,0,0
BRDA:101,4,1,1
BRDA:101,5,0,1
BRDA:101,5,1,1
BRF:33
BRH:31
end_of_record
TN:
SF:packages/roosterjs-content-model-api/lib/publicApi/table/formatTable.ts
FN:15,formatTable
FN:19,(anonymous_1)
FN:24,(anonymous_2)
FN:25,(anonymous_3)
FN:26,(anonymous_4)
FNF:5
FNH:0
FNDA:0,formatTable
FNDA:0,(anonymous_1)
FNDA:0,(anonymous_2)
FNDA:0,(anonymous_3)
FNDA:0,(anonymous_4)
DA:1,1
DA:15,1
DA:16,0
DA:18,0
DA:20,0
DA:22,0
DA:24,0
DA:25,0
DA:26,0
DA:27,0
DA:28,0
DA:30,0
DA:34,0
DA:35,0
DA:37,0
LF:15
LH:2
BRDA:22,0,0,0
BRDA:22,0,1,0
BRDA:27,1,0,0
BRDA:27,1,1,0
BRF:4
BRH:0
end_of_record
TN:
SF:packages/roosterjs-content-model-api/lib/publicApi/table/insertTable.ts
FN:22,insertTable
FN:31,(anonymous_1)
FNF:2
FNH:0
FNDA:0,insertTable
FNDA:0,(anonymous_1)
DA:1,1
DA:2,1
DA:22,1
DA:28,0
DA:30,0
DA:32,0
DA:34,0
DA:35,0
DA:36,0
DA:38,0
DA:40,0
DA:41,0
DA:42,0
DA:47,0
DA:49,0
DA:50,0
DA:51,0
DA:52,0
DA:55,0
DA:57,0
LF:20
LH:3
BRDA:34,0,0,0
BRDA:34,0,1,0
BRDA:38,1,0,0
BRDA:38,1,1,0
BRDA:40,2,0,0
BRDA:40,2,1,0
BRDA:47,3,0,0
BRDA:47,3,1,0
BRDA:47,4,0,0
BRDA:47,4,1,0
BRDA:47,5,0,0
BRDA:47,5,1,0
BRDA:47,6,0,0
BRDA:47,6,1,0
BRDA:49,7,0,0
BRDA:49,7,1,0
BRDA:49,8,0,0
BRDA:49,8,1,0
BRDA:49,9,0,0
BRDA:49,9,1,0
BRDA:50,10,0,0
BRDA:50,10,1,0
BRDA:50,11,0,0
BRDA:50,11,1,0
BRF:24
BRH:0
end_of_record
TN:
SF:packages/roosterjs-content-model-api/lib/publicApi/table/setTableCellShade.ts
FN:14,setTableCellShade
FN:18,(anonymous_1)
FN:22,(anonymous_2)
FN:23,(anonymous_3)
FNF:4
FNH:4
FNDA:6,setTableCellShade
FNDA:6,(anonymous_1)
FNDA:4,(anonymous_2)
FNDA:8,(anonymous_3)
DA:1,1
DA:14,1
DA:15,6
DA:17,6
DA:19,6
DA:21,6
DA:22,4
DA:23,4
DA:24,8
DA:25,5
DA:34,4
DA:36,2
LF:12
LH:12
BRDA:21,0,0,4
BRDA:21,0,1,2
BRDA:24,1,0,5
BRDA:24,1,1,3
BRF:4
BRH:4
end_of_record
TN:
SF:packages/roosterjs-content-model-api/lib/publicApi/utils/formatImageWithContentModel.ts
FN:10,formatImageWithContentModel
FN:18,(anonymous_1)
FNF:2
FNH:2
FNDA:28,formatImageWithContentModel
FNDA:22,(anonymous_1)
DA:1,1
DA:10,1
DA:15,28
DA:19,22
DA:20,14
LF:5
LH:5
BRDA:19,0,0,14
BRDA:19,0,1,8
BRDA:19,1,0,0
BRDA:19,1,1,22
BRDA:19,2,0,22
BRDA:19,2,1,22
BRF:6
BRH:5
end_of_record
TN:
SF:packages/roosterjs-content-model-api/lib/publicApi/utils/formatInsertPointWithContentModel.ts
FN:28,formatInsertPointWithContentModel
FN:43,(anonymous_1)
FN:79,getShadowChildProcessor
FN:80,(anonymous_3)
FN:110,handleElementShadowSelection
FN:147,(anonymous_5)
FN:147,(anonymous_6)
FN:156,(anonymous_7)
FN:202,addSelectionMarker
FN:224,getShadowSelectionOffsets
FNF:10
FNH:10
FNDA:101,formatInsertPointWithContentModel
FNDA:5,(anonymous_1)
FNDA:101,getShadowChildProcessor
FNDA:51,(anonymous_3)
FNDA:128,handleElementShadowSelection
FNDA:101,(anonymous_5)
FNDA:90,(anonymous_6)
FNDA:164,(anonymous_7)
FNDA:224,addSelectionMarker
FNDA:141,getShadowSelectionOffsets
DA:1,1
DA:28,1
DA:38,101
DA:42,101
DA:44,5
DA:46,5
DA:47,4
DA:48,4
DA:50,4
DA:51,4
DA:54,5
DA:80,101
DA:81,51
DA:83,51
DA:85,51
DA:86,51
DA:87,39
DA:88,39
DA:91,51
DA:92,51
DA:94,51
DA:95,77
DA:97,77
DA:99,77
DA:102,51
DA:104,51
DA:105,39
DA:118,128
DA:123,13
DA:124,13
DA:127,128
DA:128,18
DA:129,18
DA:132,128
DA:133,1
DA:134,1
DA:137,128
DA:138,18
DA:139,18
DA:142,128
DA:143,10
DA:147,101
DA:152,90
DA:153,90
DA:154,90
DA:156,90
DA:161,164
DA:162,164
DA:164,164
DA:165,164
DA:166,164
DA:168,164
DA:171,90
DA:176,30
DA:179,90
DA:180,52
DA:182,52
DA:185,90
DA:186,8
DA:189,90
DA:190,52
DA:192,52
DA:195,90
DA:196,22
DA:199,90
DA:209,224
DA:211,224
DA:213,224
DA:215,224
DA:216,25
DA:229,141
DA:230,141
DA:232,141
LF:73
LH:73
BRDA:46,0,0,4
BRDA:46,0,1,1
BRDA:46,1,0,0
BRDA:46,1,1,5
BRDA:46,2,0,5
BRDA:46,2,1,5
BRDA:50,3,0,4
BRDA:50,3,1,0
BRDA:83,4,0,51
BRDA:83,4,1,27
BRDA:86,5,0,39
BRDA:86,5,1,12
BRDA:104,6,0,39
BRDA:104,6,1,12
BRDA:118,7,0,13
BRDA:118,7,1,115
BRDA:119,8,0,128
BRDA:119,8,1,24
BRDA:119,8,2,14
BRDA:119,8,3,16
BRDA:119,8,4,9
BRDA:127,9,0,18
BRDA:127,9,1,110
BRDA:132,10,0,1
BRDA:132,10,1,127
BRDA:132,11,0,128
BRDA:132,11,1,11
BRDA:132,11,2,10
BRDA:137,12,0,18
BRDA:137,12,1,110
BRDA:142,13,0,10
BRDA:142,13,1,118
BRDA:152,14,0,90
BRDA:152,14,1,0
BRDA:166,15,0,60
BRDA:166,15,1,104
BRDA:171,16,0,30
BRDA:171,16,1,60
BRDA:172,17,0,90
BRDA:172,17,1,60
BRDA:172,17,2,38
BRDA:172,17,3,40
BRDA:172,17,4,24
BRDA:179,18,0,52
BRDA:179,18,1,38
BRDA:185,19,0,8
BRDA:185,19,1,82
BRDA:185,20,0,90
BRDA:185,20,1,30
BRDA:185,20,2,27
BRDA:185,20,3,23
BRDA:189,21,0,52
BRDA:189,21,1,38
BRDA:195,22,0,22
BRDA:195,22,1,68
BRDA:195,23,0,90
BRDA:195,23,1,22
BRDA:215,24,0,25
BRDA:215,24,1,199
BRDA:215,25,0,224
BRDA:215,25,1,84
BRDA:230,26,0,100
BRDA:230,26,1,41
BRF:63
BRH:60
end_of_record
TN:
SF:packages/roosterjs-content-model-api/lib/publicApi/utils/formatParagraphWithContentModel.ts
FN:10,formatParagraphWithContentModel
FN:16,(anonymous_1)
FNF:2
FNH:2
FNDA:22,formatParagraphWithContentModel
FNDA:22,(anonymous_1)
DA:1,1
DA:10,1
DA:15,22
DA:17,22
DA:19,22
DA:20,22
DA:22,22
LF:7
LH:7
BRF:0
BRH:0
end_of_record
TN:
SF:packages/roosterjs-content-model-api/lib/publicApi/utils/formatSegmentWithContentModel.ts
FN:20,formatSegmentWithContentModel
FN:38,(anonymous_1)
FN:56,(anonymous_2)
FN:67,(anonymous_3)
FN:70,(anonymous_4)
FN:75,(anonymous_5)
FNF:6
FNH:6
FNDA:170,formatSegmentWithContentModel
FNDA:170,(anonymous_1)
FNDA:14,(anonymous_2)
FNDA:163,(anonymous_3)
FNDA:54,(anonymous_4)
FNDA:163,(anonymous_5)
DA:1,1
DA:2,1
DA:20,1
DA:37,170
DA:39,170
DA:46,170
DA:49,170
DA:50,14
DA:51,14
DA:53,14
DA:56,14
DA:58,14
DA:59,0
DA:67,170
DA:69,170
DA:70,54
DA:71,54
DA:75,170
DA:76,163
DA:79,170
DA:81,170
DA:82,14
DA:83,14
DA:84,14
DA:86,156
LF:25
LH:24
BRDA:46,0,0,170
BRDA:46,0,1,103
BRDA:49,1,0,14
BRDA:49,1,1,156
BRDA:58,2,0,0
BRDA:58,2,1,14
BRDA:70,3,0,60
BRDA:70,3,1,110
BRDA:79,4,0,151
BRDA:79,4,1,19
BRDA:79,5,0,170
BRDA:79,5,1,170
BRDA:81,6,0,14
BRDA:81,6,1,156
BRF:14
BRH:13
end_of_record
TN:
SF:packages/roosterjs-content-model-api/lib/publicApi/utils/formatTableWithContentModel.ts
FN:26,formatTableWithContentModel
FN:33,(anonymous_1)
FNF:2
FNH:2
FNDA:8,formatTableWithContentModel
FNDA:8,(anonymous_1)
DA:1,1
DA:2,1
DA:26,1
DA:32,8
DA:34,8
DA:36,8
DA:37,6
DA:39,6
DA:41,6
DA:42,3
DA:44,3
DA:45,3
DA:47,3
DA:48,3
DA:49,3
DA:53,6
DA:55,6
DA:56,2
DA:59,6
DA:61,2
LF:20
LH:20
BRDA:36,0,0,6
BRDA:36,0,1,2
BRDA:41,1,0,3
BRDA:41,1,1,3
BRDA:44,2,0,3
BRDA:44,2,1,0
BRDA:55,3,0,2
BRDA:55,3,1,4
BRF:8
BRH:7
end_of_record
TN:
SF:packages/roosterjs-content-model-api/lib/publicApi/utils/formatTextSegmentBeforeSelectionMarker.ts
FN:18,formatTextSegmentBeforeSelectionMarker
FN:31,(anonymous_1)
FN:46,(anonymous_2)
FNF:3
FNH:3
FNDA:35,formatTextSegmentBeforeSelectionMarker
FNDA:35,(anonymous_1)
FNDA:32,(anonymous_2)
DA:1,1
DA:18,1
DA:29,35
DA:31,35
DA:32,35
DA:36,35
DA:38,35
DA:43,32
DA:47,32
DA:49,32
DA:50,30
DA:51,30
DA:63,35
DA:66,35
LF:14
LH:14
BRDA:38,0,0,32
BRDA:38,0,1,3
BRDA:39,1,0,35
BRDA:39,1,1,32
BRDA:39,1,2,32
BRDA:49,2,0,30
BRDA:49,2,1,2
BRDA:49,3,0,32
BRDA:49,3,1,31
BRF:9
BRH:9
end_of_record
TN:
SF:packages/roosterjs-content-model-core/lib/index.ts
FN:2,(anonymous_0)
FN:5,(anonymous_1)
FN:6,(anonymous_2)
FN:7,(anonymous_3)
FN:8,(anonymous_4)
FN:9,(anonymous_5)
FNF:6
FNH:4
FNDA:78,(anonymous_0)
FNDA:0,(anonymous_1)
FNDA:0,(anonymous_2)
FNDA:3,(anonymous_3)
FNDA:3,(anonymous_4)
FNDA:6,(anonymous_5)
DA:2,79
DA:5,1
DA:6,1
DA:7,4
DA:8,4
DA:9,7
LF:6
LH:6
BRF:0
BRH:0
end_of_record
TN:
SF:packages/roosterjs-content-model-core/lib/command/createModelFromHtml/convertInlineCss.ts
FN:18,splitSelectors
FN:20,(anonymous_1)
FN:26,retrieveCssRules
FN:30,(anonymous_3)
FN:53,convertInlineCss
FN:67,(anonymous_6)
FNF:6
FNH:6
FNDA:31,splitSelectors
FNDA:31,(anonymous_1)
FNDA:34,retrieveCssRules
FNDA:8,(anonymous_3)
FNDA:33,convertInlineCss
FNDA:79,(anonymous_6)
DA:1,1
DA:19,31
DA:20,31
DA:26,1
DA:27,34
DA:28,34
DA:30,34
DA:31,8
DA:33,8
DA:34,34
DA:36,34
DA:37,31
DA:44,8
DA:47,34
DA:53,1
DA:54,41
DA:55,41
DA:57,42
DA:58,42
DA:59,0
DA:62,42
DA:67,42
DA:68,79
LF:23
LH:22
BRDA:36,0,0,31
BRDA:36,0,1,3
BRDA:36,1,0,34
BRDA:36,1,1,31
BRDA:44,2,0,0
BRDA:44,2,1,8
BRDA:44,3,0,8
BRDA:44,3,1,8
BRDA:58,4,0,0
BRDA:58,4,1,42
BRDA:58,5,0,42
BRDA:58,5,1,42
BRDA:68,6,0,79
BRDA:68,6,1,19
BRF:14
BRH:12
end_of_record
TN:
SF:packages/roosterjs-content-model-core/lib/command/createModelFromHtml/createDomToModelContextForSanitizing.ts
FN:29,createDomToModelContextForSanitizing
FNF:1
FNH:1
FNDA:31,createDomToModelContextForSanitizing
DA:1,1
DA:2,1
DA:3,1
DA:4,1
DA:5,1
DA:6,1
DA:7,1
DA:8,1
DA:16,1
DA:29,1
DA:35,31
DA:40,31
LF:12
LH:12
BRF:0
BRH:0
end_of_record
TN:
SF:packages/roosterjs-content-model-core/lib/command/createModelFromHtml/createModelFromHtml.ts
FN:18,createModelFromHtml
FNF:1
FNH:1
FNDA:6,createModelFromHtml
DA:1,1
DA:2,1
DA:3,1
DA:18,1
DA:24,6
DA:28,6
DA:29,4
DA:35,4
DA:37,4
DA:38,4
DA:40,4
DA:42,2
LF:12
LH:12
BRDA:25,0,0,4
BRDA:25,0,1,2
BRDA:25,1,0,1
BRDA:25,1,1,3
BRDA:25,2,0,4
BRDA:25,2,1,4
BRDA:25,3,0,3
BRDA:25,3,1,1
BRDA:25,4,0,4
BRDA:25,4,1,4
BRDA:28,5,0,4
BRDA:28,5,1,2
BRDA:28,6,0,2
BRDA:28,6,1,4
BRDA:28,7,0,6
BRDA:28,7,1,4
BRDA:35,8,0,4
BRDA:35,8,1,0
BRF:18
BRH:17
end_of_record
TN:
SF:packages/roosterjs-content-model-core/lib/command/createModelFromHtml/sanitizeElement.ts
FN:269,sanitizeElement
FN:314,createSanitizedElement
FN:354,processStyles
FN:362,(anonymous_3)
FN:396,processCssVariable
FN:401,isCssVariable
FNF:6
FNH:5
FNDA:82,sanitizeElement
FNDA:79,createSanitizedElement
FNDA:21,processStyles
FNDA:29,(anonymous_3)
FNDA:0,processCssVariable
FNDA:24,isCssVariable
DA:1,1
DA:7,1
DA:114,1
DA:138,1
DA:139,1
DA:141,1
DA:213,1
DA:269,1
DA:276,82
DA:278,82
DA:288,82
DA:289,77
DA:290,102
DA:302,102
DA:303,98
DA:308,82
DA:314,1
DA:321,79
DA:323,79
DA:324,38
DA:325,38
DA:326,38
DA:328,38
DA:330,38
DA:342,38
DA:347,28
DA:351,79
DA:359,21
DA:360,21
DA:362,21
DA:363,29
DA:364,29
DA:365,29
DA:367,29
DA:368,24
DA:369,0
DA:372,24
DA:374,24
DA:380,24
DA:388,19
DA:393,21
DA:397,0
DA:398,0
DA:402,24
LF:44
LH:41
BRDA:279,0,0,5
BRDA:279,0,1,77
BRDA:282,1,0,74
BRDA:282,1,1,3
BRDA:288,2,0,77
BRDA:288,2,1,5
BRDA:291,3,0,41
BRDA:291,3,1,61
BRDA:299,4,0,60
BRDA:299,4,1,1
BRDA:302,5,0,98
BRDA:302,5,1,4
BRDA:303,6,0,0
BRDA:303,6,1,98
BRDA:303,7,0,98
BRDA:303,7,1,98
BRDA:328,8,0,32
BRDA:328,8,1,6
BRDA:328,9,0,38
BRDA:328,9,1,38
BRDA:331,10,0,21
BRDA:331,10,1,17
BRDA:333,11,0,3
BRDA:333,11,1,14
BRDA:335,12,0,2
BRDA:335,12,1,12
BRDA:336,13,0,1
BRDA:336,13,1,1
BRDA:339,14,0,5
BRDA:339,14,1,7
BRDA:338,15,0,12
BRDA:338,15,1,7
BRDA:342,16,0,28
BRDA:342,16,1,10
BRDA:343,17,0,38
BRDA:343,17,1,30
BRDA:343,17,2,30
BRDA:367,18,0,24
BRDA:367,18,1,5
BRDA:367,19,0,29
BRDA:367,19,1,24
BRDA:368,20,0,0
BRDA:368,20,1,24
BRDA:372,21,0,19
BRDA:372,21,1,5
BRDA:372,22,0,24
BRDA:372,22,1,24
BRDA:375,23,0,3
BRDA:375,23,1,21
BRDA:377,24,0,1
BRDA:377,24,1,20
BRDA:380,25,0,19
BRDA:380,25,1,5
BRDA:381,26,0,24
BRDA:381,26,1,22
BRDA:381,26,2,22
BRDA:381,26,3,22
BRDA:381,26,4,21
BRDA:381,26,5,21
BRDA:398,27,0,0
BRDA:398,27,1,0
BRDA:398,28,0,0
BRDA:398,28,1,0
BRDA:398,29,0,0
BRDA:398,29,1,0
BRF:65
BRH:57
end_of_record
TN:
SF:packages/roosterjs-content-model-core/lib/command/exportContent/exportContent.ts
FN:41,exportContent
FNF:1
FNH:1
FNDA:5,exportContent
DA:1,1
DA:41,1
DA:43,5
DA:46,5
DA:47,1
DA:49,4
DA:51,4
DA:52,2
DA:58,2
DA:59,2
DA:61,2
DA:71,2
DA:73,2
LF:13
LH:13
BRDA:43,0,0,0
BRDA:43,0,1,5
BRDA:46,1,0,1
BRDA:46,1,1,4
BRDA:51,2,0,2
BRDA:51,2,1,2
BRF:6
BRH:5
end_of_record
TN:
SF:packages/roosterjs-content-model-core/lib/command/paste/createPasteFragment.ts
FN:11,createPasteFragment
FN:32,(anonymous_1)
FN:73,transformTabCharacters
FNF:3
FNH:3
FNDA:35,createPasteFragment
FNDA:14,(anonymous_1)
FNDA:3,transformTabCharacters
DA:1,1
DA:4,1
DA:5,1
DA:6,1
DA:11,1
DA:17,70
DA:18,35
DA:20,35
DA:25,3
DA:26,3
DA:27,3
DA:28,3
DA:29,32
DA:30,18
DA:31,14
DA:32,7
DA:33,14
DA:39,14
DA:40,3
DA:43,14
DA:49,14
DA:51,2
DA:52,2
DA:53,12
DA:55,3
DA:60,9
DA:65,35
DA:73,6
DA:74,3
DA:76,3
DA:77,4
DA:78,4
DA:79,4
DA:80,4
DA:81,4
DA:83,3
LF:36
LH:36
BRDA:20,0,0,3
BRDA:20,0,1,32
BRDA:21,1,0,35
BRDA:21,1,1,3
BRDA:21,1,2,33
BRDA:21,1,3,19
BRDA:21,1,4,8
BRDA:29,2,0,18
BRDA:29,2,1,14
BRDA:29,3,0,32
BRDA:29,3,1,18
BRDA:31,4,0,7
BRDA:31,4,1,7
BRDA:39,5,0,3
BRDA:39,5,1,11
BRDA:49,6,0,2
BRDA:49,6,1,12
BRDA:49,7,0,14
BRDA:49,7,1,4
BRDA:53,8,0,3
BRDA:53,8,1,9
BRDA:53,9,0,12
BRDA:53,9,1,7
BRDA:56,10,0,0
BRDA:56,10,1,3
BRDA:73,11,0,3
BRDA:73,11,1,0
BRF:27
BRH:25
end_of_record
TN:
SF:packages/roosterjs-content-model-core/lib/command/paste/generatePasteOptionFromPlugins.ts
FN:13,generatePasteOptionFromPlugins
FNF:1
FNH:1
FNDA:26,generatePasteOptionFromPlugins
DA:13,1
DA:20,26
DA:30,26
DA:41,26
LF:4
LH:4
BRDA:34,0,0,25
BRDA:34,0,1,1
BRDA:34,1,0,26
BRDA:34,1,1,26
BRDA:35,2,0,25
BRDA:35,2,1,1
BRDA:35,3,0,26
BRDA:35,3,1,26
BRDA:42,4,0,7
BRDA:42,4,1,19
BRF:10
BRH:10
end_of_record
TN:
SF:packages/roosterjs-content-model-core/lib/command/paste/mergePasteContent.ts
FN:36,(anonymous_0)
FN:42,cloneModelForPaste
FN:49,mergePasteContent
FN:57,(anonymous_3)
FN:97,(anonymous_4)
FN:104,shouldMergeTable
FNF:6
FNH:6
FNDA:10,(anonymous_0)
FNDA:44,cloneModelForPaste
FNDA:27,mergePasteContent
FNDA:27,(anonymous_3)
FNDA:27,(anonymous_4)
FNDA:27,shouldMergeTable
DA:1,1
DA:2,1
DA:21,1
DA:35,1
DA:36,10
DA:42,1
DA:43,44
DA:49,1
DA:54,108
DA:56,27
DA:58,27
DA:59,22
DA:60,22
DA:63,27
DA:64,27
DA:71,27
DA:75,27
DA:76,27
DA:81,27
DA:85,27
DA:86,23
DA:93,27
DA:97,27
DA:106,27
DA:113,0
DA:116,27
LF:26
LH:25
BRDA:36,0,0,10
BRDA:36,0,1,0
BRDA:58,1,0,22
BRDA:58,1,1,5
BRDA:72,2,0,24
BRDA:72,2,1,3
BRDA:77,3,0,1
BRDA:77,3,1,26
BRDA:82,4,0,1
BRDA:82,4,1,26
BRDA:85,5,0,23
BRDA:85,5,1,4
BRDA:106,6,0,0
BRDA:106,6,1,27
BRDA:107,7,0,27
BRDA:107,7,1,2
BRDA:107,7,2,0
BRDA:107,7,3,0
BRDA:107,7,4,0
BRDA:116,8,0,27
BRDA:116,8,1,15
BRF:21
BRH:16
end_of_record
TN:
SF:packages/roosterjs-content-model-core/lib/command/paste/paste.ts
FN:19,paste
FN:29,(anonymous_1)
FN:69,createDOMFromHtml
FNF:3
FNH:3
FNDA:22,paste
FNDA:22,(anonymous_1)
FNDA:29,createDOMFromHtml
DA:1,1
DA:2,1
DA:3,1
DA:4,1
DA:5,1
DA:19,1
DA:22,37
DA:24,22
DA:26,22
DA:28,22
DA:29,22
DA:30,22
DA:32,22
DA:37,22
DA:40,22
DA:43,22
DA:54,22
DA:63,22
DA:66,22
DA:73,29
LF:20
LH:20
BRDA:22,0,0,15
BRDA:22,0,1,7
BRDA:28,1,0,22
BRDA:28,1,1,0
BRDA:50,2,0,0
BRDA:50,2,1,22
BRDA:47,3,0,22
BRDA:47,3,1,22
BRDA:48,4,0,15
BRDA:48,4,1,7
BRDA:73,5,0,29
BRDA:73,5,1,0
BRF:12
BRH:9
end_of_record
TN:
SF:packages/roosterjs-content-model-core/lib/command/paste/retrieveHtmlInfo.ts
FN:22,retrieveHtmlInfo
FN:44,retrieveTopLevelTags
FN:62,retrieveMetadata
FN:66,(anonymous_3)
FN:70,(anonymous_4)
FN:77,retrieveHtmlStrings
FNF:6
FNH:6
FNDA:32,retrieveHtmlInfo
FNDA:31,retrieveTopLevelTags
FNDA:31,retrieveMetadata
FNDA:14,(anonymous_3)
FNDA:17,(anonymous_4)
FNDA:31,retrieveHtmlStrings
DA:1,1
DA:2,1
DA:6,1
DA:7,1
DA:22,1
DA:26,32
DA:31,32
DA:32,31
DA:38,31
DA:41,32
DA:45,31
DA:47,31
DA:48,82
DA:49,41
DA:51,41
DA:52,27
DA:54,41
DA:55,32
DA:59,31
DA:63,31
DA:64,31
DA:66,31
DA:67,14
DA:70,31
DA:71,17
DA:74,31
DA:83,31
DA:84,31
DA:85,31
DA:86,31
DA:87,31
DA:89,31
DA:90,8
DA:91,8
DA:92,8
DA:94,23
DA:97,31
LF:37
LH:37
BRDA:31,0,0,31
BRDA:31,0,1,1
BRDA:48,1,0,41
BRDA:48,1,1,41
BRDA:49,2,0,0
BRDA:49,2,1,41
BRDA:49,3,0,41
BRDA:49,3,1,41
BRDA:51,4,0,27
BRDA:51,4,1,14
BRDA:54,5,0,32
BRDA:54,5,1,9
BRDA:64,6,0,0
BRDA:64,6,1,31
BRDA:64,7,0,31
BRDA:64,7,1,31
BRDA:66,8,0,31
BRDA:66,8,1,0
BRDA:83,9,0,31
BRDA:83,9,1,0
BRDA:83,10,0,31
BRDA:83,10,1,31
BRDA:89,11,0,8
BRDA:89,11,1,23
BRDA:89,12,0,31
BRDA:89,12,1,9
BRF:26
BRH:22
end_of_record
TN:
SF:packages/roosterjs-content-model-core/lib/command/redo/redo.ts
FN:7,redo
FNF:1
FNH:1
FNDA:3,redo
DA:7,1
DA:8,3
DA:10,3
DA:11,3
DA:13,3
DA:14,1
LF:6
LH:6
BRDA:13,0,0,1
BRDA:13,0,1,2
BRF:2
BRH:2
end_of_record
TN:
SF:packages/roosterjs-content-model-core/lib/command/undo/undo.ts
FN:7,undo
FNF:1
FNH:1
FNDA:3,undo
DA:7,1
DA:8,3
DA:10,3
DA:12,3
DA:13,1
DA:16,3
DA:18,3
DA:19,1
LF:8
LH:8
BRDA:12,0,0,1
BRDA:12,0,1,2
BRDA:18,1,0,1
BRDA:18,1,1,2
BRF:4
BRH:4
end_of_record
TN:
SF:packages/roosterjs-content-model-core/lib/coreApi/coreApiMap.ts
FNF:0
FNH:0
DA:1,1
DA:2,1
DA:3,1
DA:4,1
DA:5,1
DA:6,1
DA:7,1
DA:8,1
DA:9,1
DA:10,1
DA:11,1
DA:12,1
DA:13,1
DA:14,1
DA:15,1
DA:16,1
DA:23,1
LF:17
LH:17
BRF:0
BRH:0
end_of_record
TN:
SF:packages/roosterjs-content-model-core/lib/coreApi/addUndoSnapshot/addUndoSnapshot.ts
FN:19,(anonymous_0)
FNF:1
FNH:1
FNDA:201,(anonymous_0)
DA:1,1
DA:7,1
DA:8,1
DA:19,1
DA:20,804
DA:21,201
DA:23,201
DA:25,200
DA:26,200
DA:29,200
DA:30,2
DA:31,2
DA:32,1
DA:33,1
DA:34,1
DA:46,1
DA:49,1
DA:50,0
DA:62,200
DA:69,200
DA:70,2
DA:73,200
DA:74,200
DA:77,201
LF:24
LH:23
BRDA:23,0,0,200
BRDA:23,0,1,1
BRDA:29,1,0,2
BRDA:29,1,1,198
BRDA:31,2,0,1
BRDA:31,2,1,1
BRDA:31,3,0,2
BRDA:31,3,1,1
BRDA:33,4,0,1
BRDA:33,4,1,0
BRDA:33,5,0,1
BRDA:33,5,1,1
BRDA:49,6,0,0
BRDA:49,6,1,1
BRDA:69,7,0,2
BRDA:69,7,1,198
BRF:16
BRH:14
end_of_record
TN:
SF:packages/roosterjs-content-model-core/lib/coreApi/addUndoSnapshot/createSnapshotSelection.ts
FN:8,createSnapshotSelection
FN:75,normalizeTableTree
FN:90,normalizeTable
FN:129,(anonymous_3)
FNF:4
FNH:4
FNDA:219,createSnapshotSelection
FNDA:172,normalizeTableTree
FNDA:52,normalizeTable
FNDA:6,(anonymous_3)
DA:1,1
DA:3,1
DA:8,1
DA:9,438
DA:10,219
DA:13,219
DA:14,163
DA:15,163
DA:17,163
DA:18,9
DA:21,163
DA:22,15
DA:24,15
DA:25,15
DA:26,15
DA:38,219
DA:40,7
DA:46,3
DA:56,163
DA:58,163
DA:66,46
DA:76,172
DA:77,172
DA:79,172
DA:80,570
DA:81,52
DA:84,570
DA:87,172
DA:91,52
DA:92,52
DA:94,52
DA:95,102
DA:97,102
DA:99,23
DA:100,11
DA:101,11
DA:104,23
DA:105,23
DA:106,23
DA:108,23
DA:110,50
DA:111,8
DA:112,8
DA:113,8
DA:114,8
DA:116,42
DA:118,50
DA:120,29
DA:121,29
DA:125,52
DA:126,52
DA:128,52
DA:129,12
DA:130,6
DA:131,1
DA:136,52
LF:56
LH:56
BRDA:13,0,0,163
BRDA:13,0,1,56
BRDA:13,1,0,46
BRDA:13,1,1,173
BRDA:13,2,0,219
BRDA:13,2,1,173
BRDA:17,3,0,9
BRDA:17,3,1,154
BRDA:18,4,0,9
BRDA:18,4,1,9
BRDA:21,5,0,15
BRDA:21,5,1,148
BRDA:39,6,0,7
BRDA:39,6,1,3
BRDA:39,6,2,163
BRDA:39,6,3,46
BRDA:38,7,0,46
BRDA:38,7,1,173
BRDA:38,8,0,219
BRDA:38,8,1,173
BRDA:79,9,0,742
BRDA:79,9,1,708
BRDA:80,10,0,52
BRDA:80,10,1,518
BRDA:80,11,0,570
BRDA:80,11,1,526
BRDA:81,12,0,52
BRDA:81,12,1,36
BRDA:95,13,0,102
BRDA:95,13,1,0
BRDA:98,14,0,23
BRDA:98,14,1,50
BRDA:98,14,2,29
BRDA:99,15,0,11
BRDA:99,15,1,12
BRDA:110,16,0,8
BRDA:110,16,1,42
BRDA:112,17,0,0
BRDA:112,17,1,8
BRDA:112,18,0,8
BRDA:112,18,1,8
BRDA:128,19,0,12
BRDA:128,19,1,40
BRDA:130,20,0,1
BRDA:130,20,1,5
BRF:45
BRH:43
end_of_record
TN:
SF:packages/roosterjs-content-model-core/lib/coreApi/addUndoSnapshot/getPath.ts
FN:17,getPath
FNF:1
FNH:1
FNDA:328,getPath
DA:1,1
DA:17,1
DA:18,328
DA:21,328
DA:22,0
DA:25,328
DA:26,81
DA:28,81
DA:29,5
DA:30,5
DA:33,81
DA:35,247
DA:36,247
DA:39,328
DA:40,1004
DA:41,1004
DA:43,1004
DA:44,196
DA:45,22
DA:46,2
DA:49,20
DA:51,174
DA:54,194
DA:57,1004
DA:58,1004
DA:59,1004
DA:62,328
LF:27
LH:26
BRDA:21,0,0,0
BRDA:21,0,1,328
BRDA:21,1,0,328
BRDA:21,1,1,328
BRDA:25,2,0,81
BRDA:25,2,1,247
BRDA:28,3,0,86
BRDA:28,3,1,6
BRDA:29,4,0,5
BRDA:29,4,1,0
BRDA:29,5,0,0
BRDA:29,5,1,5
BRDA:29,6,0,5
BRDA:29,6,1,5
BRDA:60,7,0,1004
BRDA:60,7,1,1004
BRDA:43,8,0,1004
BRDA:43,8,1,1
BRDA:43,9,0,0
BRDA:43,9,1,1004
BRDA:43,10,0,1004
BRDA:43,10,1,1004
BRDA:43,11,0,1200
BRDA:43,11,1,1179
BRDA:44,12,0,22
BRDA:44,12,1,174
BRDA:45,13,0,2
BRDA:45,13,1,20
BRDA:45,14,0,22
BRDA:45,14,1,22
BRDA:45,15,0,0
BRDA:45,15,1,22
BRDA:45,16,0,22
BRDA:45,16,1,22
BRDA:59,17,0,1004
BRDA:59,17,1,58
BRDA:59,18,0,0
BRDA:59,18,1,1004
BRDA:59,19,0,1004
BRDA:59,19,1,1004
BRF:40
BRH:34
end_of_record
TN:
SF:packages/roosterjs-content-model-core/lib/coreApi/announce/announce.ts
FN:9,(anonymous_0)
FN:31,formatString
FN:36,(anonymous_2)
FN:45,createAriaLiveElement
FNF:4
FNH:4
FNDA:7,(anonymous_0)
FNDA:7,formatString
FNDA:4,(anonymous_2)
FNDA:5,createAriaLiveElement
DA:9,1
DA:10,21
DA:11,7
DA:12,7
DA:13,7
DA:15,7
DA:16,6
DA:18,6
DA:19,5
DA:20,5
DA:22,5
DA:25,6
DA:26,6
DA:32,7
DA:33,1
DA:36,6
DA:37,4
DA:38,4
DA:39,4
DA:42,6
DA:46,5
DA:48,5
DA:49,5
DA:50,5
DA:51,5
DA:52,5
DA:53,5
DA:54,5
DA:55,5
DA:57,5
DA:59,5
LF:31
LH:31
BRDA:10,0,0,5
BRDA:10,0,1,2
BRDA:12,1,0,7
BRDA:12,1,1,3
BRDA:12,2,0,0
BRDA:12,2,1,3
BRDA:12,3,0,3
BRDA:12,3,1,3
BRDA:13,4,0,7
BRDA:13,4,1,4
BRDA:15,5,0,6
BRDA:15,5,1,1
BRDA:18,6,0,5
BRDA:18,6,1,1
BRDA:18,7,0,6
BRDA:18,7,1,2
BRDA:19,8,0,4
BRDA:19,8,1,1
BRDA:19,9,0,5
BRDA:19,9,1,5
BRDA:19,10,0,4
BRDA:19,10,1,1
BRDA:19,11,0,5
BRDA:19,11,1,5
BRDA:25,12,0,6
BRDA:25,12,1,0
BRDA:32,13,0,1
BRDA:32,13,1,6
BRDA:39,14,0,4
BRDA:39,14,1,0
BRDA:39,15,0,4
BRDA:39,15,1,4
BRF:32
BRH:29
end_of_record
TN:
SF:packages/roosterjs-content-model-core/lib/coreApi/attachDomEvent/attachDomEvent.ts
FN:12,(anonymous_0)
FN:13,(anonymous_1)
FN:16,(anonymous_2)
FN:35,(anonymous_3)
FN:40,(anonymous_4)
FN:40,(anonymous_5)
FNF:6
FNH:6
FNDA:461,(anonymous_0)
FNDA:1611,(anonymous_1)
FNDA:12,(anonymous_2)
FNDA:1263,(anonymous_3)
FNDA:363,(anonymous_4)
FNDA:1263,(anonymous_5)
DA:1,1
DA:12,1
DA:13,461
DA:14,1611
DA:15,1611
DA:16,1611
DA:17,12
DA:18,11
DA:21,12
DA:22,2
DA:33,1611
DA:35,1611
DA:36,1263
DA:40,1263
LF:14
LH:14
BRDA:13,0,0,461
BRDA:13,0,1,1
BRDA:17,1,0,11
BRDA:17,1,1,1
BRDA:21,2,0,2
BRDA:21,2,1,10
BRF:6
BRH:6
end_of_record
TN:
SF:packages/roosterjs-content-model-core/lib/coreApi/createContentModel/createContentModel.ts
FN:17,(anonymous_0)
FNF:1
FNH:1
FNDA:222,(anonymous_0)
DA:1,1
DA:2,1
DA:17,1
DA:19,222
DA:21,222
DA:22,180
DA:24,180
DA:26,81
DA:33,141
DA:36,141
DA:37,141
DA:38,141
DA:39,141
DA:43,141
DA:44,113
DA:47,141
DA:49,141
DA:50,97
DA:51,97
DA:54,141
LF:20
LH:20
BRDA:19,0,0,47
BRDA:19,0,1,175
BRDA:19,1,0,222
BRDA:19,1,1,222
BRDA:21,2,0,180
BRDA:21,2,1,42
BRDA:21,3,0,222
BRDA:21,3,1,198
BRDA:21,3,2,22
BRDA:24,4,0,81
BRDA:24,4,1,99
BRDA:27,5,0,3
BRDA:27,5,1,78
BRDA:34,6,0,1
BRDA:34,6,1,140
BRDA:35,7,0,140
BRDA:35,7,1,117
BRDA:35,7,2,27
BRDA:36,8,0,141
BRDA:36,8,1,110
BRDA:40,9,0,31
BRDA:40,9,1,110
BRDA:43,10,0,113
BRDA:43,10,1,28
BRDA:49,11,0,97
BRDA:49,11,1,44
BRF:26
BRH:26
end_of_record
TN:
SF:packages/roosterjs-content-model-core/lib/coreApi/createEditorContext/createEditorContext.ts
FN:8,(anonymous_0)
FNF:1
FNH:1
FNDA:264,(anonymous_0)
DA:1,1
DA:8,1
DA:9,1584
DA:11,264
DA:13,264
DA:26,264
DA:27,1
DA:30,264
LF:8
LH:8
BRDA:11,0,0,264
BRDA:11,0,1,235
BRDA:16,1,0,11
BRDA:16,1,1,253
BRDA:16,2,0,264
BRDA:16,2,1,16
BRDA:20,3,0,234
[...]
FN:924,(anonymous_51)
FN:937,(anonymous_52)
FN:963,(anonymous_53)
FN:965,(anonymous_54)
FN:976,(anonymous_55)
FN:978,(anonymous_56)
FN:994,(anonymous_57)
FN:1016,(anonymous_58)
FN:1035,(anonymous_59)
FN:1048,(anonymous_60)
FN:1070,(anonymous_61)
FN:1084,(anonymous_62)
FN:1094,(anonymous_63)
FN:1113,(anonymous_64)
FN:1120,(anonymous_65)
FN:1129,(anonymous_66)
FN:1133,(anonymous_67)
FN:1137,(anonymous_68)
FN:1150,(anonymous_69)
FNF:70
FNH:4
FNDA:1,(anonymous_0)
FNDA:3,EditorAdapter
FNDA:3,(anonymous_2)
FNDA:1,(anonymous_3)
FNDA:0,(anonymous_4)
FNDA:0,(anonymous_5)
FNDA:0,(anonymous_6)
FNDA:0,(anonymous_7)
FNDA:0,(anonymous_8)
FNDA:0,(anonymous_9)
FNDA:0,(anonymous_10)
FNDA:0,(anonymous_11)
FNDA:0,(anonymous_12)
FNDA:0,(anonymous_13)
FNDA:0,(anonymous_14)
FNDA:0,(anonymous_15)
FNDA:0,(anonymous_16)
FNDA:0,(anonymous_17)
FNDA:0,(anonymous_18)
FNDA:0,(anonymous_19)
FNDA:0,(anonymous_20)
FNDA:0,(anonymous_21)
FNDA:0,(anonymous_22)
FNDA:0,(anonymous_23)
FNDA:0,(anonymous_24)
FNDA:0,(anonymous_25)
FNDA:0,(anonymous_26)
FNDA:0,(anonymous_27)
FNDA:0,(anonymous_28)
FNDA:0,(anonymous_29)
FNDA:0,(anonymous_30)
FNDA:0,(anonymous_31)
FNDA:0,(anonymous_32)
FNDA:0,(anonymous_33)
FNDA:0,(anonymous_34)
FNDA:0,(anonymous_35)
FNDA:0,(anonymous_36)
FNDA:0,(anonymous_37)
FNDA:0,(anonymous_38)
FNDA:0,(anonymous_39)
FNDA:0,(anonymous_40)
FNDA:0,(anonymous_41)
FNDA:0,(anonymous_42)
FNDA:0,(anonymous_43)
FNDA:0,(anonymous_44)
FNDA:0,(anonymous_45)
FNDA:0,(anonymous_46)
FNDA:0,(anonymous_47)
FNDA:0,(anonymous_48)
FNDA:0,(anonymous_49)
FNDA:0,(anonymous_50)
FNDA:0,(anonymous_51)
FNDA:0,(anonymous_52)
FNDA:0,(anonymous_53)
FNDA:0,(anonymous_54)
FNDA:0,(anonymous_55)
FNDA:0,(anonymous_56)
FNDA:0,(anonymous_57)
FNDA:0,(anonymous_58)
FNDA:0,(anonymous_59)
FNDA:0,(anonymous_60)
FNDA:0,(anonymous_61)
FNDA:0,(anonymous_62)
FNDA:0,(anonymous_63)
FNDA:0,(anonymous_64)
FNDA:0,(anonymous_65)
FNDA:0,(anonymous_66)
FNDA:0,(anonymous_67)
FNDA:0,(anonymous_68)
FNDA:0,(anonymous_69)
DA:1,1
DA:2,1
DA:3,1
DA:4,1
DA:11,1
DA:16,1
DA:62,1
DA:76,1
DA:102,1
DA:113,1
DA:121,5
DA:122,3
DA:124,3
DA:126,3
DA:132,3
DA:133,3
DA:135,3
DA:143,3
DA:149,3
DA:155,1
DA:156,1
DA:158,1
DA:160,1
DA:161,1
DA:162,0
DA:164,0
DA:165,0
DA:168,0
DA:171,1
DA:179,1
DA:180,0
DA:193,1
DA:194,0
DA:195,0
DA:203,0
DA:205,0
DA:206,0
DA:209,0
DA:210,0
DA:212,0
DA:213,0
DA:221,0
DA:223,0
DA:224,0
DA:228,0
DA:230,0
DA:239,1
DA:241,0
DA:242,0
DA:243,0
DA:246,0
DA:256,1
DA:257,0
DA:259,0
DA:260,0
DA:261,0
DA:264,0
DA:266,0
DA:269,0
DA:277,1
DA:278,0
DA:281,1
DA:282,0
DA:283,0
DA:285,0
DA:288,1
DA:290,0
DA:296,0
DA:297,0
DA:298,0
DA:299,0
DA:301,0
DA:302,0
DA:303,0
DA:304,0
DA:307,0
DA:316,0
DA:330,1
DA:331,0
DA:343,1
DA:344,0
DA:352,1
DA:353,0
DA:355,0
DA:357,0
DA:364,0
DA:367,0
DA:376,1
DA:377,0
DA:378,0
DA:380,0
DA:389,0
DA:396,0
DA:398,0
DA:399,0
DA:407,0
DA:408,0
DA:421,1
DA:422,0
DA:423,0
DA:424,0
DA:428,0
DA:433,0
DA:434,0
DA:437,0
DA:438,0
DA:440,0
DA:447,1
DA:448,0
DA:449,0
DA:450,0
DA:452,0
DA:463,1
DA:465,0
DA:466,0
DA:467,0
DA:469,0
DA:493,1
DA:494,0
DA:496,0
DA:506,1
DA:507,0
DA:509,0
DA:517,1
DA:518,0
DA:519,0
DA:522,1
DA:528,0
DA:529,0
DA:530,0
DA:532,0
DA:533,0
DA:539,1
DA:540,0
DA:541,0
DA:542,0
DA:545,0
DA:546,0
DA:547,0
DA:550,0
DA:565,1
DA:570,0
DA:572,0
DA:574,0
DA:575,0
DA:576,0
DA:578,0
DA:591,1
DA:592,0
DA:598,1
DA:599,0
DA:600,0
DA:601,0
DA:602,0
DA:603,0
DA:605,0
DA:606,0
DA:614,1
DA:618,0
DA:619,0
DA:621,0
DA:622,0
DA:623,0
DA:628,0
DA:629,0
DA:630,0
DA:631,0
DA:632,0
DA:633,0
DA:634,0
DA:643,0
DA:646,0
DA:658,1
DA:661,0
DA:663,0
DA:667,0
DA:668,0
DA:670,0
DA:671,0
DA:672,0
DA:674,0
DA:683,1
DA:684,0
DA:687,0
DA:700,1
DA:701,0
DA:707,1
DA:708,0
DA:721,1
DA:727,0
DA:728,0
DA:729,0
DA:732,0
DA:733,0
DA:737,0
DA:742,0
DA:750,0
DA:751,0
DA:752,0
DA:753,0
DA:754,0
DA:759,0
DA:760,0
DA:762,0
DA:766,0
DA:767,0
DA:771,0
DA:772,0
DA:778,0
DA:781,0
DA:782,0
DA:784,0
DA:785,0
DA:786,0
DA:797,1
DA:798,0
DA:799,0
DA:818,1
DA:819,0
DA:820,0
DA:830,1
DA:831,0
DA:833,0
DA:848,1
DA:849,0
DA:856,1
DA:857,0
DA:858,0
DA:868,1
DA:869,0
DA:871,0
DA:872,0
DA:883,1
DA:884,0
DA:885,0
DA:886,0
DA:898,1
DA:899,0
DA:900,0
DA:901,0
DA:902,0
DA:906,0
DA:907,0
DA:916,1
DA:917,0
DA:924,1
DA:925,0
DA:937,1
DA:938,0
DA:939,0
DA:940,0
DA:941,0
DA:943,0
DA:944,0
DA:945,0
DA:947,0
DA:948,0
DA:949,0
DA:952,0
DA:956,0
DA:963,1
DA:964,0
DA:965,0
DA:966,0
DA:967,0
DA:968,0
DA:976,1
DA:977,0
DA:978,0
DA:979,0
DA:980,0
DA:981,0
DA:982,0
DA:983,0
DA:984,0
DA:994,1
DA:995,0
DA:997,0
DA:1016,1
DA:1017,0
DA:1019,0
DA:1035,1
DA:1048,1
DA:1050,0
DA:1054,0
DA:1056,0
DA:1057,0
DA:1070,1
DA:1071,0
DA:1084,1
DA:1085,0
DA:1094,1
DA:1095,0
DA:1096,0
DA:1098,0
DA:1099,0
DA:1113,1
DA:1114,0
DA:1120,1
DA:1121,0
DA:1122,0
DA:1129,1
DA:1130,0
DA:1133,1
DA:1134,0
DA:1135,0
DA:1137,0
DA:1138,0
DA:1140,0
DA:1143,0
DA:1150,1
DA:1151,0
DA:1152,0
DA:1155,0
DA:1157,1
LF:315
LH:79
BRDA:121,0,0,2
BRDA:121,0,1,1
BRDA:132,1,0,0
BRDA:132,1,1,3
BRDA:132,2,0,3
BRDA:132,2,1,3
BRDA:133,3,0,0
BRDA:133,3,1,3
BRDA:133,4,0,3
BRDA:133,4,1,3
BRDA:136,5,0,0
BRDA:136,5,1,3
BRDA:135,6,0,3
BRDA:135,6,1,0
BRDA:149,7,0,3
BRDA:149,7,1,3
BRDA:160,8,0,1
BRDA:160,8,1,0
BRDA:164,9,0,0
BRDA:164,9,1,0
BRDA:164,10,0,0
BRDA:164,10,1,0
BRDA:180,11,0,0
BRDA:180,11,1,0
BRDA:194,12,0,0
BRDA:194,12,1,0
BRDA:195,13,0,0
BRDA:195,13,1,0
BRDA:205,14,0,0
BRDA:205,14,1,0
BRDA:209,15,0,0
BRDA:209,15,1,0
BRDA:210,16,0,0
BRDA:210,16,1,0
BRDA:210,17,0,0
BRDA:210,17,1,0
BRDA:212,18,0,0
BRDA:212,18,1,0
BRDA:223,19,0,0
BRDA:223,19,1,0
BRDA:223,20,0,0
BRDA:223,20,1,0
BRDA:241,21,0,0
BRDA:241,21,1,0
BRDA:241,22,0,0
BRDA:241,22,1,0
BRDA:241,22,2,0
BRDA:259,23,0,0
BRDA:259,23,1,0
BRDA:259,24,0,0
BRDA:259,24,1,0
BRDA:260,25,0,0
BRDA:260,25,1,0
BRDA:260,26,0,0
BRDA:260,26,1,0
BRDA:264,27,0,0
BRDA:264,27,1,0
BRDA:264,28,0,0
BRDA:264,28,1,0
BRDA:282,29,0,0
BRDA:282,29,1,0
BRDA:290,30,0,0
BRDA:290,30,1,0
BRDA:298,31,0,0
BRDA:298,31,1,0
BRDA:299,32,0,0
BRDA:299,32,1,0
BRDA:301,33,0,0
BRDA:301,33,1,0
BRDA:302,34,0,0
BRDA:302,34,1,0
BRDA:352,35,0,0
BRDA:352,35,1,0
BRDA:353,36,0,0
BRDA:353,36,1,0
BRDA:353,37,0,0
BRDA:353,37,1,0
BRDA:356,38,0,0
BRDA:356,38,1,0
BRDA:356,38,2,0
BRDA:376,39,0,0
BRDA:376,39,1,0
BRDA:398,40,0,0
BRDA:398,40,1,0
BRDA:407,41,0,0
BRDA:407,41,1,0
BRDA:422,42,0,0
BRDA:422,42,1,0
BRDA:427,43,0,0
BRDA:427,43,1,0
BRDA:424,44,0,0
BRDA:424,44,1,0
BRDA:428,45,0,0
BRDA:428,45,1,0
BRDA:428,46,0,0
BRDA:428,46,1,0
BRDA:428,47,0,0
BRDA:428,47,1,0
BRDA:433,48,0,0
BRDA:433,48,1,0
BRDA:433,49,0,0
BRDA:433,49,1,0
BRDA:433,49,2,0
BRDA:449,50,0,0
BRDA:449,50,1,0
BRDA:449,51,0,0
BRDA:449,51,1,0
BRDA:465,52,0,0
BRDA:465,52,1,0
BRDA:466,53,0,0
BRDA:466,53,1,0
BRDA:467,54,0,0
BRDA:467,54,1,0
BRDA:473,55,0,0
BRDA:473,55,1,0
BRDA:475,56,0,0
BRDA:475,56,1,0
BRDA:477,57,0,0
BRDA:477,57,1,0
BRDA:493,58,0,0
BRDA:493,58,1,0
BRDA:496,59,0,0
BRDA:496,59,1,0
BRDA:496,60,0,0
BRDA:496,60,1,0
BRDA:496,61,0,0
BRDA:496,61,1,0
BRDA:519,62,0,0
BRDA:519,62,1,0
BRDA:540,63,0,0
BRDA:540,63,1,0
BRDA:540,64,0,0
BRDA:540,64,1,0
BRDA:541,65,0,0
BRDA:541,65,1,0
BRDA:541,66,0,0
BRDA:541,66,1,0
BRDA:541,67,0,0
BRDA:541,67,1,0
BRDA:541,68,0,0
BRDA:541,68,1,0
BRDA:546,69,0,0
BRDA:546,69,1,0
BRDA:570,70,0,0
BRDA:570,70,1,0
BRDA:581,71,0,0
BRDA:581,71,1,0
BRDA:573,72,0,0
BRDA:573,72,1,0
BRDA:573,73,0,0
BRDA:573,73,1,0
BRDA:573,74,0,0
BRDA:573,74,1,0
BRDA:574,75,0,0
BRDA:574,75,1,0
BRDA:576,76,0,0
BRDA:576,76,1,0
BRDA:576,77,0,0
BRDA:576,77,1,0
BRDA:579,78,0,0
BRDA:579,78,1,0
BRDA:598,79,0,0
BRDA:598,79,1,0
BRDA:603,80,0,0
BRDA:603,80,1,0
BRDA:618,81,0,0
BRDA:618,81,1,0
BRDA:628,82,0,0
BRDA:628,82,1,0
BRDA:630,83,0,0
BRDA:630,83,1,0
BRDA:632,84,0,0
BRDA:632,84,1,0
BRDA:638,85,0,0
BRDA:638,85,1,0
BRDA:661,86,0,0
BRDA:661,86,1,0
BRDA:670,87,0,0
BRDA:670,87,1,0
BRDA:672,88,0,0
BRDA:672,88,1,0
BRDA:672,89,0,0
BRDA:672,89,1,0
BRDA:684,90,0,0
BRDA:684,90,1,0
BRDA:732,91,0,0
BRDA:732,91,1,0
BRDA:737,92,0,0
BRDA:737,92,1,0
BRDA:738,93,0,0
BRDA:738,93,1,0
BRDA:738,93,2,0
BRDA:739,94,0,0
BRDA:739,94,1,0
BRDA:739,95,0,0
BRDA:739,95,1,0
BRDA:745,96,0,0
BRDA:745,96,1,0
BRDA:745,97,0,0
BRDA:745,97,1,0
BRDA:745,98,0,0
BRDA:745,98,1,0
BRDA:745,99,0,0
BRDA:745,99,1,0
BRDA:751,100,0,0
BRDA:751,100,1,0
BRDA:753,101,0,0
BRDA:753,101,1,0
BRDA:753,102,0,0
BRDA:753,102,1,0
BRDA:753,103,0,0
BRDA:753,103,1,0
BRDA:755,104,0,0
BRDA:755,104,1,0
BRDA:756,105,0,0
BRDA:756,105,1,0
BRDA:759,106,0,0
BRDA:759,106,1,0
BRDA:760,107,0,0
BRDA:760,107,1,0
BRDA:760,108,0,0
BRDA:760,108,1,0
BRDA:760,109,0,0
BRDA:760,109,1,0
BRDA:760,110,0,0
BRDA:760,110,1,0
BRDA:766,111,0,0
BRDA:766,111,1,0
BRDA:771,112,0,0
BRDA:771,112,1,0
BRDA:771,113,0,0
BRDA:771,113,1,0
BRDA:781,114,0,0
BRDA:781,114,1,0
BRDA:784,115,0,0
BRDA:784,115,1,0
BRDA:784,116,0,0
BRDA:784,116,1,0
BRDA:784,117,0,0
BRDA:784,117,1,0
BRDA:801,118,0,0
BRDA:801,118,1,0
BRDA:820,119,0,0
BRDA:820,119,1,0
BRDA:821,120,0,0
BRDA:821,120,1,0
BRDA:857,121,0,0
BRDA:857,121,1,0
BRDA:857,122,0,0
BRDA:857,122,1,0
BRDA:857,123,0,0
BRDA:857,123,1,0
BRDA:857,124,0,0
BRDA:857,124,1,0
BRDA:859,125,0,0
BRDA:859,125,1,0
BRDA:869,126,0,0
BRDA:869,126,1,0
BRDA:873,127,0,0
BRDA:873,127,1,0
BRDA:884,128,0,0
BRDA:884,128,1,0
BRDA:884,129,0,0
BRDA:884,129,1,0
BRDA:887,130,0,0
BRDA:887,130,1,0
BRDA:899,131,0,0
BRDA:899,131,1,0
BRDA:901,132,0,0
BRDA:901,132,1,0
BRDA:901,133,0,0
BRDA:901,133,1,0
BRDA:938,134,0,0
BRDA:938,134,1,0
BRDA:943,135,0,0
BRDA:943,135,1,0
BRDA:943,136,0,0
BRDA:943,136,1,0
BRDA:944,137,0,0
BRDA:944,137,1,0
BRDA:944,138,0,0
BRDA:944,138,1,0
BRDA:945,139,0,0
BRDA:945,139,1,0
BRDA:945,140,0,0
BRDA:945,140,1,0
BRDA:947,141,0,0
BRDA:947,141,1,0
BRDA:965,142,0,0
BRDA:965,142,1,0
BRDA:965,143,0,0
BRDA:965,143,1,0
BRDA:966,144,0,0
BRDA:966,144,1,0
BRDA:978,145,0,0
BRDA:978,145,1,0
BRDA:978,146,0,0
BRDA:978,146,1,0
BRDA:980,147,0,0
BRDA:980,147,1,0
BRDA:980,148,0,0
BRDA:980,148,1,0
BRDA:980,149,0,0
BRDA:980,149,1,0
BRDA:980,150,0,0
BRDA:980,150,1,0
BRDA:981,151,0,0
BRDA:981,151,1,0
BRDA:983,152,0,0
BRDA:983,152,1,0
BRDA:1050,153,0,0
BRDA:1050,153,1,0
BRDA:1056,154,0,0
BRDA:1056,154,1,0
BRDA:1060,155,0,0
BRDA:1060,155,1,0
BRDA:1095,156,0,0
BRDA:1095,156,1,0
BRDA:1095,157,0,0
BRDA:1095,157,1,0
BRDA:1098,158,0,0
BRDA:1098,158,1,0
BRDA:1151,159,0,0
BRDA:1151,159,1,0
BRF:324
BRH:13
end_of_record
TN:
SF:packages/roosterjs-editor-adapter/lib/editor/IgnoredPluginNames.ts
FNF:0
FNH:0
DA:5,1
LF:1
LH:1
BRF:0
BRH:0
end_of_record
TN:
SF:packages/roosterjs-editor-adapter/lib/editor/utils/buildRangeEx.ts
FN:14,buildRangeEx
FN:72,isSelectionRangeEx
FN:82,isTableSelectionOrNull
FN:94,isSelectionPath
FN:100,isNodePosition
FNF:5
FNH:0
FNDA:0,buildRangeEx
FNDA:0,isSelectionRangeEx
FNDA:0,isTableSelectionOrNull
FNDA:0,isSelectionPath
FNDA:0,isNodePosition
DA:1,1
DA:14,1
DA:21,0
DA:23,0
DA:24,0
DA:25,0
DA:26,0
DA:33,0
DA:34,0
DA:41,0
DA:56,0
DA:69,0
DA:73,0
DA:74,0
DA:83,0
DA:85,0
DA:95,0
DA:97,0
DA:101,0
DA:103,0
LF:20
LH:2
BRDA:23,0,0,0
BRDA:23,0,1,0
BRDA:25,1,0,0
BRDA:25,1,1,0
BRDA:25,2,0,0
BRDA:25,2,1,0
BRDA:31,3,0,0
BRDA:31,3,1,0
BRDA:31,4,0,0
BRDA:31,4,1,0
BRDA:33,5,0,0
BRDA:33,5,1,0
BRDA:33,6,0,0
BRDA:33,6,1,0
BRDA:42,7,0,0
BRDA:42,7,1,0
BRDA:44,8,0,0
BRDA:44,8,1,0
BRDA:46,9,0,0
BRDA:46,9,1,0
BRDA:48,10,0,0
BRDA:48,10,1,0
BRDA:47,11,0,0
BRDA:47,11,1,0
BRDA:57,12,0,0
BRDA:57,12,1,0
BRDA:75,13,0,0
BRDA:75,13,1,0
BRDA:75,13,2,0
BRDA:75,13,3,0
BRDA:86,14,0,0
BRDA:86,14,1,0
BRDA:86,14,2,0
BRDA:86,14,3,0
BRDA:86,14,4,0
BRDA:97,15,0,0
BRDA:97,15,1,0
BRDA:97,15,2,0
BRDA:97,15,3,0
BRDA:104,16,0,0
BRDA:104,16,1,0
BRDA:104,16,2,0
BRDA:104,16,3,0
BRF:43
BRH:0
end_of_record
TN:
SF:packages/roosterjs-editor-adapter/lib/editor/utils/createTableRanges.ts
FN:10,createTableRanges
FNF:1
FNH:1
FNDA:15,createTableRanges
DA:1,1
DA:10,1
DA:11,15
DA:12,75
DA:13,15
DA:15,15
DA:16,22
DA:17,38
DA:19,38
DA:20,24
DA:22,24
DA:23,24
DA:28,15
LF:13
LH:13
BRDA:17,0,0,2
BRDA:17,0,1,36
BRDA:17,1,0,38
BRDA:17,1,1,38
BRDA:19,2,0,24
BRDA:19,2,1,14
BRF:6
BRH:6
end_of_record
TN:
SF:packages/roosterjs-editor-adapter/lib/editor/utils/eventConverter.ts
FN:108,oldEventToNewEvent
FN:327,newEventToOldEvent
FN:398,(anonymous_2)
FN:400,(anonymous_3)
FN:541,announceDataOldToNew
FN:553,announceDataNewToOld
FNF:6
FNH:6
FNDA:34,oldEventToNewEvent
FNDA:34,newEventToOldEvent
FNDA:1,(anonymous_2)
FNDA:1,(anonymous_3)
FNDA:2,announceDataOldToNew
FNDA:1,announceDataNewToOld
DA:1,1
DA:2,1
DA:23,1
DA:30,1
DA:37,1
DA:43,1
DA:49,1
DA:64,1
DA:78,1
DA:108,1
DA:112,34
DA:114,1
DA:124,2
DA:130,1
DA:137,2
DA:138,2
DA:140,2
DA:164,1
DA:171,1
DA:179,2
DA:180,2
DA:199,1
DA:207,1
DA:217,7
DA:223,1
DA:229,1
DA:231,1
DA:244,1
DA:251,1
DA:260,3
DA:272,1
DA:278,1
DA:285,1
DA:293,1
DA:302,2
DA:304,2
DA:313,1
DA:320,1
DA:327,1
DA:328,34
DA:330,1
DA:340,2
DA:346,1
DA:354,2
DA:356,2
DA:371,2
DA:374,1
DA:381,1
DA:388,1
DA:390,1
DA:398,1
DA:400,1
DA:405,1
DA:413,1
DA:423,7
DA:430,2
DA:432,2
DA:443,1
DA:444,1
DA:445,1
DA:455,0
DA:459,1
DA:466,1
DA:475,3
DA:487,1
DA:493,1
DA:500,1
DA:508,1
DA:517,2
DA:519,2
DA:528,2
DA:537,0
DA:542,2
DA:554,1
LF:74
LH:72
BRDA:113,0,0,1
BRDA:113,0,1,2
BRDA:113,0,2,1
BRDA:113,0,3,2
BRDA:113,0,4,1
BRDA:113,0,5,1
BRDA:113,0,6,2
BRDA:113,0,7,1
BRDA:113,0,8,1
BRDA:113,0,9,7
BRDA:113,0,10,1
BRDA:113,0,11,1
BRDA:113,0,12,1
BRDA:113,0,13,1
BRDA:113,0,14,1
BRDA:113,0,15,2
BRDA:113,0,16,3
BRDA:113,0,17,1
BRDA:113,0,18,1
BRDA:113,0,19,1
BRDA:113,0,20,1
BRDA:113,0,21,2
BRDA:113,0,22,1
BRDA:113,0,23,1
BRDA:137,1,0,1
BRDA:137,1,1,1
BRDA:137,2,0,1
BRDA:137,2,1,1
BRDA:137,3,0,2
BRDA:137,3,1,2
BRDA:144,4,0,0
BRDA:144,4,1,2
BRDA:144,5,0,2
BRDA:144,5,1,2
BRDA:144,6,0,1
BRDA:144,6,1,1
BRDA:144,7,0,2
BRDA:144,7,1,2
BRDA:146,8,0,1
BRDA:146,8,1,1
BRDA:145,9,0,2
BRDA:145,9,1,2
BRDA:145,10,0,0
BRDA:145,10,1,2
BRDA:145,11,0,2
BRDA:145,11,1,2
BRDA:146,12,0,1
BRDA:146,12,1,1
BRDA:146,13,0,2
BRDA:146,13,1,2
BRDA:179,14,0,1
BRDA:179,14,1,1
BRDA:179,15,0,1
BRDA:179,15,1,1
BRDA:179,16,0,2
BRDA:179,16,1,2
BRDA:183,17,0,1
BRDA:183,17,1,1
BRDA:183,18,0,2
BRDA:183,18,1,2
BRDA:184,19,0,1
BRDA:184,19,1,1
BRDA:184,20,0,2
BRDA:184,20,1,2
BRDA:187,21,0,2
BRDA:187,21,1,0
BRDA:187,22,0,2
BRDA:187,22,1,2
BRDA:187,23,0,0
BRDA:187,23,1,2
BRDA:187,24,0,2
BRDA:187,24,1,2
BRDA:187,25,0,0
BRDA:187,25,1,2
BRDA:187,26,0,2
BRDA:187,26,1,2
BRDA:188,27,0,0
BRDA:188,27,1,0
BRDA:188,28,0,0
BRDA:188,28,1,0
BRDA:189,29,0,1
BRDA:189,29,1,1
BRDA:189,30,0,2
BRDA:189,30,1,2
BRDA:192,31,0,2
BRDA:192,31,1,0
BRDA:192,32,0,2
BRDA:192,32,1,2
BRDA:192,33,0,0
BRDA:192,33,1,2
BRDA:192,34,0,2
BRDA:192,34,1,2
BRDA:192,35,0,0
BRDA:192,35,1,0
BRDA:192,36,0,0
BRDA:192,36,1,0
BRDA:194,37,0,2
BRDA:194,37,1,0
BRDA:194,38,0,2
BRDA:194,38,1,2
BRDA:194,39,0,0
BRDA:194,39,1,2
BRDA:194,40,0,2
BRDA:194,40,1,2
BRDA:194,41,0,0
BRDA:194,41,1,2
BRDA:194,42,0,2
BRDA:194,42,1,2
BRDA:195,43,0,0
BRDA:195,43,1,0
BRDA:195,44,0,0
BRDA:195,44,1,0
BRDA:232,45,0,0
BRDA:232,45,1,1
BRDA:263,46,0,1
BRDA:263,46,1,2
BRDA:265,47,0,1
BRDA:265,47,1,1
BRDA:302,48,0,1
BRDA:302,48,1,1
BRDA:302,49,0,1
BRDA:302,49,1,1
BRDA:302,50,0,2
BRDA:302,50,1,2
BRDA:308,51,0,1
BRDA:308,51,1,1
BRDA:308,52,0,2
BRDA:308,52,1,2
BRDA:308,53,0,1
BRDA:308,53,1,1
BRDA:308,54,0,2
BRDA:308,54,1,2
BRDA:329,55,0,1
BRDA:329,55,1,2
BRDA:329,55,2,1
BRDA:329,55,3,2
BRDA:329,55,4,1
BRDA:329,55,5,1
BRDA:329,55,6,1
BRDA:329,55,7,1
BRDA:329,55,8,1
BRDA:329,55,9,7
BRDA:329,55,10,2
BRDA:329,55,11,1
BRDA:329,55,12,1
BRDA:329,55,13,1
BRDA:329,55,14,1
BRDA:329,55,15,2
BRDA:329,55,16,3
BRDA:329,55,17,1
BRDA:329,55,18,1
BRDA:329,55,19,1
BRDA:329,55,20,1
BRDA:329,55,21,2
BRDA:329,55,22,2
BRDA:329,55,23,0
BRDA:354,56,0,1
BRDA:354,56,1,1
BRDA:354,57,0,1
BRDA:354,57,1,1
BRDA:354,58,0,2
BRDA:354,58,1,2
BRDA:366,59,0,1
BRDA:366,59,1,1
BRDA:366,60,0,2
BRDA:366,60,1,2
BRDA:366,61,0,1
BRDA:366,61,1,1
BRDA:366,62,0,2
BRDA:366,62,1,2
BRDA:398,63,0,1
BRDA:398,63,1,0
BRDA:400,64,0,1
BRDA:400,64,1,0
BRDA:430,65,0,1
BRDA:430,65,1,1
BRDA:430,66,0,1
BRDA:430,66,1,1
BRDA:430,67,0,2
BRDA:430,67,1,2
BRDA:435,68,0,1
BRDA:435,68,1,1
BRDA:435,69,0,2
BRDA:435,69,1,2
BRDA:435,70,0,1
BRDA:435,70,1,1
BRDA:435,71,0,2
BRDA:435,71,1,2
BRDA:436,72,0,1
BRDA:436,72,1,1
BRDA:436,73,0,2
BRDA:436,73,1,2
BRDA:436,74,0,1
BRDA:436,74,1,1
BRDA:436,75,0,2
BRDA:436,75,1,2
BRDA:444,76,0,1
BRDA:444,76,1,0
BRDA:478,77,0,1
BRDA:478,77,1,2
BRDA:480,78,0,1
BRDA:480,78,1,1
BRDA:517,79,0,1
BRDA:517,79,1,1
BRDA:517,80,0,1
BRDA:517,80,1,1
BRDA:517,81,0,2
BRDA:517,81,1,2
BRDA:523,82,0,1
BRDA:523,82,1,1
BRDA:523,83,0,2
BRDA:523,83,1,2
BRDA:523,84,0,1
BRDA:523,84,1,1
BRDA:523,85,0,2
BRDA:523,85,1,2
BRDA:533,86,0,1
BRDA:533,86,1,1
BRDA:533,87,0,1
BRDA:533,87,1,1
BRDA:533,88,0,2
BRDA:533,88,1,2
BRDA:543,89,0,2
BRDA:543,89,1,0
BRDA:545,90,0,2
BRDA:545,90,1,0
BRDA:555,91,0,1
BRDA:555,91,1,0
BRDA:557,92,0,1
BRDA:557,92,1,0
BRF:230
BRH:199
end_of_record
TN:
SF:packages/roosterjs-editor-adapter/lib/editor/utils/insertNode.ts
FN:20,getInitialRange
FN:45,insertNode
FN:159,adjustInsertPositionRegionRoot
FN:187,adjustInsertPositionNewLine
FNF:4
FNH:0
FNDA:0,getInitialRange
FNDA:0,insertNode
FNDA:0,adjustInsertPositionRegionRoot
FNDA:0,adjustInsertPositionNewLine
DA:3,1
DA:28,0
DA:29,0
DA:31,0
DA:32,0
DA:33,0
DA:34,0
DA:35,0
DA:38,0
DA:45,1
DA:51,0
DA:54,0
DA:55,0
DA:57,0
DA:58,0
DA:59,0
DA:67,0
DA:70,0
DA:71,0
DA:76,0
DA:84,0
DA:88,0
DA:93,0
DA:94,0
DA:95,0
DA:96,0
DA:100,0
DA:104,0
DA:107,0
DA:108,0
DA:110,0
DA:113,0
DA:114,0
DA:115,0
DA:119,0
DA:120,0
DA:123,0
DA:124,0
DA:126,0
DA:127,0
DA:128,0
DA:132,0
DA:134,0
DA:138,0
DA:140,0
DA:141,0
DA:143,0
DA:144,0
DA:149,0
DA:164,0
DA:165,0
DA:167,0
DA:168,0
DA:169,0
DA:172,0
DA:173,0
DA:174,0
DA:175,0
DA:179,0
DA:180,0
DA:184,0
DA:192,0
DA:193,0
DA:194,0
DA:195,0
DA:196,0
DA:197,0
DA:199,0
LF:68
LH:2
BRDA:28,0,0,0
BRDA:28,0,1,0
BRDA:28,1,0,0
BRDA:28,1,1,0
BRDA:28,2,0,0
BRDA:28,2,1,0
BRDA:31,3,0,0
BRDA:31,3,1,0
BRDA:34,4,0,0
BRDA:34,4,1,0
BRDA:52,5,0,0
BRDA:52,5,1,0
BRDA:52,5,2,0
BRDA:52,5,3,0
BRDA:52,5,4,0
BRDA:57,6,0,0
BRDA:57,6,1,0
BRDA:58,7,0,0
BRDA:58,7,1,0
BRDA:59,8,0,0
BRDA:59,8,1,0
BRDA:60,9,0,0
BRDA:60,9,1,0
BRDA:60,9,2,0
BRDA:67,10,0,0
BRDA:67,10,1,0
BRDA:71,11,0,0
BRDA:71,11,1,0
BRDA:71,12,0,0
BRDA:71,12,1,0
BRDA:73,13,0,0
BRDA:73,13,1,0
BRDA:76,14,0,0
BRDA:76,14,1,0
BRDA:76,15,0,0
BRDA:76,15,1,0
BRDA:78,16,0,0
BRDA:78,16,1,0
BRDA:84,17,0,0
BRDA:84,17,1,0
BRDA:93,18,0,0
BRDA:93,18,1,0
BRDA:93,19,0,0
BRDA:93,19,1,0
BRDA:94,20,0,0
BRDA:94,20,1,0
BRDA:95,21,0,0
BRDA:95,21,1,0
BRDA:95,22,0,0
BRDA:95,22,1,0
BRDA:107,23,0,0
BRDA:107,23,1,0
BRDA:107,24,0,0
BRDA:107,24,1,0
BRDA:107,24,2,0
BRDA:114,25,0,0
BRDA:114,25,1,0
BRDA:119,26,0,0
BRDA:119,26,1,0
BRDA:119,27,0,0
BRDA:119,27,1,0
BRDA:126,28,0,0
BRDA:126,28,1,0
BRDA:126,29,0,0
BRDA:126,29,1,0
BRDA:128,30,0,0
BRDA:128,30,1,0
BRDA:129,31,0,0
BRDA:129,31,1,0
BRDA:138,32,0,0
BRDA:138,32,1,0
BRDA:143,33,0,0
BRDA:143,33,1,0
BRDA:143,34,0,0
BRDA:143,34,1,0
BRDA:150,35,0,0
BRDA:150,35,1,0
BRDA:167,36,0,0
BRDA:167,36,1,0
BRDA:168,37,0,0
BRDA:168,37,1,0
BRDA:168,38,0,0
BRDA:168,38,1,0
BRDA:172,39,0,0
BRDA:172,39,1,0
BRDA:173,40,0,0
BRDA:173,40,1,0
BRDA:179,41,0,0
BRDA:179,41,1,0
BRDA:193,42,0,0
BRDA:193,42,1,0
BRF:91
BRH:0
end_of_record
TN:
SF:packages/roosterjs-editor-adapter/lib/editor/utils/selectionConverter.ts
FN:12,convertRangeExToDomSelection
FN:51,convertDomSelectionToRangeEx
FNF:2
FNH:2
FNDA:6,convertRangeExToDomSelection
FNDA:3,convertDomSelectionToRangeEx
DA:1,1
DA:2,1
DA:12,1
DA:15,6
DA:17,1
DA:23,2
DA:32,2
DA:44,1
DA:51,1
DA:52,3
DA:54,0
DA:62,1
DA:69,1
DA:81,1
LF:14
LH:13
BRDA:16,0,0,1
BRDA:16,0,1,2
BRDA:16,0,2,2
BRDA:16,0,3,1
BRDA:15,1,0,1
BRDA:15,1,1,5
BRDA:15,2,0,6
BRDA:15,2,1,5
BRDA:24,3,0,1
BRDA:24,3,1,1
BRDA:33,4,0,1
BRDA:33,4,1,1
BRDA:53,5,0,0
BRDA:53,5,1,1
BRDA:53,5,2,1
BRDA:53,5,3,1
BRDA:52,6,0,1
BRDA:52,6,1,2
BRDA:52,7,0,3
BRDA:52,7,1,2
BRF:20
BRH:19
end_of_record
TN:
SF:packages/roosterjs/lib/createEditor.ts
FN:18,createEditor
FNF:1
FNH:1
FNDA:3,createEditor
DA:1,1
DA:2,1
DA:18,1
DA:23,3
DA:30,3
DA:39,3
LF:6
LH:6
BRDA:27,0,0,1
BRDA:27,0,1,2
BRDA:27,1,0,3
BRDA:27,1,1,3
BRF:4
BRH:4
end_of_record
TN:
SF:packages/roosterjs/lib/index.ts
FN:1,(anonymous_0)
FNF:1
FNH:1
FNDA:3,(anonymous_0)
DA:1,4
DA:2,1
DA:3,1
DA:4,1
DA:5,1
DA:6,1
DA:7,1
LF:7
LH:7
BRF:0
BRH:0
end_of_record
